[2024-05-22 12:54:35] local.ERROR: syntax error, unexpected token ":", expecting "]" {"exception":"[object] (ParseError(code: 0): syntax error, unexpected token \":\", expecting \"]\" at C:\\Users\\Dell\\Desktop\\152 Project\\SeniorLink\\app\\Http\\Controllers\\LoginController.php:37)
[stacktrace]
#0 C:\\Users\\Dell\\Desktop\\152 Project\\SeniorLink\\vendor\\composer\\ClassLoader.php(427): Composer\\Autoload\\{closure}('C:\\\\Users\\\\Dell\\\\D...')
#1 [internal function]: Composer\\Autoload\\ClassLoader->loadClass('App\\\\Http\\\\Contro...')
#2 C:\\Users\\Dell\\Desktop\\152 Project\\SeniorLink\\vendor\\illuminate\\container\\Container.php(912): ReflectionClass->__construct('App\\\\Http\\\\Contro...')
#3 C:\\Users\\Dell\\Desktop\\152 Project\\SeniorLink\\vendor\\illuminate\\container\\Container.php(795): Illuminate\\Container\\Container->build('App\\\\Http\\\\Contro...')
#4 C:\\Users\\Dell\\Desktop\\152 Project\\SeniorLink\\vendor\\illuminate\\container\\Container.php(731): Illuminate\\Container\\Container->resolve('App\\\\Http\\\\Contro...', Array)
#5 C:\\Users\\Dell\\Desktop\\152 Project\\SeniorLink\\vendor\\laravel\\lumen-framework\\src\\Application.php(327): Illuminate\\Container\\Container->make('App\\\\Http\\\\Contro...', Array)
#6 C:\\Users\\Dell\\Desktop\\152 Project\\SeniorLink\\vendor\\laravel\\lumen-framework\\src\\Concerns\\RoutesRequests.php(326): Laravel\\Lumen\\Application->make('App\\\\Http\\\\Contro...')
#7 C:\\Users\\Dell\\Desktop\\152 Project\\SeniorLink\\vendor\\laravel\\lumen-framework\\src\\Concerns\\RoutesRequests.php(284): Laravel\\Lumen\\Application->callControllerAction(Array)
#8 C:\\Users\\Dell\\Desktop\\152 Project\\SeniorLink\\vendor\\laravel\\lumen-framework\\src\\Concerns\\RoutesRequests.php(269): Laravel\\Lumen\\Application->callActionOnArrayBasedRoute(Array)
#9 C:\\Users\\Dell\\Desktop\\152 Project\\SeniorLink\\vendor\\laravel\\lumen-framework\\src\\Concerns\\RoutesRequests.php(171): Laravel\\Lumen\\Application->handleFoundRoute(Array)
#10 C:\\Users\\Dell\\Desktop\\152 Project\\SeniorLink\\vendor\\laravel\\lumen-framework\\src\\Concerns\\RoutesRequests.php(431): Laravel\\Lumen\\Application->Laravel\\Lumen\\Concerns\\{closure}(Object(Laravel\\Lumen\\Http\\Request))
#11 C:\\Users\\Dell\\Desktop\\152 Project\\SeniorLink\\vendor\\laravel\\lumen-framework\\src\\Concerns\\RoutesRequests.php(167): Laravel\\Lumen\\Application->sendThroughPipeline(Array, Object(Closure))
#12 C:\\Users\\Dell\\Desktop\\152 Project\\SeniorLink\\vendor\\laravel\\lumen-framework\\src\\Concerns\\RoutesRequests.php(112): Laravel\\Lumen\\Application->dispatch(NULL)
#13 C:\\Users\\Dell\\Desktop\\152 Project\\SeniorLink\\public\\index.php(28): Laravel\\Lumen\\Application->run()
#14 {main}
"} 
[2024-05-22 12:55:39] local.ERROR: SQLSTATE[HY000] [1045] Access denied for user 'senior_link_admin'@'localhost' (using password: YES) (Connection: mysql, SQL: SELECT senior.id, senior.osca_id, senior.fname, senior.mname, senior.lname, barangay.name as barangay_name, town.name as town_name, senior.birthdate, senior.contact_number, senior.username, senior.profile_image, senior.qr_image FROM senior LEFT JOIN barangay 
                                ON senior.barangay_id = barangay.id 
                                LEFT JOIN town 
                                ON barangay.town_id = town.id) {"exception":"[object] (Illuminate\\Database\\QueryException(code: 1045): SQLSTATE[HY000] [1045] Access denied for user 'senior_link_admin'@'localhost' (using password: YES) (Connection: mysql, SQL: SELECT senior.id, senior.osca_id, senior.fname, senior.mname, senior.lname, barangay.name as barangay_name, town.name as town_name, senior.birthdate, senior.contact_number, senior.username, senior.profile_image, senior.qr_image FROM senior LEFT JOIN barangay 

                                ON senior.barangay_id = barangay.id 

                                LEFT JOIN town 

                                ON barangay.town_id = town.id) at C:\\Users\\Dell\\Desktop\\152 Project\\SeniorLink\\vendor\\illuminate\\database\\Connection.php:829)
[stacktrace]
#0 C:\\Users\\Dell\\Desktop\\152 Project\\SeniorLink\\vendor\\illuminate\\database\\Connection.php(783): Illuminate\\Database\\Connection->runQueryCallback('SELECT senior.i...', Array, Object(Closure))
#1 C:\\Users\\Dell\\Desktop\\152 Project\\SeniorLink\\vendor\\illuminate\\database\\Connection.php(414): Illuminate\\Database\\Connection->run('SELECT senior.i...', Array, Object(Closure))
#2 C:\\Users\\Dell\\Desktop\\152 Project\\SeniorLink\\vendor\\illuminate\\database\\DatabaseManager.php(509): Illuminate\\Database\\Connection->select('SELECT senior.i...', Array)
#3 C:\\Users\\Dell\\Desktop\\152 Project\\SeniorLink\\vendor\\illuminate\\support\\Facades\\Facade.php(355): Illuminate\\Database\\DatabaseManager->__call('select', Array)
#4 C:\\Users\\Dell\\Desktop\\152 Project\\SeniorLink\\app\\Http\\Controllers\\BaseController.php(32): Illuminate\\Support\\Facades\\Facade::__callStatic('select', Array)
#5 C:\\Users\\Dell\\Desktop\\152 Project\\SeniorLink\\app\\Http\\Controllers\\SuperAdminController.php(89): App\\Http\\Controllers\\BaseController->generateReadResponse('senior.id, seni...', 'LEFT JOIN baran...', 'senior')
#6 C:\\Users\\Dell\\Desktop\\152 Project\\SeniorLink\\vendor\\illuminate\\container\\BoundMethod.php(36): App\\Http\\Controllers\\SuperAdminController->read('senior')
#7 C:\\Users\\Dell\\Desktop\\152 Project\\SeniorLink\\vendor\\illuminate\\container\\Util.php(41): Illuminate\\Container\\BoundMethod::Illuminate\\Container\\{closure}()
#8 C:\\Users\\Dell\\Desktop\\152 Project\\SeniorLink\\vendor\\illuminate\\container\\BoundMethod.php(93): Illuminate\\Container\\Util::unwrapIfClosure(Object(Closure))
#9 C:\\Users\\Dell\\Desktop\\152 Project\\SeniorLink\\vendor\\illuminate\\container\\BoundMethod.php(35): Illuminate\\Container\\BoundMethod::callBoundMethod(Object(Laravel\\Lumen\\Application), Array, Object(Closure))
#10 C:\\Users\\Dell\\Desktop\\152 Project\\SeniorLink\\vendor\\illuminate\\container\\Container.php(662): Illuminate\\Container\\BoundMethod::call(Object(Laravel\\Lumen\\Application), Array, Array, NULL)
#11 C:\\Users\\Dell\\Desktop\\152 Project\\SeniorLink\\vendor\\laravel\\lumen-framework\\src\\Concerns\\RoutesRequests.php(391): Illuminate\\Container\\Container->call(Array, Array)
#12 C:\\Users\\Dell\\Desktop\\152 Project\\SeniorLink\\vendor\\laravel\\lumen-framework\\src\\Concerns\\RoutesRequests.php(333): Laravel\\Lumen\\Application->callControllerCallable(Array, Array)
#13 C:\\Users\\Dell\\Desktop\\152 Project\\SeniorLink\\vendor\\laravel\\lumen-framework\\src\\Concerns\\RoutesRequests.php(284): Laravel\\Lumen\\Application->callControllerAction(Array)
#14 C:\\Users\\Dell\\Desktop\\152 Project\\SeniorLink\\vendor\\laravel\\lumen-framework\\src\\Concerns\\RoutesRequests.php(269): Laravel\\Lumen\\Application->callActionOnArrayBasedRoute(Array)
#15 C:\\Users\\Dell\\Desktop\\152 Project\\SeniorLink\\vendor\\laravel\\lumen-framework\\src\\Concerns\\RoutesRequests.php(239): Laravel\\Lumen\\Application->handleFoundRoute(Array)
#16 C:\\Users\\Dell\\Desktop\\152 Project\\SeniorLink\\vendor\\laravel\\lumen-framework\\src\\Concerns\\RoutesRequests.php(174): Laravel\\Lumen\\Application->handleDispatcherResponse(Array)
#17 C:\\Users\\Dell\\Desktop\\152 Project\\SeniorLink\\vendor\\laravel\\lumen-framework\\src\\Concerns\\RoutesRequests.php(431): Laravel\\Lumen\\Application->Laravel\\Lumen\\Concerns\\{closure}(Object(Laravel\\Lumen\\Http\\Request))
#18 C:\\Users\\Dell\\Desktop\\152 Project\\SeniorLink\\vendor\\laravel\\lumen-framework\\src\\Concerns\\RoutesRequests.php(167): Laravel\\Lumen\\Application->sendThroughPipeline(Array, Object(Closure))
#19 C:\\Users\\Dell\\Desktop\\152 Project\\SeniorLink\\vendor\\laravel\\lumen-framework\\src\\Concerns\\RoutesRequests.php(112): Laravel\\Lumen\\Application->dispatch(NULL)
#20 C:\\Users\\Dell\\Desktop\\152 Project\\SeniorLink\\public\\index.php(28): Laravel\\Lumen\\Application->run()
#21 {main}

[previous exception] [object] (PDOException(code: 1045): SQLSTATE[HY000] [1045] Access denied for user 'senior_link_admin'@'localhost' (using password: YES) at C:\\Users\\Dell\\Desktop\\152 Project\\SeniorLink\\vendor\\illuminate\\database\\Connectors\\Connector.php:65)
[stacktrace]
#0 C:\\Users\\Dell\\Desktop\\152 Project\\SeniorLink\\vendor\\illuminate\\database\\Connectors\\Connector.php(65): PDO->__construct('mysql:host=127....', 'senior_link_adm...', Object(SensitiveParameterValue), Array)
#1 C:\\Users\\Dell\\Desktop\\152 Project\\SeniorLink\\vendor\\illuminate\\database\\Connectors\\Connector.php(44): Illuminate\\Database\\Connectors\\Connector->createPdoConnection('mysql:host=127....', 'senior_link_adm...', 'Senior1234*', Array)
#2 C:\\Users\\Dell\\Desktop\\152 Project\\SeniorLink\\vendor\\illuminate\\database\\Connectors\\MySqlConnector.php(24): Illuminate\\Database\\Connectors\\Connector->createConnection('mysql:host=127....', Array, Array)
#3 C:\\Users\\Dell\\Desktop\\152 Project\\SeniorLink\\vendor\\illuminate\\database\\Connectors\\ConnectionFactory.php(184): Illuminate\\Database\\Connectors\\MySqlConnector->connect(Array)
#4 [internal function]: Illuminate\\Database\\Connectors\\ConnectionFactory->Illuminate\\Database\\Connectors\\{closure}()
#5 C:\\Users\\Dell\\Desktop\\152 Project\\SeniorLink\\vendor\\illuminate\\database\\Connection.php(1339): call_user_func(Object(Closure))
#6 C:\\Users\\Dell\\Desktop\\152 Project\\SeniorLink\\vendor\\illuminate\\database\\Connection.php(1375): Illuminate\\Database\\Connection->getPdo()
#7 C:\\Users\\Dell\\Desktop\\152 Project\\SeniorLink\\vendor\\illuminate\\database\\Connection.php(528): Illuminate\\Database\\Connection->getReadPdo()
#8 C:\\Users\\Dell\\Desktop\\152 Project\\SeniorLink\\vendor\\illuminate\\database\\Connection.php(423): Illuminate\\Database\\Connection->getPdoForSelect(true)
#9 C:\\Users\\Dell\\Desktop\\152 Project\\SeniorLink\\vendor\\illuminate\\database\\Connection.php(816): Illuminate\\Database\\Connection->Illuminate\\Database\\{closure}('SELECT senior.i...', Array)
#10 C:\\Users\\Dell\\Desktop\\152 Project\\SeniorLink\\vendor\\illuminate\\database\\Connection.php(783): Illuminate\\Database\\Connection->runQueryCallback('SELECT senior.i...', Array, Object(Closure))
#11 C:\\Users\\Dell\\Desktop\\152 Project\\SeniorLink\\vendor\\illuminate\\database\\Connection.php(414): Illuminate\\Database\\Connection->run('SELECT senior.i...', Array, Object(Closure))
#12 C:\\Users\\Dell\\Desktop\\152 Project\\SeniorLink\\vendor\\illuminate\\database\\DatabaseManager.php(509): Illuminate\\Database\\Connection->select('SELECT senior.i...', Array)
#13 C:\\Users\\Dell\\Desktop\\152 Project\\SeniorLink\\vendor\\illuminate\\support\\Facades\\Facade.php(355): Illuminate\\Database\\DatabaseManager->__call('select', Array)
#14 C:\\Users\\Dell\\Desktop\\152 Project\\SeniorLink\\app\\Http\\Controllers\\BaseController.php(32): Illuminate\\Support\\Facades\\Facade::__callStatic('select', Array)
#15 C:\\Users\\Dell\\Desktop\\152 Project\\SeniorLink\\app\\Http\\Controllers\\SuperAdminController.php(89): App\\Http\\Controllers\\BaseController->generateReadResponse('senior.id, seni...', 'LEFT JOIN baran...', 'senior')
#16 C:\\Users\\Dell\\Desktop\\152 Project\\SeniorLink\\vendor\\illuminate\\container\\BoundMethod.php(36): App\\Http\\Controllers\\SuperAdminController->read('senior')
#17 C:\\Users\\Dell\\Desktop\\152 Project\\SeniorLink\\vendor\\illuminate\\container\\Util.php(41): Illuminate\\Container\\BoundMethod::Illuminate\\Container\\{closure}()
#18 C:\\Users\\Dell\\Desktop\\152 Project\\SeniorLink\\vendor\\illuminate\\container\\BoundMethod.php(93): Illuminate\\Container\\Util::unwrapIfClosure(Object(Closure))
#19 C:\\Users\\Dell\\Desktop\\152 Project\\SeniorLink\\vendor\\illuminate\\container\\BoundMethod.php(35): Illuminate\\Container\\BoundMethod::callBoundMethod(Object(Laravel\\Lumen\\Application), Array, Object(Closure))
#20 C:\\Users\\Dell\\Desktop\\152 Project\\SeniorLink\\vendor\\illuminate\\container\\Container.php(662): Illuminate\\Container\\BoundMethod::call(Object(Laravel\\Lumen\\Application), Array, Array, NULL)
#21 C:\\Users\\Dell\\Desktop\\152 Project\\SeniorLink\\vendor\\laravel\\lumen-framework\\src\\Concerns\\RoutesRequests.php(391): Illuminate\\Container\\Container->call(Array, Array)
#22 C:\\Users\\Dell\\Desktop\\152 Project\\SeniorLink\\vendor\\laravel\\lumen-framework\\src\\Concerns\\RoutesRequests.php(333): Laravel\\Lumen\\Application->callControllerCallable(Array, Array)
#23 C:\\Users\\Dell\\Desktop\\152 Project\\SeniorLink\\vendor\\laravel\\lumen-framework\\src\\Concerns\\RoutesRequests.php(284): Laravel\\Lumen\\Application->callControllerAction(Array)
#24 C:\\Users\\Dell\\Desktop\\152 Project\\SeniorLink\\vendor\\laravel\\lumen-framework\\src\\Concerns\\RoutesRequests.php(269): Laravel\\Lumen\\Application->callActionOnArrayBasedRoute(Array)
#25 C:\\Users\\Dell\\Desktop\\152 Project\\SeniorLink\\vendor\\laravel\\lumen-framework\\src\\Concerns\\RoutesRequests.php(239): Laravel\\Lumen\\Application->handleFoundRoute(Array)
#26 C:\\Users\\Dell\\Desktop\\152 Project\\SeniorLink\\vendor\\laravel\\lumen-framework\\src\\Concerns\\RoutesRequests.php(174): Laravel\\Lumen\\Application->handleDispatcherResponse(Array)
#27 C:\\Users\\Dell\\Desktop\\152 Project\\SeniorLink\\vendor\\laravel\\lumen-framework\\src\\Concerns\\RoutesRequests.php(431): Laravel\\Lumen\\Application->Laravel\\Lumen\\Concerns\\{closure}(Object(Laravel\\Lumen\\Http\\Request))
#28 C:\\Users\\Dell\\Desktop\\152 Project\\SeniorLink\\vendor\\laravel\\lumen-framework\\src\\Concerns\\RoutesRequests.php(167): Laravel\\Lumen\\Application->sendThroughPipeline(Array, Object(Closure))
#29 C:\\Users\\Dell\\Desktop\\152 Project\\SeniorLink\\vendor\\laravel\\lumen-framework\\src\\Concerns\\RoutesRequests.php(112): Laravel\\Lumen\\Application->dispatch(NULL)
#30 C:\\Users\\Dell\\Desktop\\152 Project\\SeniorLink\\public\\index.php(28): Laravel\\Lumen\\Application->run()
#31 {main}
"} 
[2024-05-22 12:59:19] local.ERROR: SQLSTATE[HY000] [1049] Unknown database 'senior_link' (Connection: mysql, SQL: select table_name as `name`, (data_length + index_length) as `size`, table_comment as `comment`, engine as `engine`, table_collation as `collation` from information_schema.tables where table_schema = 'senior_link' and table_type in ('BASE TABLE', 'SYSTEM VERSIONED') order by table_name) {"exception":"[object] (Illuminate\\Database\\QueryException(code: 1049): SQLSTATE[HY000] [1049] Unknown database 'senior_link' (Connection: mysql, SQL: select table_name as `name`, (data_length + index_length) as `size`, table_comment as `comment`, engine as `engine`, table_collation as `collation` from information_schema.tables where table_schema = 'senior_link' and table_type in ('BASE TABLE', 'SYSTEM VERSIONED') order by table_name) at C:\\Users\\Dell\\Desktop\\152 Project\\SeniorLink\\vendor\\illuminate\\database\\Connection.php:829)
[stacktrace]
#0 C:\\Users\\Dell\\Desktop\\152 Project\\SeniorLink\\vendor\\illuminate\\database\\Connection.php(783): Illuminate\\Database\\Connection->runQueryCallback('select table_na...', Array, Object(Closure))
#1 C:\\Users\\Dell\\Desktop\\152 Project\\SeniorLink\\vendor\\illuminate\\database\\Connection.php(414): Illuminate\\Database\\Connection->run('select table_na...', Array, Object(Closure))
#2 C:\\Users\\Dell\\Desktop\\152 Project\\SeniorLink\\vendor\\illuminate\\database\\Connection.php(401): Illuminate\\Database\\Connection->select('select table_na...', Array, false)
#3 C:\\Users\\Dell\\Desktop\\152 Project\\SeniorLink\\vendor\\illuminate\\database\\Schema\\MySqlBuilder.php(41): Illuminate\\Database\\Connection->selectFromWriteConnection('select table_na...')
#4 C:\\Users\\Dell\\Desktop\\152 Project\\SeniorLink\\vendor\\illuminate\\database\\Schema\\MySqlBuilder.php(147): Illuminate\\Database\\Schema\\MySqlBuilder->getTables()
#5 C:\\Users\\Dell\\Desktop\\152 Project\\SeniorLink\\vendor\\illuminate\\database\\Console\\WipeCommand.php(71): Illuminate\\Database\\Schema\\MySqlBuilder->dropAllTables()
#6 C:\\Users\\Dell\\Desktop\\152 Project\\SeniorLink\\vendor\\illuminate\\database\\Console\\WipeCommand.php(48): Illuminate\\Database\\Console\\WipeCommand->dropAllTables(NULL)
#7 C:\\Users\\Dell\\Desktop\\152 Project\\SeniorLink\\vendor\\illuminate\\container\\BoundMethod.php(36): Illuminate\\Database\\Console\\WipeCommand->handle()
#8 C:\\Users\\Dell\\Desktop\\152 Project\\SeniorLink\\vendor\\illuminate\\container\\Util.php(41): Illuminate\\Container\\BoundMethod::Illuminate\\Container\\{closure}()
#9 C:\\Users\\Dell\\Desktop\\152 Project\\SeniorLink\\vendor\\illuminate\\container\\BoundMethod.php(93): Illuminate\\Container\\Util::unwrapIfClosure(Object(Closure))
#10 C:\\Users\\Dell\\Desktop\\152 Project\\SeniorLink\\vendor\\illuminate\\container\\BoundMethod.php(35): Illuminate\\Container\\BoundMethod::callBoundMethod(Object(Laravel\\Lumen\\Application), Array, Object(Closure))
#11 C:\\Users\\Dell\\Desktop\\152 Project\\SeniorLink\\vendor\\illuminate\\container\\Container.php(662): Illuminate\\Container\\BoundMethod::call(Object(Laravel\\Lumen\\Application), Array, Array, NULL)
#12 C:\\Users\\Dell\\Desktop\\152 Project\\SeniorLink\\vendor\\illuminate\\console\\Command.php(211): Illuminate\\Container\\Container->call(Array)
#13 C:\\Users\\Dell\\Desktop\\152 Project\\SeniorLink\\vendor\\symfony\\console\\Command\\Command.php(326): Illuminate\\Console\\Command->execute(Object(Symfony\\Component\\Console\\Input\\ArrayInput), Object(Illuminate\\Console\\OutputStyle))
#14 C:\\Users\\Dell\\Desktop\\152 Project\\SeniorLink\\vendor\\illuminate\\console\\Command.php(180): Symfony\\Component\\Console\\Command\\Command->run(Object(Symfony\\Component\\Console\\Input\\ArrayInput), Object(Illuminate\\Console\\OutputStyle))
#15 C:\\Users\\Dell\\Desktop\\152 Project\\SeniorLink\\vendor\\illuminate\\console\\Concerns\\CallsCommands.php(67): Illuminate\\Console\\Command->run(Object(Symfony\\Component\\Console\\Input\\ArrayInput), Object(Symfony\\Component\\Console\\Output\\NullOutput))
#16 C:\\Users\\Dell\\Desktop\\152 Project\\SeniorLink\\vendor\\illuminate\\console\\Concerns\\CallsCommands.php(40): Illuminate\\Console\\Command->runCommand('db:wipe', Array, Object(Symfony\\Component\\Console\\Output\\NullOutput))
#17 C:\\Users\\Dell\\Desktop\\152 Project\\SeniorLink\\vendor\\illuminate\\database\\Console\\Migrations\\FreshCommand.php(44): Illuminate\\Console\\Command->callSilent('db:wipe', Array)
#18 C:\\Users\\Dell\\Desktop\\152 Project\\SeniorLink\\vendor\\illuminate\\console\\View\\Components\\Task.php(37): Illuminate\\Database\\Console\\Migrations\\FreshCommand->Illuminate\\Database\\Console\\Migrations\\{closure}()
#19 C:\\Users\\Dell\\Desktop\\152 Project\\SeniorLink\\vendor\\illuminate\\console\\View\\Components\\Factory.php(58): Illuminate\\Console\\View\\Components\\Task->render('Dropping all ta...', Object(Closure))
#20 C:\\Users\\Dell\\Desktop\\152 Project\\SeniorLink\\vendor\\illuminate\\database\\Console\\Migrations\\FreshCommand.php(44): Illuminate\\Console\\View\\Components\\Factory->__call('task', Array)
#21 C:\\Users\\Dell\\Desktop\\152 Project\\SeniorLink\\vendor\\illuminate\\container\\BoundMethod.php(36): Illuminate\\Database\\Console\\Migrations\\FreshCommand->handle()
#22 C:\\Users\\Dell\\Desktop\\152 Project\\SeniorLink\\vendor\\illuminate\\container\\Util.php(41): Illuminate\\Container\\BoundMethod::Illuminate\\Container\\{closure}()
#23 C:\\Users\\Dell\\Desktop\\152 Project\\SeniorLink\\vendor\\illuminate\\container\\BoundMethod.php(93): Illuminate\\Container\\Util::unwrapIfClosure(Object(Closure))
#24 C:\\Users\\Dell\\Desktop\\152 Project\\SeniorLink\\vendor\\illuminate\\container\\BoundMethod.php(35): Illuminate\\Container\\BoundMethod::callBoundMethod(Object(Laravel\\Lumen\\Application), Array, Object(Closure))
#25 C:\\Users\\Dell\\Desktop\\152 Project\\SeniorLink\\vendor\\illuminate\\container\\Container.php(662): Illuminate\\Container\\BoundMethod::call(Object(Laravel\\Lumen\\Application), Array, Array, NULL)
#26 C:\\Users\\Dell\\Desktop\\152 Project\\SeniorLink\\vendor\\illuminate\\console\\Command.php(211): Illuminate\\Container\\Container->call(Array)
#27 C:\\Users\\Dell\\Desktop\\152 Project\\SeniorLink\\vendor\\symfony\\console\\Command\\Command.php(326): Illuminate\\Console\\Command->execute(Object(Symfony\\Component\\Console\\Input\\ArgvInput), Object(Illuminate\\Console\\OutputStyle))
#28 C:\\Users\\Dell\\Desktop\\152 Project\\SeniorLink\\vendor\\illuminate\\console\\Command.php(180): Symfony\\Component\\Console\\Command\\Command->run(Object(Symfony\\Component\\Console\\Input\\ArgvInput), Object(Illuminate\\Console\\OutputStyle))
#29 C:\\Users\\Dell\\Desktop\\152 Project\\SeniorLink\\vendor\\symfony\\console\\Application.php(1078): Illuminate\\Console\\Command->run(Object(Symfony\\Component\\Console\\Input\\ArgvInput), Object(Symfony\\Component\\Console\\Output\\ConsoleOutput))
#30 C:\\Users\\Dell\\Desktop\\152 Project\\SeniorLink\\vendor\\symfony\\console\\Application.php(324): Symfony\\Component\\Console\\Application->doRunCommand(Object(Illuminate\\Database\\Console\\Migrations\\FreshCommand), Object(Symfony\\Component\\Console\\Input\\ArgvInput), Object(Symfony\\Component\\Console\\Output\\ConsoleOutput))
#31 C:\\Users\\Dell\\Desktop\\152 Project\\SeniorLink\\vendor\\symfony\\console\\Application.php(175): Symfony\\Component\\Console\\Application->doRun(Object(Symfony\\Component\\Console\\Input\\ArgvInput), Object(Symfony\\Component\\Console\\Output\\ConsoleOutput))
#32 C:\\Users\\Dell\\Desktop\\152 Project\\SeniorLink\\vendor\\laravel\\lumen-framework\\src\\Console\\Kernel.php(160): Symfony\\Component\\Console\\Application->run(Object(Symfony\\Component\\Console\\Input\\ArgvInput), Object(Symfony\\Component\\Console\\Output\\ConsoleOutput))
#33 C:\\Users\\Dell\\Desktop\\152 Project\\SeniorLink\\artisan(35): Laravel\\Lumen\\Console\\Kernel->handle(Object(Symfony\\Component\\Console\\Input\\ArgvInput), Object(Symfony\\Component\\Console\\Output\\ConsoleOutput))
#34 {main}

[previous exception] [object] (PDOException(code: 1049): SQLSTATE[HY000] [1049] Unknown database 'senior_link' at C:\\Users\\Dell\\Desktop\\152 Project\\SeniorLink\\vendor\\illuminate\\database\\Connectors\\Connector.php:65)
[stacktrace]
#0 C:\\Users\\Dell\\Desktop\\152 Project\\SeniorLink\\vendor\\illuminate\\database\\Connectors\\Connector.php(65): PDO->__construct('mysql:host=127....', 'senior_link_adm...', Object(SensitiveParameterValue), Array)
#1 C:\\Users\\Dell\\Desktop\\152 Project\\SeniorLink\\vendor\\illuminate\\database\\Connectors\\Connector.php(44): Illuminate\\Database\\Connectors\\Connector->createPdoConnection('mysql:host=127....', 'senior_link_adm...', 'Senior1234*', Array)
#2 C:\\Users\\Dell\\Desktop\\152 Project\\SeniorLink\\vendor\\illuminate\\database\\Connectors\\MySqlConnector.php(24): Illuminate\\Database\\Connectors\\Connector->createConnection('mysql:host=127....', Array, Array)
#3 C:\\Users\\Dell\\Desktop\\152 Project\\SeniorLink\\vendor\\illuminate\\database\\Connectors\\ConnectionFactory.php(184): Illuminate\\Database\\Connectors\\MySqlConnector->connect(Array)
#4 [internal function]: Illuminate\\Database\\Connectors\\ConnectionFactory->Illuminate\\Database\\Connectors\\{closure}()
#5 C:\\Users\\Dell\\Desktop\\152 Project\\SeniorLink\\vendor\\illuminate\\database\\Connection.php(1339): call_user_func(Object(Closure))
#6 C:\\Users\\Dell\\Desktop\\152 Project\\SeniorLink\\vendor\\illuminate\\database\\Connection.php(528): Illuminate\\Database\\Connection->getPdo()
#7 C:\\Users\\Dell\\Desktop\\152 Project\\SeniorLink\\vendor\\illuminate\\database\\Connection.php(423): Illuminate\\Database\\Connection->getPdoForSelect(false)
#8 C:\\Users\\Dell\\Desktop\\152 Project\\SeniorLink\\vendor\\illuminate\\database\\Connection.php(816): Illuminate\\Database\\Connection->Illuminate\\Database\\{closure}('select table_na...', Array)
#9 C:\\Users\\Dell\\Desktop\\152 Project\\SeniorLink\\vendor\\illuminate\\database\\Connection.php(783): Illuminate\\Database\\Connection->runQueryCallback('select table_na...', Array, Object(Closure))
#10 C:\\Users\\Dell\\Desktop\\152 Project\\SeniorLink\\vendor\\illuminate\\database\\Connection.php(414): Illuminate\\Database\\Connection->run('select table_na...', Array, Object(Closure))
#11 C:\\Users\\Dell\\Desktop\\152 Project\\SeniorLink\\vendor\\illuminate\\database\\Connection.php(401): Illuminate\\Database\\Connection->select('select table_na...', Array, false)
#12 C:\\Users\\Dell\\Desktop\\152 Project\\SeniorLink\\vendor\\illuminate\\database\\Schema\\MySqlBuilder.php(41): Illuminate\\Database\\Connection->selectFromWriteConnection('select table_na...')
#13 C:\\Users\\Dell\\Desktop\\152 Project\\SeniorLink\\vendor\\illuminate\\database\\Schema\\MySqlBuilder.php(147): Illuminate\\Database\\Schema\\MySqlBuilder->getTables()
#14 C:\\Users\\Dell\\Desktop\\152 Project\\SeniorLink\\vendor\\illuminate\\database\\Console\\WipeCommand.php(71): Illuminate\\Database\\Schema\\MySqlBuilder->dropAllTables()
#15 C:\\Users\\Dell\\Desktop\\152 Project\\SeniorLink\\vendor\\illuminate\\database\\Console\\WipeCommand.php(48): Illuminate\\Database\\Console\\WipeCommand->dropAllTables(NULL)
#16 C:\\Users\\Dell\\Desktop\\152 Project\\SeniorLink\\vendor\\illuminate\\container\\BoundMethod.php(36): Illuminate\\Database\\Console\\WipeCommand->handle()
#17 C:\\Users\\Dell\\Desktop\\152 Project\\SeniorLink\\vendor\\illuminate\\container\\Util.php(41): Illuminate\\Container\\BoundMethod::Illuminate\\Container\\{closure}()
#18 C:\\Users\\Dell\\Desktop\\152 Project\\SeniorLink\\vendor\\illuminate\\container\\BoundMethod.php(93): Illuminate\\Container\\Util::unwrapIfClosure(Object(Closure))
#19 C:\\Users\\Dell\\Desktop\\152 Project\\SeniorLink\\vendor\\illuminate\\container\\BoundMethod.php(35): Illuminate\\Container\\BoundMethod::callBoundMethod(Object(Laravel\\Lumen\\Application), Array, Object(Closure))
#20 C:\\Users\\Dell\\Desktop\\152 Project\\SeniorLink\\vendor\\illuminate\\container\\Container.php(662): Illuminate\\Container\\BoundMethod::call(Object(Laravel\\Lumen\\Application), Array, Array, NULL)
#21 C:\\Users\\Dell\\Desktop\\152 Project\\SeniorLink\\vendor\\illuminate\\console\\Command.php(211): Illuminate\\Container\\Container->call(Array)
#22 C:\\Users\\Dell\\Desktop\\152 Project\\SeniorLink\\vendor\\symfony\\console\\Command\\Command.php(326): Illuminate\\Console\\Command->execute(Object(Symfony\\Component\\Console\\Input\\ArrayInput), Object(Illuminate\\Console\\OutputStyle))
#23 C:\\Users\\Dell\\Desktop\\152 Project\\SeniorLink\\vendor\\illuminate\\console\\Command.php(180): Symfony\\Component\\Console\\Command\\Command->run(Object(Symfony\\Component\\Console\\Input\\ArrayInput), Object(Illuminate\\Console\\OutputStyle))
#24 C:\\Users\\Dell\\Desktop\\152 Project\\SeniorLink\\vendor\\illuminate\\console\\Concerns\\CallsCommands.php(67): Illuminate\\Console\\Command->run(Object(Symfony\\Component\\Console\\Input\\ArrayInput), Object(Symfony\\Component\\Console\\Output\\NullOutput))
#25 C:\\Users\\Dell\\Desktop\\152 Project\\SeniorLink\\vendor\\illuminate\\console\\Concerns\\CallsCommands.php(40): Illuminate\\Console\\Command->runCommand('db:wipe', Array, Object(Symfony\\Component\\Console\\Output\\NullOutput))
#26 C:\\Users\\Dell\\Desktop\\152 Project\\SeniorLink\\vendor\\illuminate\\database\\Console\\Migrations\\FreshCommand.php(44): Illuminate\\Console\\Command->callSilent('db:wipe', Array)
#27 C:\\Users\\Dell\\Desktop\\152 Project\\SeniorLink\\vendor\\illuminate\\console\\View\\Components\\Task.php(37): Illuminate\\Database\\Console\\Migrations\\FreshCommand->Illuminate\\Database\\Console\\Migrations\\{closure}()
#28 C:\\Users\\Dell\\Desktop\\152 Project\\SeniorLink\\vendor\\illuminate\\console\\View\\Components\\Factory.php(58): Illuminate\\Console\\View\\Components\\Task->render('Dropping all ta...', Object(Closure))
#29 C:\\Users\\Dell\\Desktop\\152 Project\\SeniorLink\\vendor\\illuminate\\database\\Console\\Migrations\\FreshCommand.php(44): Illuminate\\Console\\View\\Components\\Factory->__call('task', Array)
#30 C:\\Users\\Dell\\Desktop\\152 Project\\SeniorLink\\vendor\\illuminate\\container\\BoundMethod.php(36): Illuminate\\Database\\Console\\Migrations\\FreshCommand->handle()
#31 C:\\Users\\Dell\\Desktop\\152 Project\\SeniorLink\\vendor\\illuminate\\container\\Util.php(41): Illuminate\\Container\\BoundMethod::Illuminate\\Container\\{closure}()
#32 C:\\Users\\Dell\\Desktop\\152 Project\\SeniorLink\\vendor\\illuminate\\container\\BoundMethod.php(93): Illuminate\\Container\\Util::unwrapIfClosure(Object(Closure))
#33 C:\\Users\\Dell\\Desktop\\152 Project\\SeniorLink\\vendor\\illuminate\\container\\BoundMethod.php(35): Illuminate\\Container\\BoundMethod::callBoundMethod(Object(Laravel\\Lumen\\Application), Array, Object(Closure))
#34 C:\\Users\\Dell\\Desktop\\152 Project\\SeniorLink\\vendor\\illuminate\\container\\Container.php(662): Illuminate\\Container\\BoundMethod::call(Object(Laravel\\Lumen\\Application), Array, Array, NULL)
#35 C:\\Users\\Dell\\Desktop\\152 Project\\SeniorLink\\vendor\\illuminate\\console\\Command.php(211): Illuminate\\Container\\Container->call(Array)
#36 C:\\Users\\Dell\\Desktop\\152 Project\\SeniorLink\\vendor\\symfony\\console\\Command\\Command.php(326): Illuminate\\Console\\Command->execute(Object(Symfony\\Component\\Console\\Input\\ArgvInput), Object(Illuminate\\Console\\OutputStyle))
#37 C:\\Users\\Dell\\Desktop\\152 Project\\SeniorLink\\vendor\\illuminate\\console\\Command.php(180): Symfony\\Component\\Console\\Command\\Command->run(Object(Symfony\\Component\\Console\\Input\\ArgvInput), Object(Illuminate\\Console\\OutputStyle))
#38 C:\\Users\\Dell\\Desktop\\152 Project\\SeniorLink\\vendor\\symfony\\console\\Application.php(1078): Illuminate\\Console\\Command->run(Object(Symfony\\Component\\Console\\Input\\ArgvInput), Object(Symfony\\Component\\Console\\Output\\ConsoleOutput))
#39 C:\\Users\\Dell\\Desktop\\152 Project\\SeniorLink\\vendor\\symfony\\console\\Application.php(324): Symfony\\Component\\Console\\Application->doRunCommand(Object(Illuminate\\Database\\Console\\Migrations\\FreshCommand), Object(Symfony\\Component\\Console\\Input\\ArgvInput), Object(Symfony\\Component\\Console\\Output\\ConsoleOutput))
#40 C:\\Users\\Dell\\Desktop\\152 Project\\SeniorLink\\vendor\\symfony\\console\\Application.php(175): Symfony\\Component\\Console\\Application->doRun(Object(Symfony\\Component\\Console\\Input\\ArgvInput), Object(Symfony\\Component\\Console\\Output\\ConsoleOutput))
#41 C:\\Users\\Dell\\Desktop\\152 Project\\SeniorLink\\vendor\\laravel\\lumen-framework\\src\\Console\\Kernel.php(160): Symfony\\Component\\Console\\Application->run(Object(Symfony\\Component\\Console\\Input\\ArgvInput), Object(Symfony\\Component\\Console\\Output\\ConsoleOutput))
#42 C:\\Users\\Dell\\Desktop\\152 Project\\SeniorLink\\artisan(35): Laravel\\Lumen\\Console\\Kernel->handle(Object(Symfony\\Component\\Console\\Input\\ArgvInput), Object(Symfony\\Component\\Console\\Output\\ConsoleOutput))
#43 {main}
"} 
[2024-05-22 13:07:16] local.ERROR: Class "App\Http\Controllers\QrCode" not found {"exception":"[object] (Error(code: 0): Class \"App\\Http\\Controllers\\QrCode\" not found at C:\\Users\\Dell\\Desktop\\152 Project\\SeniorLink\\app\\Http\\Controllers\\SeniorController.php:197)
[stacktrace]
#0 C:\\Users\\Dell\\Desktop\\152 Project\\SeniorLink\\vendor\\illuminate\\container\\BoundMethod.php(36): App\\Http\\Controllers\\SeniorController->generateQR('51')
#1 C:\\Users\\Dell\\Desktop\\152 Project\\SeniorLink\\vendor\\illuminate\\container\\Util.php(41): Illuminate\\Container\\BoundMethod::Illuminate\\Container\\{closure}()
#2 C:\\Users\\Dell\\Desktop\\152 Project\\SeniorLink\\vendor\\illuminate\\container\\BoundMethod.php(93): Illuminate\\Container\\Util::unwrapIfClosure(Object(Closure))
#3 C:\\Users\\Dell\\Desktop\\152 Project\\SeniorLink\\vendor\\illuminate\\container\\BoundMethod.php(35): Illuminate\\Container\\BoundMethod::callBoundMethod(Object(Laravel\\Lumen\\Application), Array, Object(Closure))
#4 C:\\Users\\Dell\\Desktop\\152 Project\\SeniorLink\\vendor\\illuminate\\container\\Container.php(662): Illuminate\\Container\\BoundMethod::call(Object(Laravel\\Lumen\\Application), Array, Array, NULL)
#5 C:\\Users\\Dell\\Desktop\\152 Project\\SeniorLink\\vendor\\laravel\\lumen-framework\\src\\Concerns\\RoutesRequests.php(391): Illuminate\\Container\\Container->call(Array, Array)
#6 C:\\Users\\Dell\\Desktop\\152 Project\\SeniorLink\\vendor\\laravel\\lumen-framework\\src\\Concerns\\RoutesRequests.php(333): Laravel\\Lumen\\Application->callControllerCallable(Array, Array)
#7 C:\\Users\\Dell\\Desktop\\152 Project\\SeniorLink\\vendor\\laravel\\lumen-framework\\src\\Concerns\\RoutesRequests.php(284): Laravel\\Lumen\\Application->callControllerAction(Array)
#8 C:\\Users\\Dell\\Desktop\\152 Project\\SeniorLink\\vendor\\laravel\\lumen-framework\\src\\Concerns\\RoutesRequests.php(269): Laravel\\Lumen\\Application->callActionOnArrayBasedRoute(Array)
#9 C:\\Users\\Dell\\Desktop\\152 Project\\SeniorLink\\vendor\\laravel\\lumen-framework\\src\\Concerns\\RoutesRequests.php(239): Laravel\\Lumen\\Application->handleFoundRoute(Array)
#10 C:\\Users\\Dell\\Desktop\\152 Project\\SeniorLink\\vendor\\laravel\\lumen-framework\\src\\Concerns\\RoutesRequests.php(174): Laravel\\Lumen\\Application->handleDispatcherResponse(Array)
#11 C:\\Users\\Dell\\Desktop\\152 Project\\SeniorLink\\vendor\\laravel\\lumen-framework\\src\\Concerns\\RoutesRequests.php(431): Laravel\\Lumen\\Application->Laravel\\Lumen\\Concerns\\{closure}(Object(Laravel\\Lumen\\Http\\Request))
#12 C:\\Users\\Dell\\Desktop\\152 Project\\SeniorLink\\vendor\\laravel\\lumen-framework\\src\\Concerns\\RoutesRequests.php(167): Laravel\\Lumen\\Application->sendThroughPipeline(Array, Object(Closure))
#13 C:\\Users\\Dell\\Desktop\\152 Project\\SeniorLink\\vendor\\laravel\\lumen-framework\\src\\Concerns\\RoutesRequests.php(112): Laravel\\Lumen\\Application->dispatch(NULL)
#14 C:\\Users\\Dell\\Desktop\\152 Project\\SeniorLink\\public\\index.php(28): Laravel\\Lumen\\Application->run()
#15 {main}
"} 
[2024-05-22 13:08:56] local.ERROR: You need to install the imagick extension to use this back end {"exception":"[object] (BaconQrCode\\Exception\\RuntimeException(code: 0): You need to install the imagick extension to use this back end at C:\\Users\\Dell\\Desktop\\152 Project\\SeniorLink\\vendor\\bacon\\bacon-qr-code\\src\\Renderer\\Image\\ImagickImageBackEnd.php:64)
[stacktrace]
#0 C:\\Users\\Dell\\Desktop\\152 Project\\SeniorLink\\vendor\\simplesoftwareio\\simple-qrcode\\src\\Generator.php(464): BaconQrCode\\Renderer\\Image\\ImagickImageBackEnd->__construct('png')
#1 C:\\Users\\Dell\\Desktop\\152 Project\\SeniorLink\\vendor\\simplesoftwareio\\simple-qrcode\\src\\Generator.php(440): SimpleSoftwareIO\\QrCode\\Generator->getFormatter()
#2 C:\\Users\\Dell\\Desktop\\152 Project\\SeniorLink\\vendor\\simplesoftwareio\\simple-qrcode\\src\\Generator.php(171): SimpleSoftwareIO\\QrCode\\Generator->getRenderer()
#3 C:\\Users\\Dell\\Desktop\\152 Project\\SeniorLink\\app\\Http\\Controllers\\SeniorController.php(198): SimpleSoftwareIO\\QrCode\\Generator->generate('s567893456789')
#4 C:\\Users\\Dell\\Desktop\\152 Project\\SeniorLink\\vendor\\illuminate\\container\\BoundMethod.php(36): App\\Http\\Controllers\\SeniorController->generateQR('51')
#5 C:\\Users\\Dell\\Desktop\\152 Project\\SeniorLink\\vendor\\illuminate\\container\\Util.php(41): Illuminate\\Container\\BoundMethod::Illuminate\\Container\\{closure}()
#6 C:\\Users\\Dell\\Desktop\\152 Project\\SeniorLink\\vendor\\illuminate\\container\\BoundMethod.php(93): Illuminate\\Container\\Util::unwrapIfClosure(Object(Closure))
#7 C:\\Users\\Dell\\Desktop\\152 Project\\SeniorLink\\vendor\\illuminate\\container\\BoundMethod.php(35): Illuminate\\Container\\BoundMethod::callBoundMethod(Object(Laravel\\Lumen\\Application), Array, Object(Closure))
#8 C:\\Users\\Dell\\Desktop\\152 Project\\SeniorLink\\vendor\\illuminate\\container\\Container.php(662): Illuminate\\Container\\BoundMethod::call(Object(Laravel\\Lumen\\Application), Array, Array, NULL)
#9 C:\\Users\\Dell\\Desktop\\152 Project\\SeniorLink\\vendor\\laravel\\lumen-framework\\src\\Concerns\\RoutesRequests.php(391): Illuminate\\Container\\Container->call(Array, Array)
#10 C:\\Users\\Dell\\Desktop\\152 Project\\SeniorLink\\vendor\\laravel\\lumen-framework\\src\\Concerns\\RoutesRequests.php(333): Laravel\\Lumen\\Application->callControllerCallable(Array, Array)
#11 C:\\Users\\Dell\\Desktop\\152 Project\\SeniorLink\\vendor\\laravel\\lumen-framework\\src\\Concerns\\RoutesRequests.php(284): Laravel\\Lumen\\Application->callControllerAction(Array)
#12 C:\\Users\\Dell\\Desktop\\152 Project\\SeniorLink\\vendor\\laravel\\lumen-framework\\src\\Concerns\\RoutesRequests.php(269): Laravel\\Lumen\\Application->callActionOnArrayBasedRoute(Array)
#13 C:\\Users\\Dell\\Desktop\\152 Project\\SeniorLink\\vendor\\laravel\\lumen-framework\\src\\Concerns\\RoutesRequests.php(239): Laravel\\Lumen\\Application->handleFoundRoute(Array)
#14 C:\\Users\\Dell\\Desktop\\152 Project\\SeniorLink\\vendor\\laravel\\lumen-framework\\src\\Concerns\\RoutesRequests.php(174): Laravel\\Lumen\\Application->handleDispatcherResponse(Array)
#15 C:\\Users\\Dell\\Desktop\\152 Project\\SeniorLink\\vendor\\laravel\\lumen-framework\\src\\Concerns\\RoutesRequests.php(431): Laravel\\Lumen\\Application->Laravel\\Lumen\\Concerns\\{closure}(Object(Laravel\\Lumen\\Http\\Request))
#16 C:\\Users\\Dell\\Desktop\\152 Project\\SeniorLink\\vendor\\laravel\\lumen-framework\\src\\Concerns\\RoutesRequests.php(167): Laravel\\Lumen\\Application->sendThroughPipeline(Array, Object(Closure))
#17 C:\\Users\\Dell\\Desktop\\152 Project\\SeniorLink\\vendor\\laravel\\lumen-framework\\src\\Concerns\\RoutesRequests.php(112): Laravel\\Lumen\\Application->dispatch(NULL)
#18 C:\\Users\\Dell\\Desktop\\152 Project\\SeniorLink\\public\\index.php(28): Laravel\\Lumen\\Application->run()
#19 {main}
"} 
