[2024-05-17 13:56:15] local.ERROR: Command "serve" is not defined. {"exception":"[object] (Symfony\\Component\\Console\\Exception\\CommandNotFoundException(code: 0): Command \"serve\" is not defined. at C:\\Users\\Samson\\Desktop\\CMSC 152\\SeniorLink\\vendor\\symfony\\console\\Application.php:737)
[stacktrace]
#0 C:\\Users\\Samson\\Desktop\\CMSC 152\\SeniorLink\\vendor\\symfony\\console\\Application.php(266): Symfony\\Component\\Console\\Application->find('serve')
#1 C:\\Users\\Samson\\Desktop\\CMSC 152\\SeniorLink\\vendor\\symfony\\console\\Application.php(175): Symfony\\Component\\Console\\Application->doRun(Object(Symfony\\Component\\Console\\Input\\ArgvInput), Object(Symfony\\Component\\Console\\Output\\ConsoleOutput))
#2 C:\\Users\\Samson\\Desktop\\CMSC 152\\SeniorLink\\vendor\\laravel\\lumen-framework\\src\\Console\\Kernel.php(160): Symfony\\Component\\Console\\Application->run(Object(Symfony\\Component\\Console\\Input\\ArgvInput), Object(Symfony\\Component\\Console\\Output\\ConsoleOutput))
#3 C:\\Users\\Samson\\Desktop\\CMSC 152\\SeniorLink\\artisan(35): Laravel\\Lumen\\Console\\Kernel->handle(Object(Symfony\\Component\\Console\\Input\\ArgvInput), Object(Symfony\\Component\\Console\\Output\\ConsoleOutput))
#4 {main}
"} 
[2024-05-17 14:53:44] local.ERROR: SQLSTATE[HY000] [1049] Unknown database 'senior_link' (Connection: mysql, SQL: select table_name as `name`, (data_length + index_length) as `size`, table_comment as `comment`, engine as `engine`, table_collation as `collation` from information_schema.tables where table_schema = 'senior_link' and table_type in ('BASE TABLE', 'SYSTEM VERSIONED') order by table_name) {"exception":"[object] (Illuminate\\Database\\QueryException(code: 1049): SQLSTATE[HY000] [1049] Unknown database 'senior_link' (Connection: mysql, SQL: select table_name as `name`, (data_length + index_length) as `size`, table_comment as `comment`, engine as `engine`, table_collation as `collation` from information_schema.tables where table_schema = 'senior_link' and table_type in ('BASE TABLE', 'SYSTEM VERSIONED') order by table_name) at C:\\Users\\Samson\\Desktop\\CMSC 152\\SeniorLink\\vendor\\illuminate\\database\\Connection.php:829)
[stacktrace]
#0 C:\\Users\\Samson\\Desktop\\CMSC 152\\SeniorLink\\vendor\\illuminate\\database\\Connection.php(783): Illuminate\\Database\\Connection->runQueryCallback('select table_na...', Array, Object(Closure))
#1 C:\\Users\\Samson\\Desktop\\CMSC 152\\SeniorLink\\vendor\\illuminate\\database\\Connection.php(414): Illuminate\\Database\\Connection->run('select table_na...', Array, Object(Closure))
#2 C:\\Users\\Samson\\Desktop\\CMSC 152\\SeniorLink\\vendor\\illuminate\\database\\Connection.php(401): Illuminate\\Database\\Connection->select('select table_na...', Array, false)
#3 C:\\Users\\Samson\\Desktop\\CMSC 152\\SeniorLink\\vendor\\illuminate\\database\\Schema\\MySqlBuilder.php(41): Illuminate\\Database\\Connection->selectFromWriteConnection('select table_na...')
#4 C:\\Users\\Samson\\Desktop\\CMSC 152\\SeniorLink\\vendor\\illuminate\\database\\Schema\\MySqlBuilder.php(147): Illuminate\\Database\\Schema\\MySqlBuilder->getTables()
#5 C:\\Users\\Samson\\Desktop\\CMSC 152\\SeniorLink\\vendor\\illuminate\\database\\Console\\WipeCommand.php(71): Illuminate\\Database\\Schema\\MySqlBuilder->dropAllTables()
#6 C:\\Users\\Samson\\Desktop\\CMSC 152\\SeniorLink\\vendor\\illuminate\\database\\Console\\WipeCommand.php(48): Illuminate\\Database\\Console\\WipeCommand->dropAllTables(NULL)
#7 C:\\Users\\Samson\\Desktop\\CMSC 152\\SeniorLink\\vendor\\illuminate\\container\\BoundMethod.php(36): Illuminate\\Database\\Console\\WipeCommand->handle()
#8 C:\\Users\\Samson\\Desktop\\CMSC 152\\SeniorLink\\vendor\\illuminate\\container\\Util.php(41): Illuminate\\Container\\BoundMethod::Illuminate\\Container\\{closure}()
#9 C:\\Users\\Samson\\Desktop\\CMSC 152\\SeniorLink\\vendor\\illuminate\\container\\BoundMethod.php(93): Illuminate\\Container\\Util::unwrapIfClosure(Object(Closure))
#10 C:\\Users\\Samson\\Desktop\\CMSC 152\\SeniorLink\\vendor\\illuminate\\container\\BoundMethod.php(35): Illuminate\\Container\\BoundMethod::callBoundMethod(Object(Laravel\\Lumen\\Application), Array, Object(Closure))
#11 C:\\Users\\Samson\\Desktop\\CMSC 152\\SeniorLink\\vendor\\illuminate\\container\\Container.php(662): Illuminate\\Container\\BoundMethod::call(Object(Laravel\\Lumen\\Application), Array, Array, NULL)
#12 C:\\Users\\Samson\\Desktop\\CMSC 152\\SeniorLink\\vendor\\illuminate\\console\\Command.php(211): Illuminate\\Container\\Container->call(Array)
#13 C:\\Users\\Samson\\Desktop\\CMSC 152\\SeniorLink\\vendor\\symfony\\console\\Command\\Command.php(326): Illuminate\\Console\\Command->execute(Object(Symfony\\Component\\Console\\Input\\ArrayInput), Object(Illuminate\\Console\\OutputStyle))
#14 C:\\Users\\Samson\\Desktop\\CMSC 152\\SeniorLink\\vendor\\illuminate\\console\\Command.php(180): Symfony\\Component\\Console\\Command\\Command->run(Object(Symfony\\Component\\Console\\Input\\ArrayInput), Object(Illuminate\\Console\\OutputStyle))
#15 C:\\Users\\Samson\\Desktop\\CMSC 152\\SeniorLink\\vendor\\illuminate\\console\\Concerns\\CallsCommands.php(67): Illuminate\\Console\\Command->run(Object(Symfony\\Component\\Console\\Input\\ArrayInput), Object(Symfony\\Component\\Console\\Output\\NullOutput))
#16 C:\\Users\\Samson\\Desktop\\CMSC 152\\SeniorLink\\vendor\\illuminate\\console\\Concerns\\CallsCommands.php(40): Illuminate\\Console\\Command->runCommand('db:wipe', Array, Object(Symfony\\Component\\Console\\Output\\NullOutput))
#17 C:\\Users\\Samson\\Desktop\\CMSC 152\\SeniorLink\\vendor\\illuminate\\database\\Console\\Migrations\\FreshCommand.php(44): Illuminate\\Console\\Command->callSilent('db:wipe', Array)
#18 C:\\Users\\Samson\\Desktop\\CMSC 152\\SeniorLink\\vendor\\illuminate\\console\\View\\Components\\Task.php(37): Illuminate\\Database\\Console\\Migrations\\FreshCommand->Illuminate\\Database\\Console\\Migrations\\{closure}()
#19 C:\\Users\\Samson\\Desktop\\CMSC 152\\SeniorLink\\vendor\\illuminate\\console\\View\\Components\\Factory.php(58): Illuminate\\Console\\View\\Components\\Task->render('Dropping all ta...', Object(Closure))
#20 C:\\Users\\Samson\\Desktop\\CMSC 152\\SeniorLink\\vendor\\illuminate\\database\\Console\\Migrations\\FreshCommand.php(44): Illuminate\\Console\\View\\Components\\Factory->__call('task', Array)
#21 C:\\Users\\Samson\\Desktop\\CMSC 152\\SeniorLink\\vendor\\illuminate\\container\\BoundMethod.php(36): Illuminate\\Database\\Console\\Migrations\\FreshCommand->handle()
#22 C:\\Users\\Samson\\Desktop\\CMSC 152\\SeniorLink\\vendor\\illuminate\\container\\Util.php(41): Illuminate\\Container\\BoundMethod::Illuminate\\Container\\{closure}()
#23 C:\\Users\\Samson\\Desktop\\CMSC 152\\SeniorLink\\vendor\\illuminate\\container\\BoundMethod.php(93): Illuminate\\Container\\Util::unwrapIfClosure(Object(Closure))
#24 C:\\Users\\Samson\\Desktop\\CMSC 152\\SeniorLink\\vendor\\illuminate\\container\\BoundMethod.php(35): Illuminate\\Container\\BoundMethod::callBoundMethod(Object(Laravel\\Lumen\\Application), Array, Object(Closure))
#25 C:\\Users\\Samson\\Desktop\\CMSC 152\\SeniorLink\\vendor\\illuminate\\container\\Container.php(662): Illuminate\\Container\\BoundMethod::call(Object(Laravel\\Lumen\\Application), Array, Array, NULL)
#26 C:\\Users\\Samson\\Desktop\\CMSC 152\\SeniorLink\\vendor\\illuminate\\console\\Command.php(211): Illuminate\\Container\\Container->call(Array)
#27 C:\\Users\\Samson\\Desktop\\CMSC 152\\SeniorLink\\vendor\\symfony\\console\\Command\\Command.php(326): Illuminate\\Console\\Command->execute(Object(Symfony\\Component\\Console\\Input\\ArgvInput), Object(Illuminate\\Console\\OutputStyle))
#28 C:\\Users\\Samson\\Desktop\\CMSC 152\\SeniorLink\\vendor\\illuminate\\console\\Command.php(180): Symfony\\Component\\Console\\Command\\Command->run(Object(Symfony\\Component\\Console\\Input\\ArgvInput), Object(Illuminate\\Console\\OutputStyle))
#29 C:\\Users\\Samson\\Desktop\\CMSC 152\\SeniorLink\\vendor\\symfony\\console\\Application.php(1078): Illuminate\\Console\\Command->run(Object(Symfony\\Component\\Console\\Input\\ArgvInput), Object(Symfony\\Component\\Console\\Output\\ConsoleOutput))
#30 C:\\Users\\Samson\\Desktop\\CMSC 152\\SeniorLink\\vendor\\symfony\\console\\Application.php(324): Symfony\\Component\\Console\\Application->doRunCommand(Object(Illuminate\\Database\\Console\\Migrations\\FreshCommand), Object(Symfony\\Component\\Console\\Input\\ArgvInput), Object(Symfony\\Component\\Console\\Output\\ConsoleOutput))
#31 C:\\Users\\Samson\\Desktop\\CMSC 152\\SeniorLink\\vendor\\symfony\\console\\Application.php(175): Symfony\\Component\\Console\\Application->doRun(Object(Symfony\\Component\\Console\\Input\\ArgvInput), Object(Symfony\\Component\\Console\\Output\\ConsoleOutput))
#32 C:\\Users\\Samson\\Desktop\\CMSC 152\\SeniorLink\\vendor\\laravel\\lumen-framework\\src\\Console\\Kernel.php(160): Symfony\\Component\\Console\\Application->run(Object(Symfony\\Component\\Console\\Input\\ArgvInput), Object(Symfony\\Component\\Console\\Output\\ConsoleOutput))
#33 C:\\Users\\Samson\\Desktop\\CMSC 152\\SeniorLink\\artisan(35): Laravel\\Lumen\\Console\\Kernel->handle(Object(Symfony\\Component\\Console\\Input\\ArgvInput), Object(Symfony\\Component\\Console\\Output\\ConsoleOutput))
#34 {main}

[previous exception] [object] (PDOException(code: 1049): SQLSTATE[HY000] [1049] Unknown database 'senior_link' at C:\\Users\\Samson\\Desktop\\CMSC 152\\SeniorLink\\vendor\\illuminate\\database\\Connectors\\Connector.php:65)
[stacktrace]
#0 C:\\Users\\Samson\\Desktop\\CMSC 152\\SeniorLink\\vendor\\illuminate\\database\\Connectors\\Connector.php(65): PDO->__construct('mysql:host=127....', 'senior_link_adm...', Object(SensitiveParameterValue), Array)
#1 C:\\Users\\Samson\\Desktop\\CMSC 152\\SeniorLink\\vendor\\illuminate\\database\\Connectors\\Connector.php(44): Illuminate\\Database\\Connectors\\Connector->createPdoConnection('mysql:host=127....', 'senior_link_adm...', 'Senior1234*', Array)
#2 C:\\Users\\Samson\\Desktop\\CMSC 152\\SeniorLink\\vendor\\illuminate\\database\\Connectors\\MySqlConnector.php(24): Illuminate\\Database\\Connectors\\Connector->createConnection('mysql:host=127....', Array, Array)
#3 C:\\Users\\Samson\\Desktop\\CMSC 152\\SeniorLink\\vendor\\illuminate\\database\\Connectors\\ConnectionFactory.php(184): Illuminate\\Database\\Connectors\\MySqlConnector->connect(Array)
#4 [internal function]: Illuminate\\Database\\Connectors\\ConnectionFactory->Illuminate\\Database\\Connectors\\{closure}()
#5 C:\\Users\\Samson\\Desktop\\CMSC 152\\SeniorLink\\vendor\\illuminate\\database\\Connection.php(1339): call_user_func(Object(Closure))
#6 C:\\Users\\Samson\\Desktop\\CMSC 152\\SeniorLink\\vendor\\illuminate\\database\\Connection.php(528): Illuminate\\Database\\Connection->getPdo()
#7 C:\\Users\\Samson\\Desktop\\CMSC 152\\SeniorLink\\vendor\\illuminate\\database\\Connection.php(423): Illuminate\\Database\\Connection->getPdoForSelect(false)
#8 C:\\Users\\Samson\\Desktop\\CMSC 152\\SeniorLink\\vendor\\illuminate\\database\\Connection.php(816): Illuminate\\Database\\Connection->Illuminate\\Database\\{closure}('select table_na...', Array)
#9 C:\\Users\\Samson\\Desktop\\CMSC 152\\SeniorLink\\vendor\\illuminate\\database\\Connection.php(783): Illuminate\\Database\\Connection->runQueryCallback('select table_na...', Array, Object(Closure))
#10 C:\\Users\\Samson\\Desktop\\CMSC 152\\SeniorLink\\vendor\\illuminate\\database\\Connection.php(414): Illuminate\\Database\\Connection->run('select table_na...', Array, Object(Closure))
#11 C:\\Users\\Samson\\Desktop\\CMSC 152\\SeniorLink\\vendor\\illuminate\\database\\Connection.php(401): Illuminate\\Database\\Connection->select('select table_na...', Array, false)
#12 C:\\Users\\Samson\\Desktop\\CMSC 152\\SeniorLink\\vendor\\illuminate\\database\\Schema\\MySqlBuilder.php(41): Illuminate\\Database\\Connection->selectFromWriteConnection('select table_na...')
#13 C:\\Users\\Samson\\Desktop\\CMSC 152\\SeniorLink\\vendor\\illuminate\\database\\Schema\\MySqlBuilder.php(147): Illuminate\\Database\\Schema\\MySqlBuilder->getTables()
#14 C:\\Users\\Samson\\Desktop\\CMSC 152\\SeniorLink\\vendor\\illuminate\\database\\Console\\WipeCommand.php(71): Illuminate\\Database\\Schema\\MySqlBuilder->dropAllTables()
#15 C:\\Users\\Samson\\Desktop\\CMSC 152\\SeniorLink\\vendor\\illuminate\\database\\Console\\WipeCommand.php(48): Illuminate\\Database\\Console\\WipeCommand->dropAllTables(NULL)
#16 C:\\Users\\Samson\\Desktop\\CMSC 152\\SeniorLink\\vendor\\illuminate\\container\\BoundMethod.php(36): Illuminate\\Database\\Console\\WipeCommand->handle()
#17 C:\\Users\\Samson\\Desktop\\CMSC 152\\SeniorLink\\vendor\\illuminate\\container\\Util.php(41): Illuminate\\Container\\BoundMethod::Illuminate\\Container\\{closure}()
#18 C:\\Users\\Samson\\Desktop\\CMSC 152\\SeniorLink\\vendor\\illuminate\\container\\BoundMethod.php(93): Illuminate\\Container\\Util::unwrapIfClosure(Object(Closure))
#19 C:\\Users\\Samson\\Desktop\\CMSC 152\\SeniorLink\\vendor\\illuminate\\container\\BoundMethod.php(35): Illuminate\\Container\\BoundMethod::callBoundMethod(Object(Laravel\\Lumen\\Application), Array, Object(Closure))
#20 C:\\Users\\Samson\\Desktop\\CMSC 152\\SeniorLink\\vendor\\illuminate\\container\\Container.php(662): Illuminate\\Container\\BoundMethod::call(Object(Laravel\\Lumen\\Application), Array, Array, NULL)
#21 C:\\Users\\Samson\\Desktop\\CMSC 152\\SeniorLink\\vendor\\illuminate\\console\\Command.php(211): Illuminate\\Container\\Container->call(Array)
#22 C:\\Users\\Samson\\Desktop\\CMSC 152\\SeniorLink\\vendor\\symfony\\console\\Command\\Command.php(326): Illuminate\\Console\\Command->execute(Object(Symfony\\Component\\Console\\Input\\ArrayInput), Object(Illuminate\\Console\\OutputStyle))
#23 C:\\Users\\Samson\\Desktop\\CMSC 152\\SeniorLink\\vendor\\illuminate\\console\\Command.php(180): Symfony\\Component\\Console\\Command\\Command->run(Object(Symfony\\Component\\Console\\Input\\ArrayInput), Object(Illuminate\\Console\\OutputStyle))
#24 C:\\Users\\Samson\\Desktop\\CMSC 152\\SeniorLink\\vendor\\illuminate\\console\\Concerns\\CallsCommands.php(67): Illuminate\\Console\\Command->run(Object(Symfony\\Component\\Console\\Input\\ArrayInput), Object(Symfony\\Component\\Console\\Output\\NullOutput))
#25 C:\\Users\\Samson\\Desktop\\CMSC 152\\SeniorLink\\vendor\\illuminate\\console\\Concerns\\CallsCommands.php(40): Illuminate\\Console\\Command->runCommand('db:wipe', Array, Object(Symfony\\Component\\Console\\Output\\NullOutput))
#26 C:\\Users\\Samson\\Desktop\\CMSC 152\\SeniorLink\\vendor\\illuminate\\database\\Console\\Migrations\\FreshCommand.php(44): Illuminate\\Console\\Command->callSilent('db:wipe', Array)
#27 C:\\Users\\Samson\\Desktop\\CMSC 152\\SeniorLink\\vendor\\illuminate\\console\\View\\Components\\Task.php(37): Illuminate\\Database\\Console\\Migrations\\FreshCommand->Illuminate\\Database\\Console\\Migrations\\{closure}()
#28 C:\\Users\\Samson\\Desktop\\CMSC 152\\SeniorLink\\vendor\\illuminate\\console\\View\\Components\\Factory.php(58): Illuminate\\Console\\View\\Components\\Task->render('Dropping all ta...', Object(Closure))
#29 C:\\Users\\Samson\\Desktop\\CMSC 152\\SeniorLink\\vendor\\illuminate\\database\\Console\\Migrations\\FreshCommand.php(44): Illuminate\\Console\\View\\Components\\Factory->__call('task', Array)
#30 C:\\Users\\Samson\\Desktop\\CMSC 152\\SeniorLink\\vendor\\illuminate\\container\\BoundMethod.php(36): Illuminate\\Database\\Console\\Migrations\\FreshCommand->handle()
#31 C:\\Users\\Samson\\Desktop\\CMSC 152\\SeniorLink\\vendor\\illuminate\\container\\Util.php(41): Illuminate\\Container\\BoundMethod::Illuminate\\Container\\{closure}()
#32 C:\\Users\\Samson\\Desktop\\CMSC 152\\SeniorLink\\vendor\\illuminate\\container\\BoundMethod.php(93): Illuminate\\Container\\Util::unwrapIfClosure(Object(Closure))
#33 C:\\Users\\Samson\\Desktop\\CMSC 152\\SeniorLink\\vendor\\illuminate\\container\\BoundMethod.php(35): Illuminate\\Container\\BoundMethod::callBoundMethod(Object(Laravel\\Lumen\\Application), Array, Object(Closure))
#34 C:\\Users\\Samson\\Desktop\\CMSC 152\\SeniorLink\\vendor\\illuminate\\container\\Container.php(662): Illuminate\\Container\\BoundMethod::call(Object(Laravel\\Lumen\\Application), Array, Array, NULL)
#35 C:\\Users\\Samson\\Desktop\\CMSC 152\\SeniorLink\\vendor\\illuminate\\console\\Command.php(211): Illuminate\\Container\\Container->call(Array)
#36 C:\\Users\\Samson\\Desktop\\CMSC 152\\SeniorLink\\vendor\\symfony\\console\\Command\\Command.php(326): Illuminate\\Console\\Command->execute(Object(Symfony\\Component\\Console\\Input\\ArgvInput), Object(Illuminate\\Console\\OutputStyle))
#37 C:\\Users\\Samson\\Desktop\\CMSC 152\\SeniorLink\\vendor\\illuminate\\console\\Command.php(180): Symfony\\Component\\Console\\Command\\Command->run(Object(Symfony\\Component\\Console\\Input\\ArgvInput), Object(Illuminate\\Console\\OutputStyle))
#38 C:\\Users\\Samson\\Desktop\\CMSC 152\\SeniorLink\\vendor\\symfony\\console\\Application.php(1078): Illuminate\\Console\\Command->run(Object(Symfony\\Component\\Console\\Input\\ArgvInput), Object(Symfony\\Component\\Console\\Output\\ConsoleOutput))
#39 C:\\Users\\Samson\\Desktop\\CMSC 152\\SeniorLink\\vendor\\symfony\\console\\Application.php(324): Symfony\\Component\\Console\\Application->doRunCommand(Object(Illuminate\\Database\\Console\\Migrations\\FreshCommand), Object(Symfony\\Component\\Console\\Input\\ArgvInput), Object(Symfony\\Component\\Console\\Output\\ConsoleOutput))
#40 C:\\Users\\Samson\\Desktop\\CMSC 152\\SeniorLink\\vendor\\symfony\\console\\Application.php(175): Symfony\\Component\\Console\\Application->doRun(Object(Symfony\\Component\\Console\\Input\\ArgvInput), Object(Symfony\\Component\\Console\\Output\\ConsoleOutput))
#41 C:\\Users\\Samson\\Desktop\\CMSC 152\\SeniorLink\\vendor\\laravel\\lumen-framework\\src\\Console\\Kernel.php(160): Symfony\\Component\\Console\\Application->run(Object(Symfony\\Component\\Console\\Input\\ArgvInput), Object(Symfony\\Component\\Console\\Output\\ConsoleOutput))
#42 C:\\Users\\Samson\\Desktop\\CMSC 152\\SeniorLink\\artisan(35): Laravel\\Lumen\\Console\\Kernel->handle(Object(Symfony\\Component\\Console\\Input\\ArgvInput), Object(Symfony\\Component\\Console\\Output\\ConsoleOutput))
#43 {main}
"} 
