[2024-05-20 00:00:26] local.ERROR: Target [Illuminate\Database\ConnectionInterface] is not instantiable while building [App\Http\Controllers\SuperAdminController]. {"exception":"[object] (Illuminate\\Contracts\\Container\\BindingResolutionException(code: 0): Target [Illuminate\\Database\\ConnectionInterface] is not instantiable while building [App\\Http\\Controllers\\SuperAdminController]. at C:\\Users\\Samson\\Desktop\\CMSC 152\\SeniorLink\\vendor\\illuminate\\container\\Container.php:1126)
[stacktrace]
#0 C:\\Users\\Samson\\Desktop\\CMSC 152\\SeniorLink\\vendor\\illuminate\\container\\Container.php(921): Illuminate\\Container\\Container->notInstantiable('Illuminate\\\\Data...')
#1 C:\\Users\\Samson\\Desktop\\CMSC 152\\SeniorLink\\vendor\\illuminate\\container\\Container.php(795): Illuminate\\Container\\Container->build('Illuminate\\\\Data...')
#2 C:\\Users\\Samson\\Desktop\\CMSC 152\\SeniorLink\\vendor\\illuminate\\container\\Container.php(731): Illuminate\\Container\\Container->resolve('Illuminate\\\\Data...', Array)
#3 C:\\Users\\Samson\\Desktop\\CMSC 152\\SeniorLink\\vendor\\laravel\\lumen-framework\\src\\Application.php(327): Illuminate\\Container\\Container->make('Illuminate\\\\Data...', Array)
#4 C:\\Users\\Samson\\Desktop\\CMSC 152\\SeniorLink\\vendor\\illuminate\\container\\Container.php(1066): Laravel\\Lumen\\Application->make('Illuminate\\\\Data...')
#5 C:\\Users\\Samson\\Desktop\\CMSC 152\\SeniorLink\\vendor\\illuminate\\container\\Container.php(982): Illuminate\\Container\\Container->resolveClass(Object(ReflectionParameter))
#6 C:\\Users\\Samson\\Desktop\\CMSC 152\\SeniorLink\\vendor\\illuminate\\container\\Container.php(943): Illuminate\\Container\\Container->resolveDependencies(Array)
#7 C:\\Users\\Samson\\Desktop\\CMSC 152\\SeniorLink\\vendor\\illuminate\\container\\Container.php(795): Illuminate\\Container\\Container->build('App\\\\Http\\\\Contro...')
#8 C:\\Users\\Samson\\Desktop\\CMSC 152\\SeniorLink\\vendor\\illuminate\\container\\Container.php(731): Illuminate\\Container\\Container->resolve('App\\\\Http\\\\Contro...', Array)
#9 C:\\Users\\Samson\\Desktop\\CMSC 152\\SeniorLink\\vendor\\laravel\\lumen-framework\\src\\Application.php(327): Illuminate\\Container\\Container->make('App\\\\Http\\\\Contro...', Array)
#10 C:\\Users\\Samson\\Desktop\\CMSC 152\\SeniorLink\\vendor\\laravel\\lumen-framework\\src\\Concerns\\RoutesRequests.php(326): Laravel\\Lumen\\Application->make('App\\\\Http\\\\Contro...')
#11 C:\\Users\\Samson\\Desktop\\CMSC 152\\SeniorLink\\vendor\\laravel\\lumen-framework\\src\\Concerns\\RoutesRequests.php(284): Laravel\\Lumen\\Application->callControllerAction(Array)
#12 C:\\Users\\Samson\\Desktop\\CMSC 152\\SeniorLink\\vendor\\laravel\\lumen-framework\\src\\Concerns\\RoutesRequests.php(269): Laravel\\Lumen\\Application->callActionOnArrayBasedRoute(Array)
#13 C:\\Users\\Samson\\Desktop\\CMSC 152\\SeniorLink\\vendor\\laravel\\lumen-framework\\src\\Concerns\\RoutesRequests.php(171): Laravel\\Lumen\\Application->handleFoundRoute(Array)
#14 C:\\Users\\Samson\\Desktop\\CMSC 152\\SeniorLink\\vendor\\laravel\\lumen-framework\\src\\Concerns\\RoutesRequests.php(431): Laravel\\Lumen\\Application->Laravel\\Lumen\\Concerns\\{closure}(Object(Laravel\\Lumen\\Http\\Request))
#15 C:\\Users\\Samson\\Desktop\\CMSC 152\\SeniorLink\\vendor\\laravel\\lumen-framework\\src\\Concerns\\RoutesRequests.php(167): Laravel\\Lumen\\Application->sendThroughPipeline(Array, Object(Closure))
#16 C:\\Users\\Samson\\Desktop\\CMSC 152\\SeniorLink\\vendor\\laravel\\lumen-framework\\src\\Concerns\\RoutesRequests.php(112): Laravel\\Lumen\\Application->dispatch(NULL)
#17 C:\\Users\\Samson\\Desktop\\CMSC 152\\SeniorLink\\public\\index.php(28): Laravel\\Lumen\\Application->run()
#18 {main}
"} 
[2024-05-20 00:02:58] local.ERROR: Target [Illuminate\Database\ConnectionInterface] is not instantiable while building [App\Http\Controllers\SuperAdminController]. {"exception":"[object] (Illuminate\\Contracts\\Container\\BindingResolutionException(code: 0): Target [Illuminate\\Database\\ConnectionInterface] is not instantiable while building [App\\Http\\Controllers\\SuperAdminController]. at C:\\Users\\Samson\\Desktop\\CMSC 152\\SeniorLink\\vendor\\illuminate\\container\\Container.php:1126)
[stacktrace]
#0 C:\\Users\\Samson\\Desktop\\CMSC 152\\SeniorLink\\vendor\\illuminate\\container\\Container.php(921): Illuminate\\Container\\Container->notInstantiable('Illuminate\\\\Data...')
#1 C:\\Users\\Samson\\Desktop\\CMSC 152\\SeniorLink\\vendor\\illuminate\\container\\Container.php(795): Illuminate\\Container\\Container->build('Illuminate\\\\Data...')
#2 C:\\Users\\Samson\\Desktop\\CMSC 152\\SeniorLink\\vendor\\illuminate\\container\\Container.php(731): Illuminate\\Container\\Container->resolve('Illuminate\\\\Data...', Array)
#3 C:\\Users\\Samson\\Desktop\\CMSC 152\\SeniorLink\\vendor\\laravel\\lumen-framework\\src\\Application.php(327): Illuminate\\Container\\Container->make('Illuminate\\\\Data...', Array)
#4 C:\\Users\\Samson\\Desktop\\CMSC 152\\SeniorLink\\vendor\\illuminate\\container\\Container.php(1066): Laravel\\Lumen\\Application->make('Illuminate\\\\Data...')
#5 C:\\Users\\Samson\\Desktop\\CMSC 152\\SeniorLink\\vendor\\illuminate\\container\\Container.php(982): Illuminate\\Container\\Container->resolveClass(Object(ReflectionParameter))
#6 C:\\Users\\Samson\\Desktop\\CMSC 152\\SeniorLink\\vendor\\illuminate\\container\\Container.php(943): Illuminate\\Container\\Container->resolveDependencies(Array)
#7 C:\\Users\\Samson\\Desktop\\CMSC 152\\SeniorLink\\vendor\\illuminate\\container\\Container.php(795): Illuminate\\Container\\Container->build('App\\\\Http\\\\Contro...')
#8 C:\\Users\\Samson\\Desktop\\CMSC 152\\SeniorLink\\vendor\\illuminate\\container\\Container.php(731): Illuminate\\Container\\Container->resolve('App\\\\Http\\\\Contro...', Array)
#9 C:\\Users\\Samson\\Desktop\\CMSC 152\\SeniorLink\\vendor\\laravel\\lumen-framework\\src\\Application.php(327): Illuminate\\Container\\Container->make('App\\\\Http\\\\Contro...', Array)
#10 C:\\Users\\Samson\\Desktop\\CMSC 152\\SeniorLink\\vendor\\laravel\\lumen-framework\\src\\Concerns\\RoutesRequests.php(326): Laravel\\Lumen\\Application->make('App\\\\Http\\\\Contro...')
#11 C:\\Users\\Samson\\Desktop\\CMSC 152\\SeniorLink\\vendor\\laravel\\lumen-framework\\src\\Concerns\\RoutesRequests.php(284): Laravel\\Lumen\\Application->callControllerAction(Array)
#12 C:\\Users\\Samson\\Desktop\\CMSC 152\\SeniorLink\\vendor\\laravel\\lumen-framework\\src\\Concerns\\RoutesRequests.php(269): Laravel\\Lumen\\Application->callActionOnArrayBasedRoute(Array)
#13 C:\\Users\\Samson\\Desktop\\CMSC 152\\SeniorLink\\vendor\\laravel\\lumen-framework\\src\\Concerns\\RoutesRequests.php(239): Laravel\\Lumen\\Application->handleFoundRoute(Array)
#14 C:\\Users\\Samson\\Desktop\\CMSC 152\\SeniorLink\\vendor\\laravel\\lumen-framework\\src\\Concerns\\RoutesRequests.php(174): Laravel\\Lumen\\Application->handleDispatcherResponse(Array)
#15 C:\\Users\\Samson\\Desktop\\CMSC 152\\SeniorLink\\vendor\\laravel\\lumen-framework\\src\\Concerns\\RoutesRequests.php(431): Laravel\\Lumen\\Application->Laravel\\Lumen\\Concerns\\{closure}(Object(Laravel\\Lumen\\Http\\Request))
#16 C:\\Users\\Samson\\Desktop\\CMSC 152\\SeniorLink\\vendor\\laravel\\lumen-framework\\src\\Concerns\\RoutesRequests.php(167): Laravel\\Lumen\\Application->sendThroughPipeline(Array, Object(Closure))
#17 C:\\Users\\Samson\\Desktop\\CMSC 152\\SeniorLink\\vendor\\laravel\\lumen-framework\\src\\Concerns\\RoutesRequests.php(112): Laravel\\Lumen\\Application->dispatch(NULL)
#18 C:\\Users\\Samson\\Desktop\\CMSC 152\\SeniorLink\\public\\index.php(28): Laravel\\Lumen\\Application->run()
#19 {main}
"} 
[2024-05-20 00:02:59] local.ERROR: Target [Illuminate\Database\ConnectionInterface] is not instantiable while building [App\Http\Controllers\SuperAdminController]. {"exception":"[object] (Illuminate\\Contracts\\Container\\BindingResolutionException(code: 0): Target [Illuminate\\Database\\ConnectionInterface] is not instantiable while building [App\\Http\\Controllers\\SuperAdminController]. at C:\\Users\\Samson\\Desktop\\CMSC 152\\SeniorLink\\vendor\\illuminate\\container\\Container.php:1126)
[stacktrace]
#0 C:\\Users\\Samson\\Desktop\\CMSC 152\\SeniorLink\\vendor\\illuminate\\container\\Container.php(921): Illuminate\\Container\\Container->notInstantiable('Illuminate\\\\Data...')
#1 C:\\Users\\Samson\\Desktop\\CMSC 152\\SeniorLink\\vendor\\illuminate\\container\\Container.php(795): Illuminate\\Container\\Container->build('Illuminate\\\\Data...')
#2 C:\\Users\\Samson\\Desktop\\CMSC 152\\SeniorLink\\vendor\\illuminate\\container\\Container.php(731): Illuminate\\Container\\Container->resolve('Illuminate\\\\Data...', Array)
#3 C:\\Users\\Samson\\Desktop\\CMSC 152\\SeniorLink\\vendor\\laravel\\lumen-framework\\src\\Application.php(327): Illuminate\\Container\\Container->make('Illuminate\\\\Data...', Array)
#4 C:\\Users\\Samson\\Desktop\\CMSC 152\\SeniorLink\\vendor\\illuminate\\container\\Container.php(1066): Laravel\\Lumen\\Application->make('Illuminate\\\\Data...')
#5 C:\\Users\\Samson\\Desktop\\CMSC 152\\SeniorLink\\vendor\\illuminate\\container\\Container.php(982): Illuminate\\Container\\Container->resolveClass(Object(ReflectionParameter))
#6 C:\\Users\\Samson\\Desktop\\CMSC 152\\SeniorLink\\vendor\\illuminate\\container\\Container.php(943): Illuminate\\Container\\Container->resolveDependencies(Array)
#7 C:\\Users\\Samson\\Desktop\\CMSC 152\\SeniorLink\\vendor\\illuminate\\container\\Container.php(795): Illuminate\\Container\\Container->build('App\\\\Http\\\\Contro...')
#8 C:\\Users\\Samson\\Desktop\\CMSC 152\\SeniorLink\\vendor\\illuminate\\container\\Container.php(731): Illuminate\\Container\\Container->resolve('App\\\\Http\\\\Contro...', Array)
#9 C:\\Users\\Samson\\Desktop\\CMSC 152\\SeniorLink\\vendor\\laravel\\lumen-framework\\src\\Application.php(327): Illuminate\\Container\\Container->make('App\\\\Http\\\\Contro...', Array)
#10 C:\\Users\\Samson\\Desktop\\CMSC 152\\SeniorLink\\vendor\\laravel\\lumen-framework\\src\\Concerns\\RoutesRequests.php(326): Laravel\\Lumen\\Application->make('App\\\\Http\\\\Contro...')
#11 C:\\Users\\Samson\\Desktop\\CMSC 152\\SeniorLink\\vendor\\laravel\\lumen-framework\\src\\Concerns\\RoutesRequests.php(284): Laravel\\Lumen\\Application->callControllerAction(Array)
#12 C:\\Users\\Samson\\Desktop\\CMSC 152\\SeniorLink\\vendor\\laravel\\lumen-framework\\src\\Concerns\\RoutesRequests.php(269): Laravel\\Lumen\\Application->callActionOnArrayBasedRoute(Array)
#13 C:\\Users\\Samson\\Desktop\\CMSC 152\\SeniorLink\\vendor\\laravel\\lumen-framework\\src\\Concerns\\RoutesRequests.php(239): Laravel\\Lumen\\Application->handleFoundRoute(Array)
#14 C:\\Users\\Samson\\Desktop\\CMSC 152\\SeniorLink\\vendor\\laravel\\lumen-framework\\src\\Concerns\\RoutesRequests.php(174): Laravel\\Lumen\\Application->handleDispatcherResponse(Array)
#15 C:\\Users\\Samson\\Desktop\\CMSC 152\\SeniorLink\\vendor\\laravel\\lumen-framework\\src\\Concerns\\RoutesRequests.php(431): Laravel\\Lumen\\Application->Laravel\\Lumen\\Concerns\\{closure}(Object(Laravel\\Lumen\\Http\\Request))
#16 C:\\Users\\Samson\\Desktop\\CMSC 152\\SeniorLink\\vendor\\laravel\\lumen-framework\\src\\Concerns\\RoutesRequests.php(167): Laravel\\Lumen\\Application->sendThroughPipeline(Array, Object(Closure))
#17 C:\\Users\\Samson\\Desktop\\CMSC 152\\SeniorLink\\vendor\\laravel\\lumen-framework\\src\\Concerns\\RoutesRequests.php(112): Laravel\\Lumen\\Application->dispatch(NULL)
#18 C:\\Users\\Samson\\Desktop\\CMSC 152\\SeniorLink\\public\\index.php(28): Laravel\\Lumen\\Application->run()
#19 {main}
"} 
[2024-05-20 00:05:14] local.ERROR: Target [Illuminate\Database\ConnectionInterface] is not instantiable while building [App\Http\Controllers\SuperAdminController]. {"exception":"[object] (Illuminate\\Contracts\\Container\\BindingResolutionException(code: 0): Target [Illuminate\\Database\\ConnectionInterface] is not instantiable while building [App\\Http\\Controllers\\SuperAdminController]. at C:\\Users\\Samson\\Desktop\\CMSC 152\\SeniorLink\\vendor\\illuminate\\container\\Container.php:1126)
[stacktrace]
#0 C:\\Users\\Samson\\Desktop\\CMSC 152\\SeniorLink\\vendor\\illuminate\\container\\Container.php(921): Illuminate\\Container\\Container->notInstantiable('Illuminate\\\\Data...')
#1 C:\\Users\\Samson\\Desktop\\CMSC 152\\SeniorLink\\vendor\\illuminate\\container\\Container.php(795): Illuminate\\Container\\Container->build('Illuminate\\\\Data...')
#2 C:\\Users\\Samson\\Desktop\\CMSC 152\\SeniorLink\\vendor\\illuminate\\container\\Container.php(731): Illuminate\\Container\\Container->resolve('Illuminate\\\\Data...', Array)
#3 C:\\Users\\Samson\\Desktop\\CMSC 152\\SeniorLink\\vendor\\laravel\\lumen-framework\\src\\Application.php(327): Illuminate\\Container\\Container->make('Illuminate\\\\Data...', Array)
#4 C:\\Users\\Samson\\Desktop\\CMSC 152\\SeniorLink\\vendor\\illuminate\\container\\Container.php(1066): Laravel\\Lumen\\Application->make('Illuminate\\\\Data...')
#5 C:\\Users\\Samson\\Desktop\\CMSC 152\\SeniorLink\\vendor\\illuminate\\container\\Container.php(982): Illuminate\\Container\\Container->resolveClass(Object(ReflectionParameter))
#6 C:\\Users\\Samson\\Desktop\\CMSC 152\\SeniorLink\\vendor\\illuminate\\container\\Container.php(943): Illuminate\\Container\\Container->resolveDependencies(Array)
#7 C:\\Users\\Samson\\Desktop\\CMSC 152\\SeniorLink\\vendor\\illuminate\\container\\Container.php(795): Illuminate\\Container\\Container->build('App\\\\Http\\\\Contro...')
#8 C:\\Users\\Samson\\Desktop\\CMSC 152\\SeniorLink\\vendor\\illuminate\\container\\Container.php(731): Illuminate\\Container\\Container->resolve('App\\\\Http\\\\Contro...', Array)
#9 C:\\Users\\Samson\\Desktop\\CMSC 152\\SeniorLink\\vendor\\laravel\\lumen-framework\\src\\Application.php(327): Illuminate\\Container\\Container->make('App\\\\Http\\\\Contro...', Array)
#10 C:\\Users\\Samson\\Desktop\\CMSC 152\\SeniorLink\\vendor\\laravel\\lumen-framework\\src\\Concerns\\RoutesRequests.php(326): Laravel\\Lumen\\Application->make('App\\\\Http\\\\Contro...')
#11 C:\\Users\\Samson\\Desktop\\CMSC 152\\SeniorLink\\vendor\\laravel\\lumen-framework\\src\\Concerns\\RoutesRequests.php(284): Laravel\\Lumen\\Application->callControllerAction(Array)
#12 C:\\Users\\Samson\\Desktop\\CMSC 152\\SeniorLink\\vendor\\laravel\\lumen-framework\\src\\Concerns\\RoutesRequests.php(269): Laravel\\Lumen\\Application->callActionOnArrayBasedRoute(Array)
#13 C:\\Users\\Samson\\Desktop\\CMSC 152\\SeniorLink\\vendor\\laravel\\lumen-framework\\src\\Concerns\\RoutesRequests.php(239): Laravel\\Lumen\\Application->handleFoundRoute(Array)
#14 C:\\Users\\Samson\\Desktop\\CMSC 152\\SeniorLink\\vendor\\laravel\\lumen-framework\\src\\Concerns\\RoutesRequests.php(174): Laravel\\Lumen\\Application->handleDispatcherResponse(Array)
#15 C:\\Users\\Samson\\Desktop\\CMSC 152\\SeniorLink\\vendor\\laravel\\lumen-framework\\src\\Concerns\\RoutesRequests.php(431): Laravel\\Lumen\\Application->Laravel\\Lumen\\Concerns\\{closure}(Object(Laravel\\Lumen\\Http\\Request))
#16 C:\\Users\\Samson\\Desktop\\CMSC 152\\SeniorLink\\vendor\\laravel\\lumen-framework\\src\\Concerns\\RoutesRequests.php(167): Laravel\\Lumen\\Application->sendThroughPipeline(Array, Object(Closure))
#17 C:\\Users\\Samson\\Desktop\\CMSC 152\\SeniorLink\\vendor\\laravel\\lumen-framework\\src\\Concerns\\RoutesRequests.php(112): Laravel\\Lumen\\Application->dispatch(NULL)
#18 C:\\Users\\Samson\\Desktop\\CMSC 152\\SeniorLink\\public\\index.php(28): Laravel\\Lumen\\Application->run()
#19 {main}
"} 
[2024-05-20 00:05:14] local.ERROR: Target [Illuminate\Database\ConnectionInterface] is not instantiable while building [App\Http\Controllers\SuperAdminController]. {"exception":"[object] (Illuminate\\Contracts\\Container\\BindingResolutionException(code: 0): Target [Illuminate\\Database\\ConnectionInterface] is not instantiable while building [App\\Http\\Controllers\\SuperAdminController]. at C:\\Users\\Samson\\Desktop\\CMSC 152\\SeniorLink\\vendor\\illuminate\\container\\Container.php:1126)
[stacktrace]
#0 C:\\Users\\Samson\\Desktop\\CMSC 152\\SeniorLink\\vendor\\illuminate\\container\\Container.php(921): Illuminate\\Container\\Container->notInstantiable('Illuminate\\\\Data...')
#1 C:\\Users\\Samson\\Desktop\\CMSC 152\\SeniorLink\\vendor\\illuminate\\container\\Container.php(795): Illuminate\\Container\\Container->build('Illuminate\\\\Data...')
#2 C:\\Users\\Samson\\Desktop\\CMSC 152\\SeniorLink\\vendor\\illuminate\\container\\Container.php(731): Illuminate\\Container\\Container->resolve('Illuminate\\\\Data...', Array)
#3 C:\\Users\\Samson\\Desktop\\CMSC 152\\SeniorLink\\vendor\\laravel\\lumen-framework\\src\\Application.php(327): Illuminate\\Container\\Container->make('Illuminate\\\\Data...', Array)
#4 C:\\Users\\Samson\\Desktop\\CMSC 152\\SeniorLink\\vendor\\illuminate\\container\\Container.php(1066): Laravel\\Lumen\\Application->make('Illuminate\\\\Data...')
#5 C:\\Users\\Samson\\Desktop\\CMSC 152\\SeniorLink\\vendor\\illuminate\\container\\Container.php(982): Illuminate\\Container\\Container->resolveClass(Object(ReflectionParameter))
#6 C:\\Users\\Samson\\Desktop\\CMSC 152\\SeniorLink\\vendor\\illuminate\\container\\Container.php(943): Illuminate\\Container\\Container->resolveDependencies(Array)
#7 C:\\Users\\Samson\\Desktop\\CMSC 152\\SeniorLink\\vendor\\illuminate\\container\\Container.php(795): Illuminate\\Container\\Container->build('App\\\\Http\\\\Contro...')
#8 C:\\Users\\Samson\\Desktop\\CMSC 152\\SeniorLink\\vendor\\illuminate\\container\\Container.php(731): Illuminate\\Container\\Container->resolve('App\\\\Http\\\\Contro...', Array)
#9 C:\\Users\\Samson\\Desktop\\CMSC 152\\SeniorLink\\vendor\\laravel\\lumen-framework\\src\\Application.php(327): Illuminate\\Container\\Container->make('App\\\\Http\\\\Contro...', Array)
#10 C:\\Users\\Samson\\Desktop\\CMSC 152\\SeniorLink\\vendor\\laravel\\lumen-framework\\src\\Concerns\\RoutesRequests.php(326): Laravel\\Lumen\\Application->make('App\\\\Http\\\\Contro...')
#11 C:\\Users\\Samson\\Desktop\\CMSC 152\\SeniorLink\\vendor\\laravel\\lumen-framework\\src\\Concerns\\RoutesRequests.php(284): Laravel\\Lumen\\Application->callControllerAction(Array)
#12 C:\\Users\\Samson\\Desktop\\CMSC 152\\SeniorLink\\vendor\\laravel\\lumen-framework\\src\\Concerns\\RoutesRequests.php(269): Laravel\\Lumen\\Application->callActionOnArrayBasedRoute(Array)
#13 C:\\Users\\Samson\\Desktop\\CMSC 152\\SeniorLink\\vendor\\laravel\\lumen-framework\\src\\Concerns\\RoutesRequests.php(239): Laravel\\Lumen\\Application->handleFoundRoute(Array)
#14 C:\\Users\\Samson\\Desktop\\CMSC 152\\SeniorLink\\vendor\\laravel\\lumen-framework\\src\\Concerns\\RoutesRequests.php(174): Laravel\\Lumen\\Application->handleDispatcherResponse(Array)
#15 C:\\Users\\Samson\\Desktop\\CMSC 152\\SeniorLink\\vendor\\laravel\\lumen-framework\\src\\Concerns\\RoutesRequests.php(431): Laravel\\Lumen\\Application->Laravel\\Lumen\\Concerns\\{closure}(Object(Laravel\\Lumen\\Http\\Request))
#16 C:\\Users\\Samson\\Desktop\\CMSC 152\\SeniorLink\\vendor\\laravel\\lumen-framework\\src\\Concerns\\RoutesRequests.php(167): Laravel\\Lumen\\Application->sendThroughPipeline(Array, Object(Closure))
#17 C:\\Users\\Samson\\Desktop\\CMSC 152\\SeniorLink\\vendor\\laravel\\lumen-framework\\src\\Concerns\\RoutesRequests.php(112): Laravel\\Lumen\\Application->dispatch(NULL)
#18 C:\\Users\\Samson\\Desktop\\CMSC 152\\SeniorLink\\public\\index.php(28): Laravel\\Lumen\\Application->run()
#19 {main}
"} 
[2024-05-20 00:08:23] local.ERROR: Target [Illuminate\Database\ConnectionInterface] is not instantiable while building [App\Http\Controllers\SuperAdminController]. {"exception":"[object] (Illuminate\\Contracts\\Container\\BindingResolutionException(code: 0): Target [Illuminate\\Database\\ConnectionInterface] is not instantiable while building [App\\Http\\Controllers\\SuperAdminController]. at C:\\Users\\Samson\\Desktop\\CMSC 152\\SeniorLink\\vendor\\illuminate\\container\\Container.php:1126)
[stacktrace]
#0 C:\\Users\\Samson\\Desktop\\CMSC 152\\SeniorLink\\vendor\\illuminate\\container\\Container.php(921): Illuminate\\Container\\Container->notInstantiable('Illuminate\\\\Data...')
#1 C:\\Users\\Samson\\Desktop\\CMSC 152\\SeniorLink\\vendor\\illuminate\\container\\Container.php(795): Illuminate\\Container\\Container->build('Illuminate\\\\Data...')
#2 C:\\Users\\Samson\\Desktop\\CMSC 152\\SeniorLink\\vendor\\illuminate\\container\\Container.php(731): Illuminate\\Container\\Container->resolve('Illuminate\\\\Data...', Array)
#3 C:\\Users\\Samson\\Desktop\\CMSC 152\\SeniorLink\\vendor\\laravel\\lumen-framework\\src\\Application.php(327): Illuminate\\Container\\Container->make('Illuminate\\\\Data...', Array)
#4 C:\\Users\\Samson\\Desktop\\CMSC 152\\SeniorLink\\vendor\\illuminate\\container\\Container.php(1066): Laravel\\Lumen\\Application->make('Illuminate\\\\Data...')
#5 C:\\Users\\Samson\\Desktop\\CMSC 152\\SeniorLink\\vendor\\illuminate\\container\\Container.php(982): Illuminate\\Container\\Container->resolveClass(Object(ReflectionParameter))
#6 C:\\Users\\Samson\\Desktop\\CMSC 152\\SeniorLink\\vendor\\illuminate\\container\\Container.php(943): Illuminate\\Container\\Container->resolveDependencies(Array)
#7 C:\\Users\\Samson\\Desktop\\CMSC 152\\SeniorLink\\vendor\\illuminate\\container\\Container.php(795): Illuminate\\Container\\Container->build('App\\\\Http\\\\Contro...')
#8 C:\\Users\\Samson\\Desktop\\CMSC 152\\SeniorLink\\vendor\\illuminate\\container\\Container.php(731): Illuminate\\Container\\Container->resolve('App\\\\Http\\\\Contro...', Array)
#9 C:\\Users\\Samson\\Desktop\\CMSC 152\\SeniorLink\\vendor\\laravel\\lumen-framework\\src\\Application.php(327): Illuminate\\Container\\Container->make('App\\\\Http\\\\Contro...', Array)
#10 C:\\Users\\Samson\\Desktop\\CMSC 152\\SeniorLink\\vendor\\laravel\\lumen-framework\\src\\Concerns\\RoutesRequests.php(326): Laravel\\Lumen\\Application->make('App\\\\Http\\\\Contro...')
#11 C:\\Users\\Samson\\Desktop\\CMSC 152\\SeniorLink\\vendor\\laravel\\lumen-framework\\src\\Concerns\\RoutesRequests.php(284): Laravel\\Lumen\\Application->callControllerAction(Array)
#12 C:\\Users\\Samson\\Desktop\\CMSC 152\\SeniorLink\\vendor\\laravel\\lumen-framework\\src\\Concerns\\RoutesRequests.php(269): Laravel\\Lumen\\Application->callActionOnArrayBasedRoute(Array)
#13 C:\\Users\\Samson\\Desktop\\CMSC 152\\SeniorLink\\vendor\\laravel\\lumen-framework\\src\\Concerns\\RoutesRequests.php(239): Laravel\\Lumen\\Application->handleFoundRoute(Array)
#14 C:\\Users\\Samson\\Desktop\\CMSC 152\\SeniorLink\\vendor\\laravel\\lumen-framework\\src\\Concerns\\RoutesRequests.php(174): Laravel\\Lumen\\Application->handleDispatcherResponse(Array)
#15 C:\\Users\\Samson\\Desktop\\CMSC 152\\SeniorLink\\vendor\\laravel\\lumen-framework\\src\\Concerns\\RoutesRequests.php(431): Laravel\\Lumen\\Application->Laravel\\Lumen\\Concerns\\{closure}(Object(Laravel\\Lumen\\Http\\Request))
#16 C:\\Users\\Samson\\Desktop\\CMSC 152\\SeniorLink\\vendor\\laravel\\lumen-framework\\src\\Concerns\\RoutesRequests.php(167): Laravel\\Lumen\\Application->sendThroughPipeline(Array, Object(Closure))
#17 C:\\Users\\Samson\\Desktop\\CMSC 152\\SeniorLink\\vendor\\laravel\\lumen-framework\\src\\Concerns\\RoutesRequests.php(112): Laravel\\Lumen\\Application->dispatch(NULL)
#18 C:\\Users\\Samson\\Desktop\\CMSC 152\\SeniorLink\\public\\index.php(28): Laravel\\Lumen\\Application->run()
#19 {main}
"} 
[2024-05-20 00:08:23] local.ERROR: Target [Illuminate\Database\ConnectionInterface] is not instantiable while building [App\Http\Controllers\SuperAdminController]. {"exception":"[object] (Illuminate\\Contracts\\Container\\BindingResolutionException(code: 0): Target [Illuminate\\Database\\ConnectionInterface] is not instantiable while building [App\\Http\\Controllers\\SuperAdminController]. at C:\\Users\\Samson\\Desktop\\CMSC 152\\SeniorLink\\vendor\\illuminate\\container\\Container.php:1126)
[stacktrace]
#0 C:\\Users\\Samson\\Desktop\\CMSC 152\\SeniorLink\\vendor\\illuminate\\container\\Container.php(921): Illuminate\\Container\\Container->notInstantiable('Illuminate\\\\Data...')
#1 C:\\Users\\Samson\\Desktop\\CMSC 152\\SeniorLink\\vendor\\illuminate\\container\\Container.php(795): Illuminate\\Container\\Container->build('Illuminate\\\\Data...')
#2 C:\\Users\\Samson\\Desktop\\CMSC 152\\SeniorLink\\vendor\\illuminate\\container\\Container.php(731): Illuminate\\Container\\Container->resolve('Illuminate\\\\Data...', Array)
#3 C:\\Users\\Samson\\Desktop\\CMSC 152\\SeniorLink\\vendor\\laravel\\lumen-framework\\src\\Application.php(327): Illuminate\\Container\\Container->make('Illuminate\\\\Data...', Array)
#4 C:\\Users\\Samson\\Desktop\\CMSC 152\\SeniorLink\\vendor\\illuminate\\container\\Container.php(1066): Laravel\\Lumen\\Application->make('Illuminate\\\\Data...')
#5 C:\\Users\\Samson\\Desktop\\CMSC 152\\SeniorLink\\vendor\\illuminate\\container\\Container.php(982): Illuminate\\Container\\Container->resolveClass(Object(ReflectionParameter))
#6 C:\\Users\\Samson\\Desktop\\CMSC 152\\SeniorLink\\vendor\\illuminate\\container\\Container.php(943): Illuminate\\Container\\Container->resolveDependencies(Array)
#7 C:\\Users\\Samson\\Desktop\\CMSC 152\\SeniorLink\\vendor\\illuminate\\container\\Container.php(795): Illuminate\\Container\\Container->build('App\\\\Http\\\\Contro...')
#8 C:\\Users\\Samson\\Desktop\\CMSC 152\\SeniorLink\\vendor\\illuminate\\container\\Container.php(731): Illuminate\\Container\\Container->resolve('App\\\\Http\\\\Contro...', Array)
#9 C:\\Users\\Samson\\Desktop\\CMSC 152\\SeniorLink\\vendor\\laravel\\lumen-framework\\src\\Application.php(327): Illuminate\\Container\\Container->make('App\\\\Http\\\\Contro...', Array)
#10 C:\\Users\\Samson\\Desktop\\CMSC 152\\SeniorLink\\vendor\\laravel\\lumen-framework\\src\\Concerns\\RoutesRequests.php(326): Laravel\\Lumen\\Application->make('App\\\\Http\\\\Contro...')
#11 C:\\Users\\Samson\\Desktop\\CMSC 152\\SeniorLink\\vendor\\laravel\\lumen-framework\\src\\Concerns\\RoutesRequests.php(284): Laravel\\Lumen\\Application->callControllerAction(Array)
#12 C:\\Users\\Samson\\Desktop\\CMSC 152\\SeniorLink\\vendor\\laravel\\lumen-framework\\src\\Concerns\\RoutesRequests.php(269): Laravel\\Lumen\\Application->callActionOnArrayBasedRoute(Array)
#13 C:\\Users\\Samson\\Desktop\\CMSC 152\\SeniorLink\\vendor\\laravel\\lumen-framework\\src\\Concerns\\RoutesRequests.php(239): Laravel\\Lumen\\Application->handleFoundRoute(Array)
#14 C:\\Users\\Samson\\Desktop\\CMSC 152\\SeniorLink\\vendor\\laravel\\lumen-framework\\src\\Concerns\\RoutesRequests.php(174): Laravel\\Lumen\\Application->handleDispatcherResponse(Array)
#15 C:\\Users\\Samson\\Desktop\\CMSC 152\\SeniorLink\\vendor\\laravel\\lumen-framework\\src\\Concerns\\RoutesRequests.php(431): Laravel\\Lumen\\Application->Laravel\\Lumen\\Concerns\\{closure}(Object(Laravel\\Lumen\\Http\\Request))
#16 C:\\Users\\Samson\\Desktop\\CMSC 152\\SeniorLink\\vendor\\laravel\\lumen-framework\\src\\Concerns\\RoutesRequests.php(167): Laravel\\Lumen\\Application->sendThroughPipeline(Array, Object(Closure))
#17 C:\\Users\\Samson\\Desktop\\CMSC 152\\SeniorLink\\vendor\\laravel\\lumen-framework\\src\\Concerns\\RoutesRequests.php(112): Laravel\\Lumen\\Application->dispatch(NULL)
#18 C:\\Users\\Samson\\Desktop\\CMSC 152\\SeniorLink\\public\\index.php(28): Laravel\\Lumen\\Application->run()
#19 {main}
"} 
