[2024-05-19 23:53:36] local.ERROR: A facade root has not been set. {"exception":"[object] (RuntimeException(code: 0): A facade root has not been set. at C:\\Users\\Samson\\Desktop\\CMSC 152\\SeniorLink\\vendor\\illuminate\\support\\Facades\\Facade.php:352)
[stacktrace]
#0 C:\\Users\\Samson\\Desktop\\CMSC 152\\SeniorLink\\app\\Http\\Controllers\\BaseController.php(31): Illuminate\\Support\\Facades\\Facade::__callStatic('select', Array)
#1 C:\\Users\\Samson\\Desktop\\CMSC 152\\SeniorLink\\app\\Http\\Controllers\\SuperAdminController.php(166): App\\Http\\Controllers\\BaseController->generateReadResponse('id, name, zip_c...', '', 'town')
#2 C:\\Users\\Samson\\Desktop\\CMSC 152\\SeniorLink\\vendor\\illuminate\\container\\BoundMethod.php(36): App\\Http\\Controllers\\SuperAdminController->getAll('town')
#3 C:\\Users\\Samson\\Desktop\\CMSC 152\\SeniorLink\\vendor\\illuminate\\container\\Util.php(41): Illuminate\\Container\\BoundMethod::Illuminate\\Container\\{closure}()
#4 C:\\Users\\Samson\\Desktop\\CMSC 152\\SeniorLink\\vendor\\illuminate\\container\\BoundMethod.php(93): Illuminate\\Container\\Util::unwrapIfClosure(Object(Closure))
#5 C:\\Users\\Samson\\Desktop\\CMSC 152\\SeniorLink\\vendor\\illuminate\\container\\BoundMethod.php(35): Illuminate\\Container\\BoundMethod::callBoundMethod(Object(Laravel\\Lumen\\Application), Array, Object(Closure))
#6 C:\\Users\\Samson\\Desktop\\CMSC 152\\SeniorLink\\vendor\\illuminate\\container\\Container.php(662): Illuminate\\Container\\BoundMethod::call(Object(Laravel\\Lumen\\Application), Array, Array, NULL)
#7 C:\\Users\\Samson\\Desktop\\CMSC 152\\SeniorLink\\vendor\\laravel\\lumen-framework\\src\\Concerns\\RoutesRequests.php(391): Illuminate\\Container\\Container->call(Array, Array)
#8 C:\\Users\\Samson\\Desktop\\CMSC 152\\SeniorLink\\vendor\\laravel\\lumen-framework\\src\\Concerns\\RoutesRequests.php(333): Laravel\\Lumen\\Application->callControllerCallable(Array, Array)
#9 C:\\Users\\Samson\\Desktop\\CMSC 152\\SeniorLink\\vendor\\laravel\\lumen-framework\\src\\Concerns\\RoutesRequests.php(284): Laravel\\Lumen\\Application->callControllerAction(Array)
#10 C:\\Users\\Samson\\Desktop\\CMSC 152\\SeniorLink\\vendor\\laravel\\lumen-framework\\src\\Concerns\\RoutesRequests.php(269): Laravel\\Lumen\\Application->callActionOnArrayBasedRoute(Array)
#11 C:\\Users\\Samson\\Desktop\\CMSC 152\\SeniorLink\\vendor\\laravel\\lumen-framework\\src\\Concerns\\RoutesRequests.php(239): Laravel\\Lumen\\Application->handleFoundRoute(Array)
#12 C:\\Users\\Samson\\Desktop\\CMSC 152\\SeniorLink\\vendor\\laravel\\lumen-framework\\src\\Concerns\\RoutesRequests.php(174): Laravel\\Lumen\\Application->handleDispatcherResponse(Array)
#13 C:\\Users\\Samson\\Desktop\\CMSC 152\\SeniorLink\\vendor\\laravel\\lumen-framework\\src\\Concerns\\RoutesRequests.php(431): Laravel\\Lumen\\Application->Laravel\\Lumen\\Concerns\\{closure}(Object(Laravel\\Lumen\\Http\\Request))
#14 C:\\Users\\Samson\\Desktop\\CMSC 152\\SeniorLink\\vendor\\laravel\\lumen-framework\\src\\Concerns\\RoutesRequests.php(167): Laravel\\Lumen\\Application->sendThroughPipeline(Array, Object(Closure))
#15 C:\\Users\\Samson\\Desktop\\CMSC 152\\SeniorLink\\vendor\\laravel\\lumen-framework\\src\\Concerns\\RoutesRequests.php(112): Laravel\\Lumen\\Application->dispatch(NULL)
#16 C:\\Users\\Samson\\Desktop\\CMSC 152\\SeniorLink\\public\\index.php(28): Laravel\\Lumen\\Application->run()
#17 {main}
"} 
[2024-05-19 23:54:50] local.ERROR: A facade root has not been set. {"exception":"[object] (RuntimeException(code: 0): A facade root has not been set. at C:\\Users\\Samson\\Desktop\\CMSC 152\\SeniorLink\\vendor\\illuminate\\support\\Facades\\Facade.php:352)
[stacktrace]
#0 C:\\Users\\Samson\\Desktop\\CMSC 152\\SeniorLink\\app\\Http\\Controllers\\BaseController.php(31): Illuminate\\Support\\Facades\\Facade::__callStatic('select', Array)
#1 C:\\Users\\Samson\\Desktop\\CMSC 152\\SeniorLink\\app\\Http\\Controllers\\SuperAdminController.php(166): App\\Http\\Controllers\\BaseController->generateReadResponse('id, name, zip_c...', '', 'town')
#2 C:\\Users\\Samson\\Desktop\\CMSC 152\\SeniorLink\\vendor\\illuminate\\container\\BoundMethod.php(36): App\\Http\\Controllers\\SuperAdminController->getAll(Object(Laravel\\Lumen\\Http\\Request), 'town')
#3 C:\\Users\\Samson\\Desktop\\CMSC 152\\SeniorLink\\vendor\\illuminate\\container\\Util.php(41): Illuminate\\Container\\BoundMethod::Illuminate\\Container\\{closure}()
#4 C:\\Users\\Samson\\Desktop\\CMSC 152\\SeniorLink\\vendor\\illuminate\\container\\BoundMethod.php(93): Illuminate\\Container\\Util::unwrapIfClosure(Object(Closure))
#5 C:\\Users\\Samson\\Desktop\\CMSC 152\\SeniorLink\\vendor\\illuminate\\container\\BoundMethod.php(35): Illuminate\\Container\\BoundMethod::callBoundMethod(Object(Laravel\\Lumen\\Application), Array, Object(Closure))
#6 C:\\Users\\Samson\\Desktop\\CMSC 152\\SeniorLink\\vendor\\illuminate\\container\\Container.php(662): Illuminate\\Container\\BoundMethod::call(Object(Laravel\\Lumen\\Application), Array, Array, NULL)
#7 C:\\Users\\Samson\\Desktop\\CMSC 152\\SeniorLink\\vendor\\laravel\\lumen-framework\\src\\Concerns\\RoutesRequests.php(391): Illuminate\\Container\\Container->call(Array, Array)
#8 C:\\Users\\Samson\\Desktop\\CMSC 152\\SeniorLink\\vendor\\laravel\\lumen-framework\\src\\Concerns\\RoutesRequests.php(333): Laravel\\Lumen\\Application->callControllerCallable(Array, Array)
#9 C:\\Users\\Samson\\Desktop\\CMSC 152\\SeniorLink\\vendor\\laravel\\lumen-framework\\src\\Concerns\\RoutesRequests.php(284): Laravel\\Lumen\\Application->callControllerAction(Array)
#10 C:\\Users\\Samson\\Desktop\\CMSC 152\\SeniorLink\\vendor\\laravel\\lumen-framework\\src\\Concerns\\RoutesRequests.php(269): Laravel\\Lumen\\Application->callActionOnArrayBasedRoute(Array)
#11 C:\\Users\\Samson\\Desktop\\CMSC 152\\SeniorLink\\vendor\\laravel\\lumen-framework\\src\\Concerns\\RoutesRequests.php(239): Laravel\\Lumen\\Application->handleFoundRoute(Array)
#12 C:\\Users\\Samson\\Desktop\\CMSC 152\\SeniorLink\\vendor\\laravel\\lumen-framework\\src\\Concerns\\RoutesRequests.php(174): Laravel\\Lumen\\Application->handleDispatcherResponse(Array)
#13 C:\\Users\\Samson\\Desktop\\CMSC 152\\SeniorLink\\vendor\\laravel\\lumen-framework\\src\\Concerns\\RoutesRequests.php(431): Laravel\\Lumen\\Application->Laravel\\Lumen\\Concerns\\{closure}(Object(Laravel\\Lumen\\Http\\Request))
#14 C:\\Users\\Samson\\Desktop\\CMSC 152\\SeniorLink\\vendor\\laravel\\lumen-framework\\src\\Concerns\\RoutesRequests.php(167): Laravel\\Lumen\\Application->sendThroughPipeline(Array, Object(Closure))
#15 C:\\Users\\Samson\\Desktop\\CMSC 152\\SeniorLink\\vendor\\laravel\\lumen-framework\\src\\Concerns\\RoutesRequests.php(112): Laravel\\Lumen\\Application->dispatch(NULL)
#16 C:\\Users\\Samson\\Desktop\\CMSC 152\\SeniorLink\\public\\index.php(28): Laravel\\Lumen\\Application->run()
#17 {main}
"} 
[2024-05-19 23:57:49] local.ERROR: Target [Illuminate\Database\ConnectionInterface] is not instantiable while building [App\Http\Controllers\SuperAdminController]. {"exception":"[object] (Illuminate\\Contracts\\Container\\BindingResolutionException(code: 0): Target [Illuminate\\Database\\ConnectionInterface] is not instantiable while building [App\\Http\\Controllers\\SuperAdminController]. at C:\\Users\\Samson\\Desktop\\CMSC 152\\SeniorLink\\vendor\\illuminate\\container\\Container.php:1126)
[stacktrace]
#0 C:\\Users\\Samson\\Desktop\\CMSC 152\\SeniorLink\\vendor\\illuminate\\container\\Container.php(921): Illuminate\\Container\\Container->notInstantiable('Illuminate\\\\Data...')
#1 C:\\Users\\Samson\\Desktop\\CMSC 152\\SeniorLink\\vendor\\illuminate\\container\\Container.php(795): Illuminate\\Container\\Container->build('Illuminate\\\\Data...')
#2 C:\\Users\\Samson\\Desktop\\CMSC 152\\SeniorLink\\vendor\\illuminate\\container\\Container.php(731): Illuminate\\Container\\Container->resolve('Illuminate\\\\Data...', Array)
#3 C:\\Users\\Samson\\Desktop\\CMSC 152\\SeniorLink\\vendor\\laravel\\lumen-framework\\src\\Application.php(327): Illuminate\\Container\\Container->make('Illuminate\\\\Data...', Array)
#4 C:\\Users\\Samson\\Desktop\\CMSC 152\\SeniorLink\\vendor\\illuminate\\container\\Container.php(1066): Laravel\\Lumen\\Application->make('Illuminate\\\\Data...')
#5 C:\\Users\\Samson\\Desktop\\CMSC 152\\SeniorLink\\vendor\\illuminate\\container\\Container.php(982): Illuminate\\Container\\Container->resolveClass(Object(ReflectionParameter))
#6 C:\\Users\\Samson\\Desktop\\CMSC 152\\SeniorLink\\vendor\\illuminate\\container\\Container.php(943): Illuminate\\Container\\Container->resolveDependencies(Array)
#7 C:\\Users\\Samson\\Desktop\\CMSC 152\\SeniorLink\\vendor\\illuminate\\container\\Container.php(795): Illuminate\\Container\\Container->build('App\\\\Http\\\\Contro...')
#8 C:\\Users\\Samson\\Desktop\\CMSC 152\\SeniorLink\\vendor\\illuminate\\container\\Container.php(731): Illuminate\\Container\\Container->resolve('App\\\\Http\\\\Contro...', Array)
#9 C:\\Users\\Samson\\Desktop\\CMSC 152\\SeniorLink\\vendor\\laravel\\lumen-framework\\src\\Application.php(327): Illuminate\\Container\\Container->make('App\\\\Http\\\\Contro...', Array)
#10 C:\\Users\\Samson\\Desktop\\CMSC 152\\SeniorLink\\vendor\\laravel\\lumen-framework\\src\\Concerns\\RoutesRequests.php(326): Laravel\\Lumen\\Application->make('App\\\\Http\\\\Contro...')
#11 C:\\Users\\Samson\\Desktop\\CMSC 152\\SeniorLink\\vendor\\laravel\\lumen-framework\\src\\Concerns\\RoutesRequests.php(284): Laravel\\Lumen\\Application->callControllerAction(Array)
#12 C:\\Users\\Samson\\Desktop\\CMSC 152\\SeniorLink\\vendor\\laravel\\lumen-framework\\src\\Concerns\\RoutesRequests.php(269): Laravel\\Lumen\\Application->callActionOnArrayBasedRoute(Array)
#13 C:\\Users\\Samson\\Desktop\\CMSC 152\\SeniorLink\\vendor\\laravel\\lumen-framework\\src\\Concerns\\RoutesRequests.php(239): Laravel\\Lumen\\Application->handleFoundRoute(Array)
#14 C:\\Users\\Samson\\Desktop\\CMSC 152\\SeniorLink\\vendor\\laravel\\lumen-framework\\src\\Concerns\\RoutesRequests.php(174): Laravel\\Lumen\\Application->handleDispatcherResponse(Array)
#15 C:\\Users\\Samson\\Desktop\\CMSC 152\\SeniorLink\\vendor\\laravel\\lumen-framework\\src\\Concerns\\RoutesRequests.php(431): Laravel\\Lumen\\Application->Laravel\\Lumen\\Concerns\\{closure}(Object(Laravel\\Lumen\\Http\\Request))
#16 C:\\Users\\Samson\\Desktop\\CMSC 152\\SeniorLink\\vendor\\laravel\\lumen-framework\\src\\Concerns\\RoutesRequests.php(167): Laravel\\Lumen\\Application->sendThroughPipeline(Array, Object(Closure))
#17 C:\\Users\\Samson\\Desktop\\CMSC 152\\SeniorLink\\vendor\\laravel\\lumen-framework\\src\\Concerns\\RoutesRequests.php(112): Laravel\\Lumen\\Application->dispatch(NULL)
#18 C:\\Users\\Samson\\Desktop\\CMSC 152\\SeniorLink\\public\\index.php(28): Laravel\\Lumen\\Application->run()
#19 {main}
"} 
[2024-05-19 23:58:55] local.ERROR: A facade root has not been set. {"exception":"[object] (RuntimeException(code: 0): A facade root has not been set. at C:\\Users\\Samson\\Desktop\\CMSC 152\\SeniorLink\\vendor\\illuminate\\support\\Facades\\Facade.php:352)
[stacktrace]
#0 C:\\Users\\Samson\\Desktop\\CMSC 152\\SeniorLink\\app\\Http\\Controllers\\BaseController.php(31): Illuminate\\Support\\Facades\\Facade::__callStatic('select', Array)
#1 C:\\Users\\Samson\\Desktop\\CMSC 152\\SeniorLink\\app\\Http\\Controllers\\SuperAdminController.php(179): App\\Http\\Controllers\\BaseController->generateReadResponse('id, name, zip_c...', '', 'town')
#2 C:\\Users\\Samson\\Desktop\\CMSC 152\\SeniorLink\\vendor\\illuminate\\container\\BoundMethod.php(36): App\\Http\\Controllers\\SuperAdminController->getAll(Object(Laravel\\Lumen\\Http\\Request), 'town')
#3 C:\\Users\\Samson\\Desktop\\CMSC 152\\SeniorLink\\vendor\\illuminate\\container\\Util.php(41): Illuminate\\Container\\BoundMethod::Illuminate\\Container\\{closure}()
#4 C:\\Users\\Samson\\Desktop\\CMSC 152\\SeniorLink\\vendor\\illuminate\\container\\BoundMethod.php(93): Illuminate\\Container\\Util::unwrapIfClosure(Object(Closure))
#5 C:\\Users\\Samson\\Desktop\\CMSC 152\\SeniorLink\\vendor\\illuminate\\container\\BoundMethod.php(35): Illuminate\\Container\\BoundMethod::callBoundMethod(Object(Laravel\\Lumen\\Application), Array, Object(Closure))
#6 C:\\Users\\Samson\\Desktop\\CMSC 152\\SeniorLink\\vendor\\illuminate\\container\\Container.php(662): Illuminate\\Container\\BoundMethod::call(Object(Laravel\\Lumen\\Application), Array, Array, NULL)
#7 C:\\Users\\Samson\\Desktop\\CMSC 152\\SeniorLink\\vendor\\laravel\\lumen-framework\\src\\Concerns\\RoutesRequests.php(391): Illuminate\\Container\\Container->call(Array, Array)
#8 C:\\Users\\Samson\\Desktop\\CMSC 152\\SeniorLink\\vendor\\laravel\\lumen-framework\\src\\Concerns\\RoutesRequests.php(333): Laravel\\Lumen\\Application->callControllerCallable(Array, Array)
#9 C:\\Users\\Samson\\Desktop\\CMSC 152\\SeniorLink\\vendor\\laravel\\lumen-framework\\src\\Concerns\\RoutesRequests.php(284): Laravel\\Lumen\\Application->callControllerAction(Array)
#10 C:\\Users\\Samson\\Desktop\\CMSC 152\\SeniorLink\\vendor\\laravel\\lumen-framework\\src\\Concerns\\RoutesRequests.php(269): Laravel\\Lumen\\Application->callActionOnArrayBasedRoute(Array)
#11 C:\\Users\\Samson\\Desktop\\CMSC 152\\SeniorLink\\vendor\\laravel\\lumen-framework\\src\\Concerns\\RoutesRequests.php(239): Laravel\\Lumen\\Application->handleFoundRoute(Array)
#12 C:\\Users\\Samson\\Desktop\\CMSC 152\\SeniorLink\\vendor\\laravel\\lumen-framework\\src\\Concerns\\RoutesRequests.php(174): Laravel\\Lumen\\Application->handleDispatcherResponse(Array)
#13 C:\\Users\\Samson\\Desktop\\CMSC 152\\SeniorLink\\vendor\\laravel\\lumen-framework\\src\\Concerns\\RoutesRequests.php(431): Laravel\\Lumen\\Application->Laravel\\Lumen\\Concerns\\{closure}(Object(Laravel\\Lumen\\Http\\Request))
#14 C:\\Users\\Samson\\Desktop\\CMSC 152\\SeniorLink\\vendor\\laravel\\lumen-framework\\src\\Concerns\\RoutesRequests.php(167): Laravel\\Lumen\\Application->sendThroughPipeline(Array, Object(Closure))
#15 C:\\Users\\Samson\\Desktop\\CMSC 152\\SeniorLink\\vendor\\laravel\\lumen-framework\\src\\Concerns\\RoutesRequests.php(112): Laravel\\Lumen\\Application->dispatch(NULL)
#16 C:\\Users\\Samson\\Desktop\\CMSC 152\\SeniorLink\\public\\index.php(28): Laravel\\Lumen\\Application->run()
#17 {main}
"} 
[2024-05-19 23:58:55] local.ERROR: A facade root has not been set. {"exception":"[object] (RuntimeException(code: 0): A facade root has not been set. at C:\\Users\\Samson\\Desktop\\CMSC 152\\SeniorLink\\vendor\\illuminate\\support\\Facades\\Facade.php:352)
[stacktrace]
#0 C:\\Users\\Samson\\Desktop\\CMSC 152\\SeniorLink\\app\\Http\\Controllers\\BaseController.php(31): Illuminate\\Support\\Facades\\Facade::__callStatic('select', Array)
#1 C:\\Users\\Samson\\Desktop\\CMSC 152\\SeniorLink\\app\\Http\\Controllers\\SuperAdminController.php(179): App\\Http\\Controllers\\BaseController->generateReadResponse('id, name, zip_c...', '', 'town')
#2 C:\\Users\\Samson\\Desktop\\CMSC 152\\SeniorLink\\vendor\\illuminate\\container\\BoundMethod.php(36): App\\Http\\Controllers\\SuperAdminController->getAll(Object(Laravel\\Lumen\\Http\\Request), 'town')
#3 C:\\Users\\Samson\\Desktop\\CMSC 152\\SeniorLink\\vendor\\illuminate\\container\\Util.php(41): Illuminate\\Container\\BoundMethod::Illuminate\\Container\\{closure}()
#4 C:\\Users\\Samson\\Desktop\\CMSC 152\\SeniorLink\\vendor\\illuminate\\container\\BoundMethod.php(93): Illuminate\\Container\\Util::unwrapIfClosure(Object(Closure))
#5 C:\\Users\\Samson\\Desktop\\CMSC 152\\SeniorLink\\vendor\\illuminate\\container\\BoundMethod.php(35): Illuminate\\Container\\BoundMethod::callBoundMethod(Object(Laravel\\Lumen\\Application), Array, Object(Closure))
#6 C:\\Users\\Samson\\Desktop\\CMSC 152\\SeniorLink\\vendor\\illuminate\\container\\Container.php(662): Illuminate\\Container\\BoundMethod::call(Object(Laravel\\Lumen\\Application), Array, Array, NULL)
#7 C:\\Users\\Samson\\Desktop\\CMSC 152\\SeniorLink\\vendor\\laravel\\lumen-framework\\src\\Concerns\\RoutesRequests.php(391): Illuminate\\Container\\Container->call(Array, Array)
#8 C:\\Users\\Samson\\Desktop\\CMSC 152\\SeniorLink\\vendor\\laravel\\lumen-framework\\src\\Concerns\\RoutesRequests.php(333): Laravel\\Lumen\\Application->callControllerCallable(Array, Array)
#9 C:\\Users\\Samson\\Desktop\\CMSC 152\\SeniorLink\\vendor\\laravel\\lumen-framework\\src\\Concerns\\RoutesRequests.php(284): Laravel\\Lumen\\Application->callControllerAction(Array)
#10 C:\\Users\\Samson\\Desktop\\CMSC 152\\SeniorLink\\vendor\\laravel\\lumen-framework\\src\\Concerns\\RoutesRequests.php(269): Laravel\\Lumen\\Application->callActionOnArrayBasedRoute(Array)
#11 C:\\Users\\Samson\\Desktop\\CMSC 152\\SeniorLink\\vendor\\laravel\\lumen-framework\\src\\Concerns\\RoutesRequests.php(239): Laravel\\Lumen\\Application->handleFoundRoute(Array)
#12 C:\\Users\\Samson\\Desktop\\CMSC 152\\SeniorLink\\vendor\\laravel\\lumen-framework\\src\\Concerns\\RoutesRequests.php(174): Laravel\\Lumen\\Application->handleDispatcherResponse(Array)
#13 C:\\Users\\Samson\\Desktop\\CMSC 152\\SeniorLink\\vendor\\laravel\\lumen-framework\\src\\Concerns\\RoutesRequests.php(431): Laravel\\Lumen\\Application->Laravel\\Lumen\\Concerns\\{closure}(Object(Laravel\\Lumen\\Http\\Request))
#14 C:\\Users\\Samson\\Desktop\\CMSC 152\\SeniorLink\\vendor\\laravel\\lumen-framework\\src\\Concerns\\RoutesRequests.php(167): Laravel\\Lumen\\Application->sendThroughPipeline(Array, Object(Closure))
#15 C:\\Users\\Samson\\Desktop\\CMSC 152\\SeniorLink\\vendor\\laravel\\lumen-framework\\src\\Concerns\\RoutesRequests.php(112): Laravel\\Lumen\\Application->dispatch(NULL)
#16 C:\\Users\\Samson\\Desktop\\CMSC 152\\SeniorLink\\public\\index.php(28): Laravel\\Lumen\\Application->run()
#17 {main}
"} 
[2024-05-19 23:59:39] local.ERROR: Command "serve" is not defined. {"exception":"[object] (Symfony\\Component\\Console\\Exception\\CommandNotFoundException(code: 0): Command \"serve\" is not defined. at C:\\Users\\Samson\\Desktop\\CMSC 152\\SeniorLink\\vendor\\symfony\\console\\Application.php:737)
[stacktrace]
#0 C:\\Users\\Samson\\Desktop\\CMSC 152\\SeniorLink\\vendor\\symfony\\console\\Application.php(266): Symfony\\Component\\Console\\Application->find('serve')
#1 C:\\Users\\Samson\\Desktop\\CMSC 152\\SeniorLink\\vendor\\symfony\\console\\Application.php(175): Symfony\\Component\\Console\\Application->doRun(Object(Symfony\\Component\\Console\\Input\\ArgvInput), Object(Symfony\\Component\\Console\\Output\\ConsoleOutput))
#2 C:\\Users\\Samson\\Desktop\\CMSC 152\\SeniorLink\\vendor\\laravel\\lumen-framework\\src\\Console\\Kernel.php(160): Symfony\\Component\\Console\\Application->run(Object(Symfony\\Component\\Console\\Input\\ArgvInput), Object(Symfony\\Component\\Console\\Output\\ConsoleOutput))
#3 C:\\Users\\Samson\\Desktop\\CMSC 152\\SeniorLink\\artisan(35): Laravel\\Lumen\\Console\\Kernel->handle(Object(Symfony\\Component\\Console\\Input\\ArgvInput), Object(Symfony\\Component\\Console\\Output\\ConsoleOutput))
#4 {main}
"} 
