[2024-05-25 15:16:32] local.ERROR: Illuminate\Database\Connection::prepareBindings(): Argument #1 ($bindings) must be of type array, null given, called in /home/samsonrollolocal/SeniorLink/seniorlink-api/vendor/illuminate/database/Connection.php on line 426 {"exception":"[object] (TypeError(code: 0): Illuminate\\Database\\Connection::prepareBindings(): Argument #1 ($bindings) must be of type array, null given, called in /home/samsonrollolocal/SeniorLink/seniorlink-api/vendor/illuminate/database/Connection.php on line 426 at /home/samsonrollolocal/SeniorLink/seniorlink-api/vendor/illuminate/database/Connection.php:741)
[stacktrace]
#0 /home/samsonrollolocal/SeniorLink/seniorlink-api/vendor/illuminate/database/Connection.php(426): Illuminate\\Database\\Connection->prepareBindings()
#1 /home/samsonrollolocal/SeniorLink/seniorlink-api/vendor/illuminate/database/Connection.php(816): Illuminate\\Database\\Connection->Illuminate\\Database\\{closure}()
#2 /home/samsonrollolocal/SeniorLink/seniorlink-api/vendor/illuminate/database/Connection.php(783): Illuminate\\Database\\Connection->runQueryCallback()
#3 /home/samsonrollolocal/SeniorLink/seniorlink-api/vendor/illuminate/database/Connection.php(414): Illuminate\\Database\\Connection->run()
#4 /home/samsonrollolocal/SeniorLink/seniorlink-api/vendor/illuminate/database/DatabaseManager.php(509): Illuminate\\Database\\Connection->select()
#5 /home/samsonrollolocal/SeniorLink/seniorlink-api/vendor/illuminate/support/Facades/Facade.php(355): Illuminate\\Database\\DatabaseManager->__call()
#6 /home/samsonrollolocal/SeniorLink/seniorlink-api/app/Http/Controllers/BaseController.php(32): Illuminate\\Support\\Facades\\Facade::__callStatic()
#7 /home/samsonrollolocal/SeniorLink/seniorlink-api/app/Http/Controllers/SuperAdminController.php(88): App\\Http\\Controllers\\BaseController->generateReadResponse()
#8 /home/samsonrollolocal/SeniorLink/seniorlink-api/vendor/illuminate/container/BoundMethod.php(36): App\\Http\\Controllers\\SuperAdminController->read()
#9 /home/samsonrollolocal/SeniorLink/seniorlink-api/vendor/illuminate/container/Util.php(41): Illuminate\\Container\\BoundMethod::Illuminate\\Container\\{closure}()
#10 /home/samsonrollolocal/SeniorLink/seniorlink-api/vendor/illuminate/container/BoundMethod.php(93): Illuminate\\Container\\Util::unwrapIfClosure()
#11 /home/samsonrollolocal/SeniorLink/seniorlink-api/vendor/illuminate/container/BoundMethod.php(35): Illuminate\\Container\\BoundMethod::callBoundMethod()
#12 /home/samsonrollolocal/SeniorLink/seniorlink-api/vendor/illuminate/container/Container.php(662): Illuminate\\Container\\BoundMethod::call()
#13 /home/samsonrollolocal/SeniorLink/seniorlink-api/vendor/laravel/lumen-framework/src/Concerns/RoutesRequests.php(391): Illuminate\\Container\\Container->call()
#14 /home/samsonrollolocal/SeniorLink/seniorlink-api/vendor/laravel/lumen-framework/src/Concerns/RoutesRequests.php(333): Laravel\\Lumen\\Application->callControllerCallable()
#15 /home/samsonrollolocal/SeniorLink/seniorlink-api/vendor/laravel/lumen-framework/src/Concerns/RoutesRequests.php(284): Laravel\\Lumen\\Application->callControllerAction()
#16 /home/samsonrollolocal/SeniorLink/seniorlink-api/vendor/laravel/lumen-framework/src/Concerns/RoutesRequests.php(269): Laravel\\Lumen\\Application->callActionOnArrayBasedRoute()
#17 /home/samsonrollolocal/SeniorLink/seniorlink-api/vendor/laravel/lumen-framework/src/Concerns/RoutesRequests.php(239): Laravel\\Lumen\\Application->handleFoundRoute()
#18 /home/samsonrollolocal/SeniorLink/seniorlink-api/vendor/laravel/lumen-framework/src/Concerns/RoutesRequests.php(174): Laravel\\Lumen\\Application->handleDispatcherResponse()
#19 /home/samsonrollolocal/SeniorLink/seniorlink-api/vendor/laravel/lumen-framework/src/Routing/Pipeline.php(48): Laravel\\Lumen\\Application->Laravel\\Lumen\\Concerns\\{closure}()
#20 /home/samsonrollolocal/SeniorLink/seniorlink-api/app/Http/Middleware/CorsMiddleware.php(18): Laravel\\Lumen\\Routing\\Pipeline->Laravel\\Lumen\\Routing\\{closure}()
#21 /home/samsonrollolocal/SeniorLink/seniorlink-api/vendor/illuminate/pipeline/Pipeline.php(183): App\\Http\\Middleware\\CorsMiddleware->handle()
#22 /home/samsonrollolocal/SeniorLink/seniorlink-api/vendor/laravel/lumen-framework/src/Routing/Pipeline.php(30): Illuminate\\Pipeline\\Pipeline->Illuminate\\Pipeline\\{closure}()
#23 /home/samsonrollolocal/SeniorLink/seniorlink-api/vendor/illuminate/pipeline/Pipeline.php(119): Laravel\\Lumen\\Routing\\Pipeline->Laravel\\Lumen\\Routing\\{closure}()
#24 /home/samsonrollolocal/SeniorLink/seniorlink-api/vendor/laravel/lumen-framework/src/Concerns/RoutesRequests.php(428): Illuminate\\Pipeline\\Pipeline->then()
#25 /home/samsonrollolocal/SeniorLink/seniorlink-api/vendor/laravel/lumen-framework/src/Concerns/RoutesRequests.php(167): Laravel\\Lumen\\Application->sendThroughPipeline()
#26 /home/samsonrollolocal/SeniorLink/seniorlink-api/vendor/laravel/lumen-framework/src/Concerns/RoutesRequests.php(112): Laravel\\Lumen\\Application->dispatch()
#27 /home/samsonrollolocal/SeniorLink/seniorlink-api/public/index.php(28): Laravel\\Lumen\\Application->run()
#28 {main}
"} 
[2024-05-25 15:16:34] local.ERROR: Illuminate\Database\Connection::prepareBindings(): Argument #1 ($bindings) must be of type array, null given, called in /home/samsonrollolocal/SeniorLink/seniorlink-api/vendor/illuminate/database/Connection.php on line 426 {"exception":"[object] (TypeError(code: 0): Illuminate\\Database\\Connection::prepareBindings(): Argument #1 ($bindings) must be of type array, null given, called in /home/samsonrollolocal/SeniorLink/seniorlink-api/vendor/illuminate/database/Connection.php on line 426 at /home/samsonrollolocal/SeniorLink/seniorlink-api/vendor/illuminate/database/Connection.php:741)
[stacktrace]
#0 /home/samsonrollolocal/SeniorLink/seniorlink-api/vendor/illuminate/database/Connection.php(426): Illuminate\\Database\\Connection->prepareBindings()
#1 /home/samsonrollolocal/SeniorLink/seniorlink-api/vendor/illuminate/database/Connection.php(816): Illuminate\\Database\\Connection->Illuminate\\Database\\{closure}()
#2 /home/samsonrollolocal/SeniorLink/seniorlink-api/vendor/illuminate/database/Connection.php(783): Illuminate\\Database\\Connection->runQueryCallback()
#3 /home/samsonrollolocal/SeniorLink/seniorlink-api/vendor/illuminate/database/Connection.php(414): Illuminate\\Database\\Connection->run()
#4 /home/samsonrollolocal/SeniorLink/seniorlink-api/vendor/illuminate/database/DatabaseManager.php(509): Illuminate\\Database\\Connection->select()
#5 /home/samsonrollolocal/SeniorLink/seniorlink-api/vendor/illuminate/support/Facades/Facade.php(355): Illuminate\\Database\\DatabaseManager->__call()
#6 /home/samsonrollolocal/SeniorLink/seniorlink-api/app/Http/Controllers/BaseController.php(32): Illuminate\\Support\\Facades\\Facade::__callStatic()
#7 /home/samsonrollolocal/SeniorLink/seniorlink-api/app/Http/Controllers/SuperAdminController.php(88): App\\Http\\Controllers\\BaseController->generateReadResponse()
#8 /home/samsonrollolocal/SeniorLink/seniorlink-api/vendor/illuminate/container/BoundMethod.php(36): App\\Http\\Controllers\\SuperAdminController->read()
#9 /home/samsonrollolocal/SeniorLink/seniorlink-api/vendor/illuminate/container/Util.php(41): Illuminate\\Container\\BoundMethod::Illuminate\\Container\\{closure}()
#10 /home/samsonrollolocal/SeniorLink/seniorlink-api/vendor/illuminate/container/BoundMethod.php(93): Illuminate\\Container\\Util::unwrapIfClosure()
#11 /home/samsonrollolocal/SeniorLink/seniorlink-api/vendor/illuminate/container/BoundMethod.php(35): Illuminate\\Container\\BoundMethod::callBoundMethod()
#12 /home/samsonrollolocal/SeniorLink/seniorlink-api/vendor/illuminate/container/Container.php(662): Illuminate\\Container\\BoundMethod::call()
#13 /home/samsonrollolocal/SeniorLink/seniorlink-api/vendor/laravel/lumen-framework/src/Concerns/RoutesRequests.php(391): Illuminate\\Container\\Container->call()
#14 /home/samsonrollolocal/SeniorLink/seniorlink-api/vendor/laravel/lumen-framework/src/Concerns/RoutesRequests.php(333): Laravel\\Lumen\\Application->callControllerCallable()
#15 /home/samsonrollolocal/SeniorLink/seniorlink-api/vendor/laravel/lumen-framework/src/Concerns/RoutesRequests.php(284): Laravel\\Lumen\\Application->callControllerAction()
#16 /home/samsonrollolocal/SeniorLink/seniorlink-api/vendor/laravel/lumen-framework/src/Concerns/RoutesRequests.php(269): Laravel\\Lumen\\Application->callActionOnArrayBasedRoute()
#17 /home/samsonrollolocal/SeniorLink/seniorlink-api/vendor/laravel/lumen-framework/src/Concerns/RoutesRequests.php(239): Laravel\\Lumen\\Application->handleFoundRoute()
#18 /home/samsonrollolocal/SeniorLink/seniorlink-api/vendor/laravel/lumen-framework/src/Concerns/RoutesRequests.php(174): Laravel\\Lumen\\Application->handleDispatcherResponse()
#19 /home/samsonrollolocal/SeniorLink/seniorlink-api/vendor/laravel/lumen-framework/src/Routing/Pipeline.php(48): Laravel\\Lumen\\Application->Laravel\\Lumen\\Concerns\\{closure}()
#20 /home/samsonrollolocal/SeniorLink/seniorlink-api/app/Http/Middleware/CorsMiddleware.php(18): Laravel\\Lumen\\Routing\\Pipeline->Laravel\\Lumen\\Routing\\{closure}()
#21 /home/samsonrollolocal/SeniorLink/seniorlink-api/vendor/illuminate/pipeline/Pipeline.php(183): App\\Http\\Middleware\\CorsMiddleware->handle()
#22 /home/samsonrollolocal/SeniorLink/seniorlink-api/vendor/laravel/lumen-framework/src/Routing/Pipeline.php(30): Illuminate\\Pipeline\\Pipeline->Illuminate\\Pipeline\\{closure}()
#23 /home/samsonrollolocal/SeniorLink/seniorlink-api/vendor/illuminate/pipeline/Pipeline.php(119): Laravel\\Lumen\\Routing\\Pipeline->Laravel\\Lumen\\Routing\\{closure}()
#24 /home/samsonrollolocal/SeniorLink/seniorlink-api/vendor/laravel/lumen-framework/src/Concerns/RoutesRequests.php(428): Illuminate\\Pipeline\\Pipeline->then()
#25 /home/samsonrollolocal/SeniorLink/seniorlink-api/vendor/laravel/lumen-framework/src/Concerns/RoutesRequests.php(167): Laravel\\Lumen\\Application->sendThroughPipeline()
#26 /home/samsonrollolocal/SeniorLink/seniorlink-api/vendor/laravel/lumen-framework/src/Concerns/RoutesRequests.php(112): Laravel\\Lumen\\Application->dispatch()
#27 /home/samsonrollolocal/SeniorLink/seniorlink-api/public/index.php(28): Laravel\\Lumen\\Application->run()
#28 {main}
"} 
[2024-05-25 15:16:51] local.ERROR: Illuminate\Database\Connection::prepareBindings(): Argument #1 ($bindings) must be of type array, null given, called in /home/samsonrollolocal/SeniorLink/seniorlink-api/vendor/illuminate/database/Connection.php on line 426 {"exception":"[object] (TypeError(code: 0): Illuminate\\Database\\Connection::prepareBindings(): Argument #1 ($bindings) must be of type array, null given, called in /home/samsonrollolocal/SeniorLink/seniorlink-api/vendor/illuminate/database/Connection.php on line 426 at /home/samsonrollolocal/SeniorLink/seniorlink-api/vendor/illuminate/database/Connection.php:741)
[stacktrace]
#0 /home/samsonrollolocal/SeniorLink/seniorlink-api/vendor/illuminate/database/Connection.php(426): Illuminate\\Database\\Connection->prepareBindings()
#1 /home/samsonrollolocal/SeniorLink/seniorlink-api/vendor/illuminate/database/Connection.php(816): Illuminate\\Database\\Connection->Illuminate\\Database\\{closure}()
#2 /home/samsonrollolocal/SeniorLink/seniorlink-api/vendor/illuminate/database/Connection.php(783): Illuminate\\Database\\Connection->runQueryCallback()
#3 /home/samsonrollolocal/SeniorLink/seniorlink-api/vendor/illuminate/database/Connection.php(414): Illuminate\\Database\\Connection->run()
#4 /home/samsonrollolocal/SeniorLink/seniorlink-api/vendor/illuminate/database/DatabaseManager.php(509): Illuminate\\Database\\Connection->select()
#5 /home/samsonrollolocal/SeniorLink/seniorlink-api/vendor/illuminate/support/Facades/Facade.php(355): Illuminate\\Database\\DatabaseManager->__call()
#6 /home/samsonrollolocal/SeniorLink/seniorlink-api/app/Http/Controllers/BaseController.php(32): Illuminate\\Support\\Facades\\Facade::__callStatic()
#7 /home/samsonrollolocal/SeniorLink/seniorlink-api/app/Http/Controllers/SuperAdminController.php(88): App\\Http\\Controllers\\BaseController->generateReadResponse()
#8 /home/samsonrollolocal/SeniorLink/seniorlink-api/vendor/illuminate/container/BoundMethod.php(36): App\\Http\\Controllers\\SuperAdminController->read()
#9 /home/samsonrollolocal/SeniorLink/seniorlink-api/vendor/illuminate/container/Util.php(41): Illuminate\\Container\\BoundMethod::Illuminate\\Container\\{closure}()
#10 /home/samsonrollolocal/SeniorLink/seniorlink-api/vendor/illuminate/container/BoundMethod.php(93): Illuminate\\Container\\Util::unwrapIfClosure()
#11 /home/samsonrollolocal/SeniorLink/seniorlink-api/vendor/illuminate/container/BoundMethod.php(35): Illuminate\\Container\\BoundMethod::callBoundMethod()
#12 /home/samsonrollolocal/SeniorLink/seniorlink-api/vendor/illuminate/container/Container.php(662): Illuminate\\Container\\BoundMethod::call()
#13 /home/samsonrollolocal/SeniorLink/seniorlink-api/vendor/laravel/lumen-framework/src/Concerns/RoutesRequests.php(391): Illuminate\\Container\\Container->call()
#14 /home/samsonrollolocal/SeniorLink/seniorlink-api/vendor/laravel/lumen-framework/src/Concerns/RoutesRequests.php(333): Laravel\\Lumen\\Application->callControllerCallable()
#15 /home/samsonrollolocal/SeniorLink/seniorlink-api/vendor/laravel/lumen-framework/src/Concerns/RoutesRequests.php(284): Laravel\\Lumen\\Application->callControllerAction()
#16 /home/samsonrollolocal/SeniorLink/seniorlink-api/vendor/laravel/lumen-framework/src/Concerns/RoutesRequests.php(269): Laravel\\Lumen\\Application->callActionOnArrayBasedRoute()
#17 /home/samsonrollolocal/SeniorLink/seniorlink-api/vendor/laravel/lumen-framework/src/Concerns/RoutesRequests.php(239): Laravel\\Lumen\\Application->handleFoundRoute()
#18 /home/samsonrollolocal/SeniorLink/seniorlink-api/vendor/laravel/lumen-framework/src/Concerns/RoutesRequests.php(174): Laravel\\Lumen\\Application->handleDispatcherResponse()
#19 /home/samsonrollolocal/SeniorLink/seniorlink-api/vendor/laravel/lumen-framework/src/Routing/Pipeline.php(48): Laravel\\Lumen\\Application->Laravel\\Lumen\\Concerns\\{closure}()
#20 /home/samsonrollolocal/SeniorLink/seniorlink-api/app/Http/Middleware/CorsMiddleware.php(18): Laravel\\Lumen\\Routing\\Pipeline->Laravel\\Lumen\\Routing\\{closure}()
#21 /home/samsonrollolocal/SeniorLink/seniorlink-api/vendor/illuminate/pipeline/Pipeline.php(183): App\\Http\\Middleware\\CorsMiddleware->handle()
#22 /home/samsonrollolocal/SeniorLink/seniorlink-api/vendor/laravel/lumen-framework/src/Routing/Pipeline.php(30): Illuminate\\Pipeline\\Pipeline->Illuminate\\Pipeline\\{closure}()
#23 /home/samsonrollolocal/SeniorLink/seniorlink-api/vendor/illuminate/pipeline/Pipeline.php(119): Laravel\\Lumen\\Routing\\Pipeline->Laravel\\Lumen\\Routing\\{closure}()
#24 /home/samsonrollolocal/SeniorLink/seniorlink-api/vendor/laravel/lumen-framework/src/Concerns/RoutesRequests.php(428): Illuminate\\Pipeline\\Pipeline->then()
#25 /home/samsonrollolocal/SeniorLink/seniorlink-api/vendor/laravel/lumen-framework/src/Concerns/RoutesRequests.php(167): Laravel\\Lumen\\Application->sendThroughPipeline()
#26 /home/samsonrollolocal/SeniorLink/seniorlink-api/vendor/laravel/lumen-framework/src/Concerns/RoutesRequests.php(112): Laravel\\Lumen\\Application->dispatch()
#27 /home/samsonrollolocal/SeniorLink/seniorlink-api/public/index.php(28): Laravel\\Lumen\\Application->run()
#28 {main}
"} 
[2024-05-25 15:17:27] local.ERROR: Illuminate\Database\Connection::prepareBindings(): Argument #1 ($bindings) must be of type array, null given, called in /home/samsonrollolocal/SeniorLink/seniorlink-api/vendor/illuminate/database/Connection.php on line 426 {"exception":"[object] (TypeError(code: 0): Illuminate\\Database\\Connection::prepareBindings(): Argument #1 ($bindings) must be of type array, null given, called in /home/samsonrollolocal/SeniorLink/seniorlink-api/vendor/illuminate/database/Connection.php on line 426 at /home/samsonrollolocal/SeniorLink/seniorlink-api/vendor/illuminate/database/Connection.php:741)
[stacktrace]
#0 /home/samsonrollolocal/SeniorLink/seniorlink-api/vendor/illuminate/database/Connection.php(426): Illuminate\\Database\\Connection->prepareBindings()
#1 /home/samsonrollolocal/SeniorLink/seniorlink-api/vendor/illuminate/database/Connection.php(816): Illuminate\\Database\\Connection->Illuminate\\Database\\{closure}()
#2 /home/samsonrollolocal/SeniorLink/seniorlink-api/vendor/illuminate/database/Connection.php(783): Illuminate\\Database\\Connection->runQueryCallback()
#3 /home/samsonrollolocal/SeniorLink/seniorlink-api/vendor/illuminate/database/Connection.php(414): Illuminate\\Database\\Connection->run()
#4 /home/samsonrollolocal/SeniorLink/seniorlink-api/vendor/illuminate/database/DatabaseManager.php(509): Illuminate\\Database\\Connection->select()
#5 /home/samsonrollolocal/SeniorLink/seniorlink-api/vendor/illuminate/support/Facades/Facade.php(355): Illuminate\\Database\\DatabaseManager->__call()
#6 /home/samsonrollolocal/SeniorLink/seniorlink-api/app/Http/Controllers/BaseController.php(32): Illuminate\\Support\\Facades\\Facade::__callStatic()
#7 /home/samsonrollolocal/SeniorLink/seniorlink-api/app/Http/Controllers/SuperAdminController.php(88): App\\Http\\Controllers\\BaseController->generateReadResponse()
#8 /home/samsonrollolocal/SeniorLink/seniorlink-api/vendor/illuminate/container/BoundMethod.php(36): App\\Http\\Controllers\\SuperAdminController->read()
#9 /home/samsonrollolocal/SeniorLink/seniorlink-api/vendor/illuminate/container/Util.php(41): Illuminate\\Container\\BoundMethod::Illuminate\\Container\\{closure}()
#10 /home/samsonrollolocal/SeniorLink/seniorlink-api/vendor/illuminate/container/BoundMethod.php(93): Illuminate\\Container\\Util::unwrapIfClosure()
#11 /home/samsonrollolocal/SeniorLink/seniorlink-api/vendor/illuminate/container/BoundMethod.php(35): Illuminate\\Container\\BoundMethod::callBoundMethod()
#12 /home/samsonrollolocal/SeniorLink/seniorlink-api/vendor/illuminate/container/Container.php(662): Illuminate\\Container\\BoundMethod::call()
#13 /home/samsonrollolocal/SeniorLink/seniorlink-api/vendor/laravel/lumen-framework/src/Concerns/RoutesRequests.php(391): Illuminate\\Container\\Container->call()
#14 /home/samsonrollolocal/SeniorLink/seniorlink-api/vendor/laravel/lumen-framework/src/Concerns/RoutesRequests.php(333): Laravel\\Lumen\\Application->callControllerCallable()
#15 /home/samsonrollolocal/SeniorLink/seniorlink-api/vendor/laravel/lumen-framework/src/Concerns/RoutesRequests.php(284): Laravel\\Lumen\\Application->callControllerAction()
#16 /home/samsonrollolocal/SeniorLink/seniorlink-api/vendor/laravel/lumen-framework/src/Concerns/RoutesRequests.php(269): Laravel\\Lumen\\Application->callActionOnArrayBasedRoute()
#17 /home/samsonrollolocal/SeniorLink/seniorlink-api/vendor/laravel/lumen-framework/src/Concerns/RoutesRequests.php(239): Laravel\\Lumen\\Application->handleFoundRoute()
#18 /home/samsonrollolocal/SeniorLink/seniorlink-api/vendor/laravel/lumen-framework/src/Concerns/RoutesRequests.php(174): Laravel\\Lumen\\Application->handleDispatcherResponse()
#19 /home/samsonrollolocal/SeniorLink/seniorlink-api/vendor/laravel/lumen-framework/src/Routing/Pipeline.php(48): Laravel\\Lumen\\Application->Laravel\\Lumen\\Concerns\\{closure}()
#20 /home/samsonrollolocal/SeniorLink/seniorlink-api/app/Http/Middleware/CorsMiddleware.php(18): Laravel\\Lumen\\Routing\\Pipeline->Laravel\\Lumen\\Routing\\{closure}()
#21 /home/samsonrollolocal/SeniorLink/seniorlink-api/vendor/illuminate/pipeline/Pipeline.php(183): App\\Http\\Middleware\\CorsMiddleware->handle()
#22 /home/samsonrollolocal/SeniorLink/seniorlink-api/vendor/laravel/lumen-framework/src/Routing/Pipeline.php(30): Illuminate\\Pipeline\\Pipeline->Illuminate\\Pipeline\\{closure}()
#23 /home/samsonrollolocal/SeniorLink/seniorlink-api/vendor/illuminate/pipeline/Pipeline.php(119): Laravel\\Lumen\\Routing\\Pipeline->Laravel\\Lumen\\Routing\\{closure}()
#24 /home/samsonrollolocal/SeniorLink/seniorlink-api/vendor/laravel/lumen-framework/src/Concerns/RoutesRequests.php(428): Illuminate\\Pipeline\\Pipeline->then()
#25 /home/samsonrollolocal/SeniorLink/seniorlink-api/vendor/laravel/lumen-framework/src/Concerns/RoutesRequests.php(167): Laravel\\Lumen\\Application->sendThroughPipeline()
#26 /home/samsonrollolocal/SeniorLink/seniorlink-api/vendor/laravel/lumen-framework/src/Concerns/RoutesRequests.php(112): Laravel\\Lumen\\Application->dispatch()
#27 /home/samsonrollolocal/SeniorLink/seniorlink-api/public/index.php(28): Laravel\\Lumen\\Application->run()
#28 {main}
"} 
[2024-05-25 15:17:51] local.ERROR: Illuminate\Database\Connection::prepareBindings(): Argument #1 ($bindings) must be of type array, null given, called in /home/samsonrollolocal/SeniorLink/seniorlink-api/vendor/illuminate/database/Connection.php on line 426 {"exception":"[object] (TypeError(code: 0): Illuminate\\Database\\Connection::prepareBindings(): Argument #1 ($bindings) must be of type array, null given, called in /home/samsonrollolocal/SeniorLink/seniorlink-api/vendor/illuminate/database/Connection.php on line 426 at /home/samsonrollolocal/SeniorLink/seniorlink-api/vendor/illuminate/database/Connection.php:741)
[stacktrace]
#0 /home/samsonrollolocal/SeniorLink/seniorlink-api/vendor/illuminate/database/Connection.php(426): Illuminate\\Database\\Connection->prepareBindings()
#1 /home/samsonrollolocal/SeniorLink/seniorlink-api/vendor/illuminate/database/Connection.php(816): Illuminate\\Database\\Connection->Illuminate\\Database\\{closure}()
#2 /home/samsonrollolocal/SeniorLink/seniorlink-api/vendor/illuminate/database/Connection.php(783): Illuminate\\Database\\Connection->runQueryCallback()
#3 /home/samsonrollolocal/SeniorLink/seniorlink-api/vendor/illuminate/database/Connection.php(414): Illuminate\\Database\\Connection->run()
#4 /home/samsonrollolocal/SeniorLink/seniorlink-api/vendor/illuminate/database/DatabaseManager.php(509): Illuminate\\Database\\Connection->select()
#5 /home/samsonrollolocal/SeniorLink/seniorlink-api/vendor/illuminate/support/Facades/Facade.php(355): Illuminate\\Database\\DatabaseManager->__call()
#6 /home/samsonrollolocal/SeniorLink/seniorlink-api/app/Http/Controllers/BaseController.php(32): Illuminate\\Support\\Facades\\Facade::__callStatic()
#7 /home/samsonrollolocal/SeniorLink/seniorlink-api/app/Http/Controllers/SuperAdminController.php(88): App\\Http\\Controllers\\BaseController->generateReadResponse()
#8 /home/samsonrollolocal/SeniorLink/seniorlink-api/vendor/illuminate/container/BoundMethod.php(36): App\\Http\\Controllers\\SuperAdminController->read()
#9 /home/samsonrollolocal/SeniorLink/seniorlink-api/vendor/illuminate/container/Util.php(41): Illuminate\\Container\\BoundMethod::Illuminate\\Container\\{closure}()
#10 /home/samsonrollolocal/SeniorLink/seniorlink-api/vendor/illuminate/container/BoundMethod.php(93): Illuminate\\Container\\Util::unwrapIfClosure()
#11 /home/samsonrollolocal/SeniorLink/seniorlink-api/vendor/illuminate/container/BoundMethod.php(35): Illuminate\\Container\\BoundMethod::callBoundMethod()
#12 /home/samsonrollolocal/SeniorLink/seniorlink-api/vendor/illuminate/container/Container.php(662): Illuminate\\Container\\BoundMethod::call()
#13 /home/samsonrollolocal/SeniorLink/seniorlink-api/vendor/laravel/lumen-framework/src/Concerns/RoutesRequests.php(391): Illuminate\\Container\\Container->call()
#14 /home/samsonrollolocal/SeniorLink/seniorlink-api/vendor/laravel/lumen-framework/src/Concerns/RoutesRequests.php(333): Laravel\\Lumen\\Application->callControllerCallable()
#15 /home/samsonrollolocal/SeniorLink/seniorlink-api/vendor/laravel/lumen-framework/src/Concerns/RoutesRequests.php(284): Laravel\\Lumen\\Application->callControllerAction()
#16 /home/samsonrollolocal/SeniorLink/seniorlink-api/vendor/laravel/lumen-framework/src/Concerns/RoutesRequests.php(269): Laravel\\Lumen\\Application->callActionOnArrayBasedRoute()
#17 /home/samsonrollolocal/SeniorLink/seniorlink-api/vendor/laravel/lumen-framework/src/Concerns/RoutesRequests.php(239): Laravel\\Lumen\\Application->handleFoundRoute()
#18 /home/samsonrollolocal/SeniorLink/seniorlink-api/vendor/laravel/lumen-framework/src/Concerns/RoutesRequests.php(174): Laravel\\Lumen\\Application->handleDispatcherResponse()
#19 /home/samsonrollolocal/SeniorLink/seniorlink-api/vendor/laravel/lumen-framework/src/Routing/Pipeline.php(48): Laravel\\Lumen\\Application->Laravel\\Lumen\\Concerns\\{closure}()
#20 /home/samsonrollolocal/SeniorLink/seniorlink-api/app/Http/Middleware/CorsMiddleware.php(18): Laravel\\Lumen\\Routing\\Pipeline->Laravel\\Lumen\\Routing\\{closure}()
#21 /home/samsonrollolocal/SeniorLink/seniorlink-api/vendor/illuminate/pipeline/Pipeline.php(183): App\\Http\\Middleware\\CorsMiddleware->handle()
#22 /home/samsonrollolocal/SeniorLink/seniorlink-api/vendor/laravel/lumen-framework/src/Routing/Pipeline.php(30): Illuminate\\Pipeline\\Pipeline->Illuminate\\Pipeline\\{closure}()
#23 /home/samsonrollolocal/SeniorLink/seniorlink-api/vendor/illuminate/pipeline/Pipeline.php(119): Laravel\\Lumen\\Routing\\Pipeline->Laravel\\Lumen\\Routing\\{closure}()
#24 /home/samsonrollolocal/SeniorLink/seniorlink-api/vendor/laravel/lumen-framework/src/Concerns/RoutesRequests.php(428): Illuminate\\Pipeline\\Pipeline->then()
#25 /home/samsonrollolocal/SeniorLink/seniorlink-api/vendor/laravel/lumen-framework/src/Concerns/RoutesRequests.php(167): Laravel\\Lumen\\Application->sendThroughPipeline()
#26 /home/samsonrollolocal/SeniorLink/seniorlink-api/vendor/laravel/lumen-framework/src/Concerns/RoutesRequests.php(112): Laravel\\Lumen\\Application->dispatch()
#27 /home/samsonrollolocal/SeniorLink/seniorlink-api/public/index.php(28): Laravel\\Lumen\\Application->run()
#28 {main}
"} 
[2024-05-25 15:18:14] local.ERROR: Illuminate\Database\Connection::prepareBindings(): Argument #1 ($bindings) must be of type array, null given, called in /home/samsonrollolocal/SeniorLink/seniorlink-api/vendor/illuminate/database/Connection.php on line 426 {"exception":"[object] (TypeError(code: 0): Illuminate\\Database\\Connection::prepareBindings(): Argument #1 ($bindings) must be of type array, null given, called in /home/samsonrollolocal/SeniorLink/seniorlink-api/vendor/illuminate/database/Connection.php on line 426 at /home/samsonrollolocal/SeniorLink/seniorlink-api/vendor/illuminate/database/Connection.php:741)
[stacktrace]
#0 /home/samsonrollolocal/SeniorLink/seniorlink-api/vendor/illuminate/database/Connection.php(426): Illuminate\\Database\\Connection->prepareBindings()
#1 /home/samsonrollolocal/SeniorLink/seniorlink-api/vendor/illuminate/database/Connection.php(816): Illuminate\\Database\\Connection->Illuminate\\Database\\{closure}()
#2 /home/samsonrollolocal/SeniorLink/seniorlink-api/vendor/illuminate/database/Connection.php(783): Illuminate\\Database\\Connection->runQueryCallback()
#3 /home/samsonrollolocal/SeniorLink/seniorlink-api/vendor/illuminate/database/Connection.php(414): Illuminate\\Database\\Connection->run()
#4 /home/samsonrollolocal/SeniorLink/seniorlink-api/vendor/illuminate/database/DatabaseManager.php(509): Illuminate\\Database\\Connection->select()
#5 /home/samsonrollolocal/SeniorLink/seniorlink-api/vendor/illuminate/support/Facades/Facade.php(355): Illuminate\\Database\\DatabaseManager->__call()
#6 /home/samsonrollolocal/SeniorLink/seniorlink-api/app/Http/Controllers/BaseController.php(32): Illuminate\\Support\\Facades\\Facade::__callStatic()
#7 /home/samsonrollolocal/SeniorLink/seniorlink-api/app/Http/Controllers/SuperAdminController.php(88): App\\Http\\Controllers\\BaseController->generateReadResponse()
#8 /home/samsonrollolocal/SeniorLink/seniorlink-api/vendor/illuminate/container/BoundMethod.php(36): App\\Http\\Controllers\\SuperAdminController->read()
#9 /home/samsonrollolocal/SeniorLink/seniorlink-api/vendor/illuminate/container/Util.php(41): Illuminate\\Container\\BoundMethod::Illuminate\\Container\\{closure}()
#10 /home/samsonrollolocal/SeniorLink/seniorlink-api/vendor/illuminate/container/BoundMethod.php(93): Illuminate\\Container\\Util::unwrapIfClosure()
#11 /home/samsonrollolocal/SeniorLink/seniorlink-api/vendor/illuminate/container/BoundMethod.php(35): Illuminate\\Container\\BoundMethod::callBoundMethod()
#12 /home/samsonrollolocal/SeniorLink/seniorlink-api/vendor/illuminate/container/Container.php(662): Illuminate\\Container\\BoundMethod::call()
#13 /home/samsonrollolocal/SeniorLink/seniorlink-api/vendor/laravel/lumen-framework/src/Concerns/RoutesRequests.php(391): Illuminate\\Container\\Container->call()
#14 /home/samsonrollolocal/SeniorLink/seniorlink-api/vendor/laravel/lumen-framework/src/Concerns/RoutesRequests.php(333): Laravel\\Lumen\\Application->callControllerCallable()
#15 /home/samsonrollolocal/SeniorLink/seniorlink-api/vendor/laravel/lumen-framework/src/Concerns/RoutesRequests.php(284): Laravel\\Lumen\\Application->callControllerAction()
#16 /home/samsonrollolocal/SeniorLink/seniorlink-api/vendor/laravel/lumen-framework/src/Concerns/RoutesRequests.php(269): Laravel\\Lumen\\Application->callActionOnArrayBasedRoute()
#17 /home/samsonrollolocal/SeniorLink/seniorlink-api/vendor/laravel/lumen-framework/src/Concerns/RoutesRequests.php(239): Laravel\\Lumen\\Application->handleFoundRoute()
#18 /home/samsonrollolocal/SeniorLink/seniorlink-api/vendor/laravel/lumen-framework/src/Concerns/RoutesRequests.php(174): Laravel\\Lumen\\Application->handleDispatcherResponse()
#19 /home/samsonrollolocal/SeniorLink/seniorlink-api/vendor/laravel/lumen-framework/src/Routing/Pipeline.php(48): Laravel\\Lumen\\Application->Laravel\\Lumen\\Concerns\\{closure}()
#20 /home/samsonrollolocal/SeniorLink/seniorlink-api/app/Http/Middleware/CorsMiddleware.php(18): Laravel\\Lumen\\Routing\\Pipeline->Laravel\\Lumen\\Routing\\{closure}()
#21 /home/samsonrollolocal/SeniorLink/seniorlink-api/vendor/illuminate/pipeline/Pipeline.php(183): App\\Http\\Middleware\\CorsMiddleware->handle()
#22 /home/samsonrollolocal/SeniorLink/seniorlink-api/vendor/laravel/lumen-framework/src/Routing/Pipeline.php(30): Illuminate\\Pipeline\\Pipeline->Illuminate\\Pipeline\\{closure}()
#23 /home/samsonrollolocal/SeniorLink/seniorlink-api/vendor/illuminate/pipeline/Pipeline.php(119): Laravel\\Lumen\\Routing\\Pipeline->Laravel\\Lumen\\Routing\\{closure}()
#24 /home/samsonrollolocal/SeniorLink/seniorlink-api/vendor/laravel/lumen-framework/src/Concerns/RoutesRequests.php(428): Illuminate\\Pipeline\\Pipeline->then()
#25 /home/samsonrollolocal/SeniorLink/seniorlink-api/vendor/laravel/lumen-framework/src/Concerns/RoutesRequests.php(167): Laravel\\Lumen\\Application->sendThroughPipeline()
#26 /home/samsonrollolocal/SeniorLink/seniorlink-api/vendor/laravel/lumen-framework/src/Concerns/RoutesRequests.php(112): Laravel\\Lumen\\Application->dispatch()
#27 /home/samsonrollolocal/SeniorLink/seniorlink-api/public/index.php(28): Laravel\\Lumen\\Application->run()
#28 {main}
"} 
[2024-05-25 15:18:56] local.ERROR: Call to private method App\Http\Controllers\BaseController::generateReadResponse() from scope App\Http\Controllers\SuperAdminController {"exception":"[object] (Error(code: 0): Call to private method App\\Http\\Controllers\\BaseController::generateReadResponse() from scope App\\Http\\Controllers\\SuperAdminController at /home/samsonrollolocal/SeniorLink/seniorlink-api/app/Http/Controllers/SuperAdminController.php:88)
[stacktrace]
#0 /home/samsonrollolocal/SeniorLink/seniorlink-api/vendor/illuminate/container/BoundMethod.php(36): App\\Http\\Controllers\\SuperAdminController->read()
#1 /home/samsonrollolocal/SeniorLink/seniorlink-api/vendor/illuminate/container/Util.php(41): Illuminate\\Container\\BoundMethod::Illuminate\\Container\\{closure}()
#2 /home/samsonrollolocal/SeniorLink/seniorlink-api/vendor/illuminate/container/BoundMethod.php(93): Illuminate\\Container\\Util::unwrapIfClosure()
#3 /home/samsonrollolocal/SeniorLink/seniorlink-api/vendor/illuminate/container/BoundMethod.php(35): Illuminate\\Container\\BoundMethod::callBoundMethod()
#4 /home/samsonrollolocal/SeniorLink/seniorlink-api/vendor/illuminate/container/Container.php(662): Illuminate\\Container\\BoundMethod::call()
#5 /home/samsonrollolocal/SeniorLink/seniorlink-api/vendor/laravel/lumen-framework/src/Concerns/RoutesRequests.php(391): Illuminate\\Container\\Container->call()
#6 /home/samsonrollolocal/SeniorLink/seniorlink-api/vendor/laravel/lumen-framework/src/Concerns/RoutesRequests.php(333): Laravel\\Lumen\\Application->callControllerCallable()
#7 /home/samsonrollolocal/SeniorLink/seniorlink-api/vendor/laravel/lumen-framework/src/Concerns/RoutesRequests.php(284): Laravel\\Lumen\\Application->callControllerAction()
#8 /home/samsonrollolocal/SeniorLink/seniorlink-api/vendor/laravel/lumen-framework/src/Concerns/RoutesRequests.php(269): Laravel\\Lumen\\Application->callActionOnArrayBasedRoute()
#9 /home/samsonrollolocal/SeniorLink/seniorlink-api/vendor/laravel/lumen-framework/src/Concerns/RoutesRequests.php(239): Laravel\\Lumen\\Application->handleFoundRoute()
#10 /home/samsonrollolocal/SeniorLink/seniorlink-api/vendor/laravel/lumen-framework/src/Concerns/RoutesRequests.php(174): Laravel\\Lumen\\Application->handleDispatcherResponse()
#11 /home/samsonrollolocal/SeniorLink/seniorlink-api/vendor/laravel/lumen-framework/src/Routing/Pipeline.php(48): Laravel\\Lumen\\Application->Laravel\\Lumen\\Concerns\\{closure}()
#12 /home/samsonrollolocal/SeniorLink/seniorlink-api/app/Http/Middleware/CorsMiddleware.php(18): Laravel\\Lumen\\Routing\\Pipeline->Laravel\\Lumen\\Routing\\{closure}()
#13 /home/samsonrollolocal/SeniorLink/seniorlink-api/vendor/illuminate/pipeline/Pipeline.php(183): App\\Http\\Middleware\\CorsMiddleware->handle()
#14 /home/samsonrollolocal/SeniorLink/seniorlink-api/vendor/laravel/lumen-framework/src/Routing/Pipeline.php(30): Illuminate\\Pipeline\\Pipeline->Illuminate\\Pipeline\\{closure}()
#15 /home/samsonrollolocal/SeniorLink/seniorlink-api/vendor/illuminate/pipeline/Pipeline.php(119): Laravel\\Lumen\\Routing\\Pipeline->Laravel\\Lumen\\Routing\\{closure}()
#16 /home/samsonrollolocal/SeniorLink/seniorlink-api/vendor/laravel/lumen-framework/src/Concerns/RoutesRequests.php(428): Illuminate\\Pipeline\\Pipeline->then()
#17 /home/samsonrollolocal/SeniorLink/seniorlink-api/vendor/laravel/lumen-framework/src/Concerns/RoutesRequests.php(167): Laravel\\Lumen\\Application->sendThroughPipeline()
#18 /home/samsonrollolocal/SeniorLink/seniorlink-api/vendor/laravel/lumen-framework/src/Concerns/RoutesRequests.php(112): Laravel\\Lumen\\Application->dispatch()
#19 /home/samsonrollolocal/SeniorLink/seniorlink-api/public/index.php(28): Laravel\\Lumen\\Application->run()
#20 {main}
"} 
[2024-05-25 15:18:59] local.ERROR: Call to private method App\Http\Controllers\BaseController::generateReadResponse() from scope App\Http\Controllers\SuperAdminController {"exception":"[object] (Error(code: 0): Call to private method App\\Http\\Controllers\\BaseController::generateReadResponse() from scope App\\Http\\Controllers\\SuperAdminController at /home/samsonrollolocal/SeniorLink/seniorlink-api/app/Http/Controllers/SuperAdminController.php:88)
[stacktrace]
#0 /home/samsonrollolocal/SeniorLink/seniorlink-api/vendor/illuminate/container/BoundMethod.php(36): App\\Http\\Controllers\\SuperAdminController->read()
#1 /home/samsonrollolocal/SeniorLink/seniorlink-api/vendor/illuminate/container/Util.php(41): Illuminate\\Container\\BoundMethod::Illuminate\\Container\\{closure}()
#2 /home/samsonrollolocal/SeniorLink/seniorlink-api/vendor/illuminate/container/BoundMethod.php(93): Illuminate\\Container\\Util::unwrapIfClosure()
#3 /home/samsonrollolocal/SeniorLink/seniorlink-api/vendor/illuminate/container/BoundMethod.php(35): Illuminate\\Container\\BoundMethod::callBoundMethod()
#4 /home/samsonrollolocal/SeniorLink/seniorlink-api/vendor/illuminate/container/Container.php(662): Illuminate\\Container\\BoundMethod::call()
#5 /home/samsonrollolocal/SeniorLink/seniorlink-api/vendor/laravel/lumen-framework/src/Concerns/RoutesRequests.php(391): Illuminate\\Container\\Container->call()
#6 /home/samsonrollolocal/SeniorLink/seniorlink-api/vendor/laravel/lumen-framework/src/Concerns/RoutesRequests.php(333): Laravel\\Lumen\\Application->callControllerCallable()
#7 /home/samsonrollolocal/SeniorLink/seniorlink-api/vendor/laravel/lumen-framework/src/Concerns/RoutesRequests.php(284): Laravel\\Lumen\\Application->callControllerAction()
#8 /home/samsonrollolocal/SeniorLink/seniorlink-api/vendor/laravel/lumen-framework/src/Concerns/RoutesRequests.php(269): Laravel\\Lumen\\Application->callActionOnArrayBasedRoute()
#9 /home/samsonrollolocal/SeniorLink/seniorlink-api/vendor/laravel/lumen-framework/src/Concerns/RoutesRequests.php(239): Laravel\\Lumen\\Application->handleFoundRoute()
#10 /home/samsonrollolocal/SeniorLink/seniorlink-api/vendor/laravel/lumen-framework/src/Concerns/RoutesRequests.php(174): Laravel\\Lumen\\Application->handleDispatcherResponse()
#11 /home/samsonrollolocal/SeniorLink/seniorlink-api/vendor/laravel/lumen-framework/src/Routing/Pipeline.php(48): Laravel\\Lumen\\Application->Laravel\\Lumen\\Concerns\\{closure}()
#12 /home/samsonrollolocal/SeniorLink/seniorlink-api/app/Http/Middleware/CorsMiddleware.php(18): Laravel\\Lumen\\Routing\\Pipeline->Laravel\\Lumen\\Routing\\{closure}()
#13 /home/samsonrollolocal/SeniorLink/seniorlink-api/vendor/illuminate/pipeline/Pipeline.php(183): App\\Http\\Middleware\\CorsMiddleware->handle()
#14 /home/samsonrollolocal/SeniorLink/seniorlink-api/vendor/laravel/lumen-framework/src/Routing/Pipeline.php(30): Illuminate\\Pipeline\\Pipeline->Illuminate\\Pipeline\\{closure}()
#15 /home/samsonrollolocal/SeniorLink/seniorlink-api/vendor/illuminate/pipeline/Pipeline.php(119): Laravel\\Lumen\\Routing\\Pipeline->Laravel\\Lumen\\Routing\\{closure}()
#16 /home/samsonrollolocal/SeniorLink/seniorlink-api/vendor/laravel/lumen-framework/src/Concerns/RoutesRequests.php(428): Illuminate\\Pipeline\\Pipeline->then()
#17 /home/samsonrollolocal/SeniorLink/seniorlink-api/vendor/laravel/lumen-framework/src/Concerns/RoutesRequests.php(167): Laravel\\Lumen\\Application->sendThroughPipeline()
#18 /home/samsonrollolocal/SeniorLink/seniorlink-api/vendor/laravel/lumen-framework/src/Concerns/RoutesRequests.php(112): Laravel\\Lumen\\Application->dispatch()
#19 /home/samsonrollolocal/SeniorLink/seniorlink-api/public/index.php(28): Laravel\\Lumen\\Application->run()
#20 {main}
"} 
[2024-05-25 16:04:47] local.ERROR: Object of class Illuminate\Validation\DatabasePresenceVerifier could not be converted to string {"exception":"[object] (Error(code: 0): Object of class Illuminate\\Validation\\DatabasePresenceVerifier could not be converted to string at /home/samsonrollolocal/SeniorLink/seniorlink-api/app/Http/Controllers/BaseController.php:142)
[stacktrace]
#0 /home/samsonrollolocal/SeniorLink/seniorlink-api/app/Http/Controllers/SuperAdminController.php(166): App\\Http\\Controllers\\BaseController->transformRulesForUpdate()
#1 /home/samsonrollolocal/SeniorLink/seniorlink-api/app/Http/Controllers/SuperAdminController.php(151): App\\Http\\Controllers\\SuperAdminController->updateEntity()
#2 /home/samsonrollolocal/SeniorLink/seniorlink-api/vendor/illuminate/container/BoundMethod.php(36): App\\Http\\Controllers\\SuperAdminController->update()
#3 /home/samsonrollolocal/SeniorLink/seniorlink-api/vendor/illuminate/container/Util.php(41): Illuminate\\Container\\BoundMethod::Illuminate\\Container\\{closure}()
#4 /home/samsonrollolocal/SeniorLink/seniorlink-api/vendor/illuminate/container/BoundMethod.php(93): Illuminate\\Container\\Util::unwrapIfClosure()
#5 /home/samsonrollolocal/SeniorLink/seniorlink-api/vendor/illuminate/container/BoundMethod.php(35): Illuminate\\Container\\BoundMethod::callBoundMethod()
#6 /home/samsonrollolocal/SeniorLink/seniorlink-api/vendor/illuminate/container/Container.php(662): Illuminate\\Container\\BoundMethod::call()
#7 /home/samsonrollolocal/SeniorLink/seniorlink-api/vendor/laravel/lumen-framework/src/Concerns/RoutesRequests.php(391): Illuminate\\Container\\Container->call()
#8 /home/samsonrollolocal/SeniorLink/seniorlink-api/vendor/laravel/lumen-framework/src/Concerns/RoutesRequests.php(333): Laravel\\Lumen\\Application->callControllerCallable()
#9 /home/samsonrollolocal/SeniorLink/seniorlink-api/vendor/laravel/lumen-framework/src/Concerns/RoutesRequests.php(284): Laravel\\Lumen\\Application->callControllerAction()
#10 /home/samsonrollolocal/SeniorLink/seniorlink-api/vendor/laravel/lumen-framework/src/Concerns/RoutesRequests.php(269): Laravel\\Lumen\\Application->callActionOnArrayBasedRoute()
#11 /home/samsonrollolocal/SeniorLink/seniorlink-api/vendor/laravel/lumen-framework/src/Concerns/RoutesRequests.php(171): Laravel\\Lumen\\Application->handleFoundRoute()
#12 /home/samsonrollolocal/SeniorLink/seniorlink-api/vendor/laravel/lumen-framework/src/Routing/Pipeline.php(48): Laravel\\Lumen\\Application->Laravel\\Lumen\\Concerns\\{closure}()
#13 /home/samsonrollolocal/SeniorLink/seniorlink-api/app/Http/Middleware/CorsMiddleware.php(20): Laravel\\Lumen\\Routing\\Pipeline->Laravel\\Lumen\\Routing\\{closure}()
#14 /home/samsonrollolocal/SeniorLink/seniorlink-api/vendor/illuminate/pipeline/Pipeline.php(183): App\\Http\\Middleware\\CorsMiddleware->handle()
#15 /home/samsonrollolocal/SeniorLink/seniorlink-api/vendor/laravel/lumen-framework/src/Routing/Pipeline.php(30): Illuminate\\Pipeline\\Pipeline->Illuminate\\Pipeline\\{closure}()
#16 /home/samsonrollolocal/SeniorLink/seniorlink-api/vendor/illuminate/pipeline/Pipeline.php(119): Laravel\\Lumen\\Routing\\Pipeline->Laravel\\Lumen\\Routing\\{closure}()
#17 /home/samsonrollolocal/SeniorLink/seniorlink-api/vendor/laravel/lumen-framework/src/Concerns/RoutesRequests.php(428): Illuminate\\Pipeline\\Pipeline->then()
#18 /home/samsonrollolocal/SeniorLink/seniorlink-api/vendor/laravel/lumen-framework/src/Concerns/RoutesRequests.php(167): Laravel\\Lumen\\Application->sendThroughPipeline()
#19 /home/samsonrollolocal/SeniorLink/seniorlink-api/vendor/laravel/lumen-framework/src/Concerns/RoutesRequests.php(112): Laravel\\Lumen\\Application->dispatch()
#20 /home/samsonrollolocal/SeniorLink/seniorlink-api/public/index.php(28): Laravel\\Lumen\\Application->run()
#21 {main}
"} 
[2024-05-25 16:06:19] local.ERROR: Object of class Illuminate\Validation\DatabasePresenceVerifier could not be converted to string {"exception":"[object] (Error(code: 0): Object of class Illuminate\\Validation\\DatabasePresenceVerifier could not be converted to string at /home/samsonrollolocal/SeniorLink/seniorlink-api/app/Http/Controllers/BaseController.php:144)
[stacktrace]
#0 /home/samsonrollolocal/SeniorLink/seniorlink-api/app/Http/Controllers/SuperAdminController.php(166): App\\Http\\Controllers\\BaseController->transformRulesForUpdate()
#1 /home/samsonrollolocal/SeniorLink/seniorlink-api/app/Http/Controllers/SuperAdminController.php(151): App\\Http\\Controllers\\SuperAdminController->updateEntity()
#2 /home/samsonrollolocal/SeniorLink/seniorlink-api/vendor/illuminate/container/BoundMethod.php(36): App\\Http\\Controllers\\SuperAdminController->update()
#3 /home/samsonrollolocal/SeniorLink/seniorlink-api/vendor/illuminate/container/Util.php(41): Illuminate\\Container\\BoundMethod::Illuminate\\Container\\{closure}()
#4 /home/samsonrollolocal/SeniorLink/seniorlink-api/vendor/illuminate/container/BoundMethod.php(93): Illuminate\\Container\\Util::unwrapIfClosure()
#5 /home/samsonrollolocal/SeniorLink/seniorlink-api/vendor/illuminate/container/BoundMethod.php(35): Illuminate\\Container\\BoundMethod::callBoundMethod()
#6 /home/samsonrollolocal/SeniorLink/seniorlink-api/vendor/illuminate/container/Container.php(662): Illuminate\\Container\\BoundMethod::call()
#7 /home/samsonrollolocal/SeniorLink/seniorlink-api/vendor/laravel/lumen-framework/src/Concerns/RoutesRequests.php(391): Illuminate\\Container\\Container->call()
#8 /home/samsonrollolocal/SeniorLink/seniorlink-api/vendor/laravel/lumen-framework/src/Concerns/RoutesRequests.php(333): Laravel\\Lumen\\Application->callControllerCallable()
#9 /home/samsonrollolocal/SeniorLink/seniorlink-api/vendor/laravel/lumen-framework/src/Concerns/RoutesRequests.php(284): Laravel\\Lumen\\Application->callControllerAction()
#10 /home/samsonrollolocal/SeniorLink/seniorlink-api/vendor/laravel/lumen-framework/src/Concerns/RoutesRequests.php(269): Laravel\\Lumen\\Application->callActionOnArrayBasedRoute()
#11 /home/samsonrollolocal/SeniorLink/seniorlink-api/vendor/laravel/lumen-framework/src/Concerns/RoutesRequests.php(171): Laravel\\Lumen\\Application->handleFoundRoute()
#12 /home/samsonrollolocal/SeniorLink/seniorlink-api/vendor/laravel/lumen-framework/src/Routing/Pipeline.php(48): Laravel\\Lumen\\Application->Laravel\\Lumen\\Concerns\\{closure}()
#13 /home/samsonrollolocal/SeniorLink/seniorlink-api/app/Http/Middleware/CorsMiddleware.php(20): Laravel\\Lumen\\Routing\\Pipeline->Laravel\\Lumen\\Routing\\{closure}()
#14 /home/samsonrollolocal/SeniorLink/seniorlink-api/vendor/illuminate/pipeline/Pipeline.php(183): App\\Http\\Middleware\\CorsMiddleware->handle()
#15 /home/samsonrollolocal/SeniorLink/seniorlink-api/vendor/laravel/lumen-framework/src/Routing/Pipeline.php(30): Illuminate\\Pipeline\\Pipeline->Illuminate\\Pipeline\\{closure}()
#16 /home/samsonrollolocal/SeniorLink/seniorlink-api/vendor/illuminate/pipeline/Pipeline.php(119): Laravel\\Lumen\\Routing\\Pipeline->Laravel\\Lumen\\Routing\\{closure}()
#17 /home/samsonrollolocal/SeniorLink/seniorlink-api/vendor/laravel/lumen-framework/src/Concerns/RoutesRequests.php(428): Illuminate\\Pipeline\\Pipeline->then()
#18 /home/samsonrollolocal/SeniorLink/seniorlink-api/vendor/laravel/lumen-framework/src/Concerns/RoutesRequests.php(167): Laravel\\Lumen\\Application->sendThroughPipeline()
#19 /home/samsonrollolocal/SeniorLink/seniorlink-api/vendor/laravel/lumen-framework/src/Concerns/RoutesRequests.php(112): Laravel\\Lumen\\Application->dispatch()
#20 /home/samsonrollolocal/SeniorLink/seniorlink-api/public/index.php(28): Laravel\\Lumen\\Application->run()
#21 {main}
"} 
[2024-05-25 16:08:14] local.ERROR: Object of class Illuminate\Validation\DatabasePresenceVerifier could not be converted to string {"exception":"[object] (Error(code: 0): Object of class Illuminate\\Validation\\DatabasePresenceVerifier could not be converted to string at /home/samsonrollolocal/SeniorLink/seniorlink-api/app/Http/Controllers/BaseController.php:147)
[stacktrace]
#0 /home/samsonrollolocal/SeniorLink/seniorlink-api/app/Http/Controllers/SuperAdminController.php(166): App\\Http\\Controllers\\BaseController->transformRulesForUpdate()
#1 /home/samsonrollolocal/SeniorLink/seniorlink-api/app/Http/Controllers/SuperAdminController.php(151): App\\Http\\Controllers\\SuperAdminController->updateEntity()
#2 /home/samsonrollolocal/SeniorLink/seniorlink-api/vendor/illuminate/container/BoundMethod.php(36): App\\Http\\Controllers\\SuperAdminController->update()
#3 /home/samsonrollolocal/SeniorLink/seniorlink-api/vendor/illuminate/container/Util.php(41): Illuminate\\Container\\BoundMethod::Illuminate\\Container\\{closure}()
#4 /home/samsonrollolocal/SeniorLink/seniorlink-api/vendor/illuminate/container/BoundMethod.php(93): Illuminate\\Container\\Util::unwrapIfClosure()
#5 /home/samsonrollolocal/SeniorLink/seniorlink-api/vendor/illuminate/container/BoundMethod.php(35): Illuminate\\Container\\BoundMethod::callBoundMethod()
#6 /home/samsonrollolocal/SeniorLink/seniorlink-api/vendor/illuminate/container/Container.php(662): Illuminate\\Container\\BoundMethod::call()
#7 /home/samsonrollolocal/SeniorLink/seniorlink-api/vendor/laravel/lumen-framework/src/Concerns/RoutesRequests.php(391): Illuminate\\Container\\Container->call()
#8 /home/samsonrollolocal/SeniorLink/seniorlink-api/vendor/laravel/lumen-framework/src/Concerns/RoutesRequests.php(333): Laravel\\Lumen\\Application->callControllerCallable()
#9 /home/samsonrollolocal/SeniorLink/seniorlink-api/vendor/laravel/lumen-framework/src/Concerns/RoutesRequests.php(284): Laravel\\Lumen\\Application->callControllerAction()
#10 /home/samsonrollolocal/SeniorLink/seniorlink-api/vendor/laravel/lumen-framework/src/Concerns/RoutesRequests.php(269): Laravel\\Lumen\\Application->callActionOnArrayBasedRoute()
#11 /home/samsonrollolocal/SeniorLink/seniorlink-api/vendor/laravel/lumen-framework/src/Concerns/RoutesRequests.php(171): Laravel\\Lumen\\Application->handleFoundRoute()
#12 /home/samsonrollolocal/SeniorLink/seniorlink-api/vendor/laravel/lumen-framework/src/Routing/Pipeline.php(48): Laravel\\Lumen\\Application->Laravel\\Lumen\\Concerns\\{closure}()
#13 /home/samsonrollolocal/SeniorLink/seniorlink-api/app/Http/Middleware/CorsMiddleware.php(20): Laravel\\Lumen\\Routing\\Pipeline->Laravel\\Lumen\\Routing\\{closure}()
#14 /home/samsonrollolocal/SeniorLink/seniorlink-api/vendor/illuminate/pipeline/Pipeline.php(183): App\\Http\\Middleware\\CorsMiddleware->handle()
#15 /home/samsonrollolocal/SeniorLink/seniorlink-api/vendor/laravel/lumen-framework/src/Routing/Pipeline.php(30): Illuminate\\Pipeline\\Pipeline->Illuminate\\Pipeline\\{closure}()
#16 /home/samsonrollolocal/SeniorLink/seniorlink-api/vendor/illuminate/pipeline/Pipeline.php(119): Laravel\\Lumen\\Routing\\Pipeline->Laravel\\Lumen\\Routing\\{closure}()
#17 /home/samsonrollolocal/SeniorLink/seniorlink-api/vendor/laravel/lumen-framework/src/Concerns/RoutesRequests.php(428): Illuminate\\Pipeline\\Pipeline->then()
#18 /home/samsonrollolocal/SeniorLink/seniorlink-api/vendor/laravel/lumen-framework/src/Concerns/RoutesRequests.php(167): Laravel\\Lumen\\Application->sendThroughPipeline()
#19 /home/samsonrollolocal/SeniorLink/seniorlink-api/vendor/laravel/lumen-framework/src/Concerns/RoutesRequests.php(112): Laravel\\Lumen\\Application->dispatch()
#20 /home/samsonrollolocal/SeniorLink/seniorlink-api/public/index.php(28): Laravel\\Lumen\\Application->run()
#21 {main}
"} 
[2024-05-25 16:09:23] local.ERROR: Object of class Illuminate\Validation\DatabasePresenceVerifier could not be converted to string {"exception":"[object] (Error(code: 0): Object of class Illuminate\\Validation\\DatabasePresenceVerifier could not be converted to string at /home/samsonrollolocal/SeniorLink/seniorlink-api/app/Http/Controllers/BaseController.php:144)
[stacktrace]
#0 /home/samsonrollolocal/SeniorLink/seniorlink-api/app/Http/Controllers/SuperAdminController.php(166): App\\Http\\Controllers\\BaseController->transformRulesForUpdate()
#1 /home/samsonrollolocal/SeniorLink/seniorlink-api/app/Http/Controllers/SuperAdminController.php(151): App\\Http\\Controllers\\SuperAdminController->updateEntity()
#2 /home/samsonrollolocal/SeniorLink/seniorlink-api/vendor/illuminate/container/BoundMethod.php(36): App\\Http\\Controllers\\SuperAdminController->update()
#3 /home/samsonrollolocal/SeniorLink/seniorlink-api/vendor/illuminate/container/Util.php(41): Illuminate\\Container\\BoundMethod::Illuminate\\Container\\{closure}()
#4 /home/samsonrollolocal/SeniorLink/seniorlink-api/vendor/illuminate/container/BoundMethod.php(93): Illuminate\\Container\\Util::unwrapIfClosure()
#5 /home/samsonrollolocal/SeniorLink/seniorlink-api/vendor/illuminate/container/BoundMethod.php(35): Illuminate\\Container\\BoundMethod::callBoundMethod()
#6 /home/samsonrollolocal/SeniorLink/seniorlink-api/vendor/illuminate/container/Container.php(662): Illuminate\\Container\\BoundMethod::call()
#7 /home/samsonrollolocal/SeniorLink/seniorlink-api/vendor/laravel/lumen-framework/src/Concerns/RoutesRequests.php(391): Illuminate\\Container\\Container->call()
#8 /home/samsonrollolocal/SeniorLink/seniorlink-api/vendor/laravel/lumen-framework/src/Concerns/RoutesRequests.php(333): Laravel\\Lumen\\Application->callControllerCallable()
#9 /home/samsonrollolocal/SeniorLink/seniorlink-api/vendor/laravel/lumen-framework/src/Concerns/RoutesRequests.php(284): Laravel\\Lumen\\Application->callControllerAction()
#10 /home/samsonrollolocal/SeniorLink/seniorlink-api/vendor/laravel/lumen-framework/src/Concerns/RoutesRequests.php(269): Laravel\\Lumen\\Application->callActionOnArrayBasedRoute()
#11 /home/samsonrollolocal/SeniorLink/seniorlink-api/vendor/laravel/lumen-framework/src/Concerns/RoutesRequests.php(171): Laravel\\Lumen\\Application->handleFoundRoute()
#12 /home/samsonrollolocal/SeniorLink/seniorlink-api/vendor/laravel/lumen-framework/src/Routing/Pipeline.php(48): Laravel\\Lumen\\Application->Laravel\\Lumen\\Concerns\\{closure}()
#13 /home/samsonrollolocal/SeniorLink/seniorlink-api/app/Http/Middleware/CorsMiddleware.php(20): Laravel\\Lumen\\Routing\\Pipeline->Laravel\\Lumen\\Routing\\{closure}()
#14 /home/samsonrollolocal/SeniorLink/seniorlink-api/vendor/illuminate/pipeline/Pipeline.php(183): App\\Http\\Middleware\\CorsMiddleware->handle()
#15 /home/samsonrollolocal/SeniorLink/seniorlink-api/vendor/laravel/lumen-framework/src/Routing/Pipeline.php(30): Illuminate\\Pipeline\\Pipeline->Illuminate\\Pipeline\\{closure}()
#16 /home/samsonrollolocal/SeniorLink/seniorlink-api/vendor/illuminate/pipeline/Pipeline.php(119): Laravel\\Lumen\\Routing\\Pipeline->Laravel\\Lumen\\Routing\\{closure}()
#17 /home/samsonrollolocal/SeniorLink/seniorlink-api/vendor/laravel/lumen-framework/src/Concerns/RoutesRequests.php(428): Illuminate\\Pipeline\\Pipeline->then()
#18 /home/samsonrollolocal/SeniorLink/seniorlink-api/vendor/laravel/lumen-framework/src/Concerns/RoutesRequests.php(167): Laravel\\Lumen\\Application->sendThroughPipeline()
#19 /home/samsonrollolocal/SeniorLink/seniorlink-api/vendor/laravel/lumen-framework/src/Concerns/RoutesRequests.php(112): Laravel\\Lumen\\Application->dispatch()
#20 /home/samsonrollolocal/SeniorLink/seniorlink-api/public/index.php(28): Laravel\\Lumen\\Application->run()
#21 {main}
"} 
[2024-05-25 16:43:29] local.ERROR: Class "App\Http\Controllers\Senior" not found {"exception":"[object] (Error(code: 0): Class \"App\\Http\\Controllers\\Senior\" not found at /home/samsonrollolocal/SeniorLink/seniorlink-api/app/Http/Controllers/LoginController.php:20)
[stacktrace]
#0 /home/samsonrollolocal/SeniorLink/seniorlink-api/vendor/illuminate/container/BoundMethod.php(36): App\\Http\\Controllers\\LoginController->login()
#1 /home/samsonrollolocal/SeniorLink/seniorlink-api/vendor/illuminate/container/Util.php(41): Illuminate\\Container\\BoundMethod::Illuminate\\Container\\{closure}()
#2 /home/samsonrollolocal/SeniorLink/seniorlink-api/vendor/illuminate/container/BoundMethod.php(93): Illuminate\\Container\\Util::unwrapIfClosure()
#3 /home/samsonrollolocal/SeniorLink/seniorlink-api/vendor/illuminate/container/BoundMethod.php(35): Illuminate\\Container\\BoundMethod::callBoundMethod()
#4 /home/samsonrollolocal/SeniorLink/seniorlink-api/vendor/illuminate/container/Container.php(662): Illuminate\\Container\\BoundMethod::call()
#5 /home/samsonrollolocal/SeniorLink/seniorlink-api/vendor/laravel/lumen-framework/src/Concerns/RoutesRequests.php(391): Illuminate\\Container\\Container->call()
#6 /home/samsonrollolocal/SeniorLink/seniorlink-api/vendor/laravel/lumen-framework/src/Concerns/RoutesRequests.php(333): Laravel\\Lumen\\Application->callControllerCallable()
#7 /home/samsonrollolocal/SeniorLink/seniorlink-api/vendor/laravel/lumen-framework/src/Concerns/RoutesRequests.php(284): Laravel\\Lumen\\Application->callControllerAction()
#8 /home/samsonrollolocal/SeniorLink/seniorlink-api/vendor/laravel/lumen-framework/src/Concerns/RoutesRequests.php(269): Laravel\\Lumen\\Application->callActionOnArrayBasedRoute()
#9 /home/samsonrollolocal/SeniorLink/seniorlink-api/vendor/laravel/lumen-framework/src/Concerns/RoutesRequests.php(171): Laravel\\Lumen\\Application->handleFoundRoute()
#10 /home/samsonrollolocal/SeniorLink/seniorlink-api/vendor/laravel/lumen-framework/src/Routing/Pipeline.php(48): Laravel\\Lumen\\Application->Laravel\\Lumen\\Concerns\\{closure}()
#11 /home/samsonrollolocal/SeniorLink/seniorlink-api/app/Http/Middleware/CorsMiddleware.php(20): Laravel\\Lumen\\Routing\\Pipeline->Laravel\\Lumen\\Routing\\{closure}()
#12 /home/samsonrollolocal/SeniorLink/seniorlink-api/vendor/illuminate/pipeline/Pipeline.php(183): App\\Http\\Middleware\\CorsMiddleware->handle()
#13 /home/samsonrollolocal/SeniorLink/seniorlink-api/vendor/laravel/lumen-framework/src/Routing/Pipeline.php(30): Illuminate\\Pipeline\\Pipeline->Illuminate\\Pipeline\\{closure}()
#14 /home/samsonrollolocal/SeniorLink/seniorlink-api/vendor/illuminate/pipeline/Pipeline.php(119): Laravel\\Lumen\\Routing\\Pipeline->Laravel\\Lumen\\Routing\\{closure}()
#15 /home/samsonrollolocal/SeniorLink/seniorlink-api/vendor/laravel/lumen-framework/src/Concerns/RoutesRequests.php(428): Illuminate\\Pipeline\\Pipeline->then()
#16 /home/samsonrollolocal/SeniorLink/seniorlink-api/vendor/laravel/lumen-framework/src/Concerns/RoutesRequests.php(167): Laravel\\Lumen\\Application->sendThroughPipeline()
#17 /home/samsonrollolocal/SeniorLink/seniorlink-api/vendor/laravel/lumen-framework/src/Concerns/RoutesRequests.php(112): Laravel\\Lumen\\Application->dispatch()
#18 /home/samsonrollolocal/SeniorLink/seniorlink-api/public/index.php(28): Laravel\\Lumen\\Application->run()
#19 {main}
"} 
[2024-05-25 16:46:02] local.ERROR: SQLSTATE[42S02]: Base table or view not found: 1146 Table 'senior_link.seniors' doesn't exist (Connection: mysql, SQL: select * from `seniors` where `username` = admin1 limit 1) {"exception":"[object] (Illuminate\\Database\\QueryException(code: 42S02): SQLSTATE[42S02]: Base table or view not found: 1146 Table 'senior_link.seniors' doesn't exist (Connection: mysql, SQL: select * from `seniors` where `username` = admin1 limit 1) at /home/samsonrollolocal/SeniorLink/seniorlink-api/vendor/illuminate/database/Connection.php:829)
[stacktrace]
#0 /home/samsonrollolocal/SeniorLink/seniorlink-api/vendor/illuminate/database/Connection.php(783): Illuminate\\Database\\Connection->runQueryCallback()
#1 /home/samsonrollolocal/SeniorLink/seniorlink-api/vendor/illuminate/database/Connection.php(414): Illuminate\\Database\\Connection->run()
#2 /home/samsonrollolocal/SeniorLink/seniorlink-api/vendor/illuminate/database/Query/Builder.php(2871): Illuminate\\Database\\Connection->select()
#3 /home/samsonrollolocal/SeniorLink/seniorlink-api/vendor/illuminate/database/Query/Builder.php(2860): Illuminate\\Database\\Query\\Builder->runSelect()
#4 /home/samsonrollolocal/SeniorLink/seniorlink-api/vendor/illuminate/database/Query/Builder.php(3414): Illuminate\\Database\\Query\\Builder->Illuminate\\Database\\Query\\{closure}()
#5 /home/samsonrollolocal/SeniorLink/seniorlink-api/vendor/illuminate/database/Query/Builder.php(2859): Illuminate\\Database\\Query\\Builder->onceWithColumns()
#6 /home/samsonrollolocal/SeniorLink/seniorlink-api/vendor/illuminate/database/Concerns/BuildsQueries.php(333): Illuminate\\Database\\Query\\Builder->get()
#7 /home/samsonrollolocal/SeniorLink/seniorlink-api/app/Http/Controllers/LoginController.php(14): Illuminate\\Database\\Query\\Builder->first()
#8 /home/samsonrollolocal/SeniorLink/seniorlink-api/vendor/illuminate/container/BoundMethod.php(36): App\\Http\\Controllers\\LoginController->login()
#9 /home/samsonrollolocal/SeniorLink/seniorlink-api/vendor/illuminate/container/Util.php(41): Illuminate\\Container\\BoundMethod::Illuminate\\Container\\{closure}()
#10 /home/samsonrollolocal/SeniorLink/seniorlink-api/vendor/illuminate/container/BoundMethod.php(93): Illuminate\\Container\\Util::unwrapIfClosure()
#11 /home/samsonrollolocal/SeniorLink/seniorlink-api/vendor/illuminate/container/BoundMethod.php(35): Illuminate\\Container\\BoundMethod::callBoundMethod()
#12 /home/samsonrollolocal/SeniorLink/seniorlink-api/vendor/illuminate/container/Container.php(662): Illuminate\\Container\\BoundMethod::call()
#13 /home/samsonrollolocal/SeniorLink/seniorlink-api/vendor/laravel/lumen-framework/src/Concerns/RoutesRequests.php(391): Illuminate\\Container\\Container->call()
#14 /home/samsonrollolocal/SeniorLink/seniorlink-api/vendor/laravel/lumen-framework/src/Concerns/RoutesRequests.php(333): Laravel\\Lumen\\Application->callControllerCallable()
#15 /home/samsonrollolocal/SeniorLink/seniorlink-api/vendor/laravel/lumen-framework/src/Concerns/RoutesRequests.php(284): Laravel\\Lumen\\Application->callControllerAction()
#16 /home/samsonrollolocal/SeniorLink/seniorlink-api/vendor/laravel/lumen-framework/src/Concerns/RoutesRequests.php(269): Laravel\\Lumen\\Application->callActionOnArrayBasedRoute()
#17 /home/samsonrollolocal/SeniorLink/seniorlink-api/vendor/laravel/lumen-framework/src/Concerns/RoutesRequests.php(171): Laravel\\Lumen\\Application->handleFoundRoute()
#18 /home/samsonrollolocal/SeniorLink/seniorlink-api/vendor/laravel/lumen-framework/src/Routing/Pipeline.php(48): Laravel\\Lumen\\Application->Laravel\\Lumen\\Concerns\\{closure}()
#19 /home/samsonrollolocal/SeniorLink/seniorlink-api/app/Http/Middleware/CorsMiddleware.php(20): Laravel\\Lumen\\Routing\\Pipeline->Laravel\\Lumen\\Routing\\{closure}()
#20 /home/samsonrollolocal/SeniorLink/seniorlink-api/vendor/illuminate/pipeline/Pipeline.php(183): App\\Http\\Middleware\\CorsMiddleware->handle()
#21 /home/samsonrollolocal/SeniorLink/seniorlink-api/vendor/laravel/lumen-framework/src/Routing/Pipeline.php(30): Illuminate\\Pipeline\\Pipeline->Illuminate\\Pipeline\\{closure}()
#22 /home/samsonrollolocal/SeniorLink/seniorlink-api/vendor/illuminate/pipeline/Pipeline.php(119): Laravel\\Lumen\\Routing\\Pipeline->Laravel\\Lumen\\Routing\\{closure}()
#23 /home/samsonrollolocal/SeniorLink/seniorlink-api/vendor/laravel/lumen-framework/src/Concerns/RoutesRequests.php(428): Illuminate\\Pipeline\\Pipeline->then()
#24 /home/samsonrollolocal/SeniorLink/seniorlink-api/vendor/laravel/lumen-framework/src/Concerns/RoutesRequests.php(167): Laravel\\Lumen\\Application->sendThroughPipeline()
#25 /home/samsonrollolocal/SeniorLink/seniorlink-api/vendor/laravel/lumen-framework/src/Concerns/RoutesRequests.php(112): Laravel\\Lumen\\Application->dispatch()
#26 /home/samsonrollolocal/SeniorLink/seniorlink-api/public/index.php(28): Laravel\\Lumen\\Application->run()
#27 {main}

[previous exception] [object] (PDOException(code: 42S02): SQLSTATE[42S02]: Base table or view not found: 1146 Table 'senior_link.seniors' doesn't exist at /home/samsonrollolocal/SeniorLink/seniorlink-api/vendor/illuminate/database/Connection.php:423)
[stacktrace]
#0 /home/samsonrollolocal/SeniorLink/seniorlink-api/vendor/illuminate/database/Connection.php(423): PDO->prepare()
#1 /home/samsonrollolocal/SeniorLink/seniorlink-api/vendor/illuminate/database/Connection.php(816): Illuminate\\Database\\Connection->Illuminate\\Database\\{closure}()
#2 /home/samsonrollolocal/SeniorLink/seniorlink-api/vendor/illuminate/database/Connection.php(783): Illuminate\\Database\\Connection->runQueryCallback()
#3 /home/samsonrollolocal/SeniorLink/seniorlink-api/vendor/illuminate/database/Connection.php(414): Illuminate\\Database\\Connection->run()
#4 /home/samsonrollolocal/SeniorLink/seniorlink-api/vendor/illuminate/database/Query/Builder.php(2871): Illuminate\\Database\\Connection->select()
#5 /home/samsonrollolocal/SeniorLink/seniorlink-api/vendor/illuminate/database/Query/Builder.php(2860): Illuminate\\Database\\Query\\Builder->runSelect()
#6 /home/samsonrollolocal/SeniorLink/seniorlink-api/vendor/illuminate/database/Query/Builder.php(3414): Illuminate\\Database\\Query\\Builder->Illuminate\\Database\\Query\\{closure}()
#7 /home/samsonrollolocal/SeniorLink/seniorlink-api/vendor/illuminate/database/Query/Builder.php(2859): Illuminate\\Database\\Query\\Builder->onceWithColumns()
#8 /home/samsonrollolocal/SeniorLink/seniorlink-api/vendor/illuminate/database/Concerns/BuildsQueries.php(333): Illuminate\\Database\\Query\\Builder->get()
#9 /home/samsonrollolocal/SeniorLink/seniorlink-api/app/Http/Controllers/LoginController.php(14): Illuminate\\Database\\Query\\Builder->first()
#10 /home/samsonrollolocal/SeniorLink/seniorlink-api/vendor/illuminate/container/BoundMethod.php(36): App\\Http\\Controllers\\LoginController->login()
#11 /home/samsonrollolocal/SeniorLink/seniorlink-api/vendor/illuminate/container/Util.php(41): Illuminate\\Container\\BoundMethod::Illuminate\\Container\\{closure}()
#12 /home/samsonrollolocal/SeniorLink/seniorlink-api/vendor/illuminate/container/BoundMethod.php(93): Illuminate\\Container\\Util::unwrapIfClosure()
#13 /home/samsonrollolocal/SeniorLink/seniorlink-api/vendor/illuminate/container/BoundMethod.php(35): Illuminate\\Container\\BoundMethod::callBoundMethod()
#14 /home/samsonrollolocal/SeniorLink/seniorlink-api/vendor/illuminate/container/Container.php(662): Illuminate\\Container\\BoundMethod::call()
#15 /home/samsonrollolocal/SeniorLink/seniorlink-api/vendor/laravel/lumen-framework/src/Concerns/RoutesRequests.php(391): Illuminate\\Container\\Container->call()
#16 /home/samsonrollolocal/SeniorLink/seniorlink-api/vendor/laravel/lumen-framework/src/Concerns/RoutesRequests.php(333): Laravel\\Lumen\\Application->callControllerCallable()
#17 /home/samsonrollolocal/SeniorLink/seniorlink-api/vendor/laravel/lumen-framework/src/Concerns/RoutesRequests.php(284): Laravel\\Lumen\\Application->callControllerAction()
#18 /home/samsonrollolocal/SeniorLink/seniorlink-api/vendor/laravel/lumen-framework/src/Concerns/RoutesRequests.php(269): Laravel\\Lumen\\Application->callActionOnArrayBasedRoute()
#19 /home/samsonrollolocal/SeniorLink/seniorlink-api/vendor/laravel/lumen-framework/src/Concerns/RoutesRequests.php(171): Laravel\\Lumen\\Application->handleFoundRoute()
#20 /home/samsonrollolocal/SeniorLink/seniorlink-api/vendor/laravel/lumen-framework/src/Routing/Pipeline.php(48): Laravel\\Lumen\\Application->Laravel\\Lumen\\Concerns\\{closure}()
#21 /home/samsonrollolocal/SeniorLink/seniorlink-api/app/Http/Middleware/CorsMiddleware.php(20): Laravel\\Lumen\\Routing\\Pipeline->Laravel\\Lumen\\Routing\\{closure}()
#22 /home/samsonrollolocal/SeniorLink/seniorlink-api/vendor/illuminate/pipeline/Pipeline.php(183): App\\Http\\Middleware\\CorsMiddleware->handle()
#23 /home/samsonrollolocal/SeniorLink/seniorlink-api/vendor/laravel/lumen-framework/src/Routing/Pipeline.php(30): Illuminate\\Pipeline\\Pipeline->Illuminate\\Pipeline\\{closure}()
#24 /home/samsonrollolocal/SeniorLink/seniorlink-api/vendor/illuminate/pipeline/Pipeline.php(119): Laravel\\Lumen\\Routing\\Pipeline->Laravel\\Lumen\\Routing\\{closure}()
#25 /home/samsonrollolocal/SeniorLink/seniorlink-api/vendor/laravel/lumen-framework/src/Concerns/RoutesRequests.php(428): Illuminate\\Pipeline\\Pipeline->then()
#26 /home/samsonrollolocal/SeniorLink/seniorlink-api/vendor/laravel/lumen-framework/src/Concerns/RoutesRequests.php(167): Laravel\\Lumen\\Application->sendThroughPipeline()
#27 /home/samsonrollolocal/SeniorLink/seniorlink-api/vendor/laravel/lumen-framework/src/Concerns/RoutesRequests.php(112): Laravel\\Lumen\\Application->dispatch()
#28 /home/samsonrollolocal/SeniorLink/seniorlink-api/public/index.php(28): Laravel\\Lumen\\Application->run()
#29 {main}
"} 
