[2024-05-26 02:48:22] local.ERROR: Array to string conversion (Connection: mysql, SQL: SELECT id, name, username FROM barangay WHERE town_id= :town_identification) {"exception":"[object] (Illuminate\\Database\\QueryException(code: 0): Array to string conversion (Connection: mysql, SQL: SELECT id, name, username FROM barangay WHERE town_id= :town_identification) at /home/samsonrollolocal/SeniorLink/seniorlink-api/vendor/illuminate/database/Connection.php:829)
[stacktrace]
#0 /home/samsonrollolocal/SeniorLink/seniorlink-api/vendor/illuminate/database/Connection.php(783): Illuminate\\Database\\Connection->runQueryCallback()
#1 /home/samsonrollolocal/SeniorLink/seniorlink-api/vendor/illuminate/database/Connection.php(414): Illuminate\\Database\\Connection->run()
#2 /home/samsonrollolocal/SeniorLink/seniorlink-api/vendor/illuminate/database/DatabaseManager.php(509): Illuminate\\Database\\Connection->select()
#3 /home/samsonrollolocal/SeniorLink/seniorlink-api/vendor/illuminate/support/Facades/Facade.php(355): Illuminate\\Database\\DatabaseManager->__call()
#4 /home/samsonrollolocal/SeniorLink/seniorlink-api/app/Http/Controllers/BaseController.php(35): Illuminate\\Support\\Facades\\Facade::__callStatic()
#5 /home/samsonrollolocal/SeniorLink/seniorlink-api/app/Http/Controllers/TownController.php(89): App\\Http\\Controllers\\BaseController->generateReadResponse()
#6 /home/samsonrollolocal/SeniorLink/seniorlink-api/vendor/illuminate/container/BoundMethod.php(36): App\\Http\\Controllers\\TownController->read()
#7 /home/samsonrollolocal/SeniorLink/seniorlink-api/vendor/illuminate/container/Util.php(41): Illuminate\\Container\\BoundMethod::Illuminate\\Container\\{closure}()
#8 /home/samsonrollolocal/SeniorLink/seniorlink-api/vendor/illuminate/container/BoundMethod.php(93): Illuminate\\Container\\Util::unwrapIfClosure()
#9 /home/samsonrollolocal/SeniorLink/seniorlink-api/vendor/illuminate/container/BoundMethod.php(35): Illuminate\\Container\\BoundMethod::callBoundMethod()
#10 /home/samsonrollolocal/SeniorLink/seniorlink-api/vendor/illuminate/container/Container.php(662): Illuminate\\Container\\BoundMethod::call()
#11 /home/samsonrollolocal/SeniorLink/seniorlink-api/vendor/laravel/lumen-framework/src/Concerns/RoutesRequests.php(391): Illuminate\\Container\\Container->call()
#12 /home/samsonrollolocal/SeniorLink/seniorlink-api/vendor/laravel/lumen-framework/src/Concerns/RoutesRequests.php(333): Laravel\\Lumen\\Application->callControllerCallable()
#13 /home/samsonrollolocal/SeniorLink/seniorlink-api/vendor/laravel/lumen-framework/src/Concerns/RoutesRequests.php(284): Laravel\\Lumen\\Application->callControllerAction()
#14 /home/samsonrollolocal/SeniorLink/seniorlink-api/vendor/laravel/lumen-framework/src/Concerns/RoutesRequests.php(269): Laravel\\Lumen\\Application->callActionOnArrayBasedRoute()
#15 /home/samsonrollolocal/SeniorLink/seniorlink-api/vendor/laravel/lumen-framework/src/Concerns/RoutesRequests.php(239): Laravel\\Lumen\\Application->handleFoundRoute()
#16 /home/samsonrollolocal/SeniorLink/seniorlink-api/vendor/laravel/lumen-framework/src/Concerns/RoutesRequests.php(174): Laravel\\Lumen\\Application->handleDispatcherResponse()
#17 /home/samsonrollolocal/SeniorLink/seniorlink-api/vendor/laravel/lumen-framework/src/Routing/Pipeline.php(48): Laravel\\Lumen\\Application->Laravel\\Lumen\\Concerns\\{closure}()
#18 /home/samsonrollolocal/SeniorLink/seniorlink-api/app/Http/Middleware/CorsMiddleware.php(20): Laravel\\Lumen\\Routing\\Pipeline->Laravel\\Lumen\\Routing\\{closure}()
#19 /home/samsonrollolocal/SeniorLink/seniorlink-api/vendor/illuminate/pipeline/Pipeline.php(183): App\\Http\\Middleware\\CorsMiddleware->handle()
#20 /home/samsonrollolocal/SeniorLink/seniorlink-api/vendor/laravel/lumen-framework/src/Routing/Pipeline.php(30): Illuminate\\Pipeline\\Pipeline->Illuminate\\Pipeline\\{closure}()
#21 /home/samsonrollolocal/SeniorLink/seniorlink-api/vendor/illuminate/pipeline/Pipeline.php(119): Laravel\\Lumen\\Routing\\Pipeline->Laravel\\Lumen\\Routing\\{closure}()
#22 /home/samsonrollolocal/SeniorLink/seniorlink-api/vendor/laravel/lumen-framework/src/Concerns/RoutesRequests.php(428): Illuminate\\Pipeline\\Pipeline->then()
#23 /home/samsonrollolocal/SeniorLink/seniorlink-api/vendor/laravel/lumen-framework/src/Concerns/RoutesRequests.php(167): Laravel\\Lumen\\Application->sendThroughPipeline()
#24 /home/samsonrollolocal/SeniorLink/seniorlink-api/vendor/laravel/lumen-framework/src/Concerns/RoutesRequests.php(112): Laravel\\Lumen\\Application->dispatch()
#25 /home/samsonrollolocal/SeniorLink/seniorlink-api/public/index.php(28): Laravel\\Lumen\\Application->run()
#26 {main}

[previous exception] [object] (ErrorException(code: 0): Array to string conversion at /home/samsonrollolocal/SeniorLink/seniorlink-api/vendor/illuminate/database/Connection.php:723)
[stacktrace]
#0 /home/samsonrollolocal/SeniorLink/seniorlink-api/vendor/laravel/lumen-framework/src/Concerns/RegistersExceptionHandlers.php(47): Laravel\\Lumen\\Application->handleError()
#1 [internal function]: Laravel\\Lumen\\Application->Laravel\\Lumen\\Concerns\\{closure}()
#2 /home/samsonrollolocal/SeniorLink/seniorlink-api/vendor/illuminate/database/Connection.php(723): PDOStatement->bindValue()
#3 /home/samsonrollolocal/SeniorLink/seniorlink-api/vendor/illuminate/database/Connection.php(426): Illuminate\\Database\\Connection->bindValues()
#4 /home/samsonrollolocal/SeniorLink/seniorlink-api/vendor/illuminate/database/Connection.php(816): Illuminate\\Database\\Connection->Illuminate\\Database\\{closure}()
#5 /home/samsonrollolocal/SeniorLink/seniorlink-api/vendor/illuminate/database/Connection.php(783): Illuminate\\Database\\Connection->runQueryCallback()
#6 /home/samsonrollolocal/SeniorLink/seniorlink-api/vendor/illuminate/database/Connection.php(414): Illuminate\\Database\\Connection->run()
#7 /home/samsonrollolocal/SeniorLink/seniorlink-api/vendor/illuminate/database/DatabaseManager.php(509): Illuminate\\Database\\Connection->select()
#8 /home/samsonrollolocal/SeniorLink/seniorlink-api/vendor/illuminate/support/Facades/Facade.php(355): Illuminate\\Database\\DatabaseManager->__call()
#9 /home/samsonrollolocal/SeniorLink/seniorlink-api/app/Http/Controllers/BaseController.php(35): Illuminate\\Support\\Facades\\Facade::__callStatic()
#10 /home/samsonrollolocal/SeniorLink/seniorlink-api/app/Http/Controllers/TownController.php(89): App\\Http\\Controllers\\BaseController->generateReadResponse()
#11 /home/samsonrollolocal/SeniorLink/seniorlink-api/vendor/illuminate/container/BoundMethod.php(36): App\\Http\\Controllers\\TownController->read()
#12 /home/samsonrollolocal/SeniorLink/seniorlink-api/vendor/illuminate/container/Util.php(41): Illuminate\\Container\\BoundMethod::Illuminate\\Container\\{closure}()
#13 /home/samsonrollolocal/SeniorLink/seniorlink-api/vendor/illuminate/container/BoundMethod.php(93): Illuminate\\Container\\Util::unwrapIfClosure()
#14 /home/samsonrollolocal/SeniorLink/seniorlink-api/vendor/illuminate/container/BoundMethod.php(35): Illuminate\\Container\\BoundMethod::callBoundMethod()
#15 /home/samsonrollolocal/SeniorLink/seniorlink-api/vendor/illuminate/container/Container.php(662): Illuminate\\Container\\BoundMethod::call()
#16 /home/samsonrollolocal/SeniorLink/seniorlink-api/vendor/laravel/lumen-framework/src/Concerns/RoutesRequests.php(391): Illuminate\\Container\\Container->call()
#17 /home/samsonrollolocal/SeniorLink/seniorlink-api/vendor/laravel/lumen-framework/src/Concerns/RoutesRequests.php(333): Laravel\\Lumen\\Application->callControllerCallable()
#18 /home/samsonrollolocal/SeniorLink/seniorlink-api/vendor/laravel/lumen-framework/src/Concerns/RoutesRequests.php(284): Laravel\\Lumen\\Application->callControllerAction()
#19 /home/samsonrollolocal/SeniorLink/seniorlink-api/vendor/laravel/lumen-framework/src/Concerns/RoutesRequests.php(269): Laravel\\Lumen\\Application->callActionOnArrayBasedRoute()
#20 /home/samsonrollolocal/SeniorLink/seniorlink-api/vendor/laravel/lumen-framework/src/Concerns/RoutesRequests.php(239): Laravel\\Lumen\\Application->handleFoundRoute()
#21 /home/samsonrollolocal/SeniorLink/seniorlink-api/vendor/laravel/lumen-framework/src/Concerns/RoutesRequests.php(174): Laravel\\Lumen\\Application->handleDispatcherResponse()
#22 /home/samsonrollolocal/SeniorLink/seniorlink-api/vendor/laravel/lumen-framework/src/Routing/Pipeline.php(48): Laravel\\Lumen\\Application->Laravel\\Lumen\\Concerns\\{closure}()
#23 /home/samsonrollolocal/SeniorLink/seniorlink-api/app/Http/Middleware/CorsMiddleware.php(20): Laravel\\Lumen\\Routing\\Pipeline->Laravel\\Lumen\\Routing\\{closure}()
#24 /home/samsonrollolocal/SeniorLink/seniorlink-api/vendor/illuminate/pipeline/Pipeline.php(183): App\\Http\\Middleware\\CorsMiddleware->handle()
#25 /home/samsonrollolocal/SeniorLink/seniorlink-api/vendor/laravel/lumen-framework/src/Routing/Pipeline.php(30): Illuminate\\Pipeline\\Pipeline->Illuminate\\Pipeline\\{closure}()
#26 /home/samsonrollolocal/SeniorLink/seniorlink-api/vendor/illuminate/pipeline/Pipeline.php(119): Laravel\\Lumen\\Routing\\Pipeline->Laravel\\Lumen\\Routing\\{closure}()
#27 /home/samsonrollolocal/SeniorLink/seniorlink-api/vendor/laravel/lumen-framework/src/Concerns/RoutesRequests.php(428): Illuminate\\Pipeline\\Pipeline->then()
#28 /home/samsonrollolocal/SeniorLink/seniorlink-api/vendor/laravel/lumen-framework/src/Concerns/RoutesRequests.php(167): Laravel\\Lumen\\Application->sendThroughPipeline()
#29 /home/samsonrollolocal/SeniorLink/seniorlink-api/vendor/laravel/lumen-framework/src/Concerns/RoutesRequests.php(112): Laravel\\Lumen\\Application->dispatch()
#30 /home/samsonrollolocal/SeniorLink/seniorlink-api/public/index.php(28): Laravel\\Lumen\\Application->run()
#31 {main}
"} 
[2024-05-26 02:52:28] local.ERROR: SQLSTATE[23000]: Integrity constraint violation: 1052 Column 'id' in field list is ambiguous (Connection: mysql, SQL: SELECT id, name, username FROM barangay JOIN town
                                ON town.id = barangay.town_id
                                WHERE town.username= :town_identification) {"exception":"[object] (Illuminate\\Database\\QueryException(code: 23000): SQLSTATE[23000]: Integrity constraint violation: 1052 Column 'id' in field list is ambiguous (Connection: mysql, SQL: SELECT id, name, username FROM barangay JOIN town
                                ON town.id = barangay.town_id
                                WHERE town.username= :town_identification) at /home/samsonrollolocal/SeniorLink/seniorlink-api/vendor/illuminate/database/Connection.php:829)
[stacktrace]
#0 /home/samsonrollolocal/SeniorLink/seniorlink-api/vendor/illuminate/database/Connection.php(783): Illuminate\\Database\\Connection->runQueryCallback()
#1 /home/samsonrollolocal/SeniorLink/seniorlink-api/vendor/illuminate/database/Connection.php(414): Illuminate\\Database\\Connection->run()
#2 /home/samsonrollolocal/SeniorLink/seniorlink-api/vendor/illuminate/database/DatabaseManager.php(509): Illuminate\\Database\\Connection->select()
#3 /home/samsonrollolocal/SeniorLink/seniorlink-api/vendor/illuminate/support/Facades/Facade.php(355): Illuminate\\Database\\DatabaseManager->__call()
#4 /home/samsonrollolocal/SeniorLink/seniorlink-api/app/Http/Controllers/BaseController.php(35): Illuminate\\Support\\Facades\\Facade::__callStatic()
#5 /home/samsonrollolocal/SeniorLink/seniorlink-api/app/Http/Controllers/TownController.php(91): App\\Http\\Controllers\\BaseController->generateReadResponse()
#6 /home/samsonrollolocal/SeniorLink/seniorlink-api/vendor/illuminate/container/BoundMethod.php(36): App\\Http\\Controllers\\TownController->read()
#7 /home/samsonrollolocal/SeniorLink/seniorlink-api/vendor/illuminate/container/Util.php(41): Illuminate\\Container\\BoundMethod::Illuminate\\Container\\{closure}()
#8 /home/samsonrollolocal/SeniorLink/seniorlink-api/vendor/illuminate/container/BoundMethod.php(93): Illuminate\\Container\\Util::unwrapIfClosure()
#9 /home/samsonrollolocal/SeniorLink/seniorlink-api/vendor/illuminate/container/BoundMethod.php(35): Illuminate\\Container\\BoundMethod::callBoundMethod()
#10 /home/samsonrollolocal/SeniorLink/seniorlink-api/vendor/illuminate/container/Container.php(662): Illuminate\\Container\\BoundMethod::call()
#11 /home/samsonrollolocal/SeniorLink/seniorlink-api/vendor/laravel/lumen-framework/src/Concerns/RoutesRequests.php(391): Illuminate\\Container\\Container->call()
#12 /home/samsonrollolocal/SeniorLink/seniorlink-api/vendor/laravel/lumen-framework/src/Concerns/RoutesRequests.php(333): Laravel\\Lumen\\Application->callControllerCallable()
#13 /home/samsonrollolocal/SeniorLink/seniorlink-api/vendor/laravel/lumen-framework/src/Concerns/RoutesRequests.php(284): Laravel\\Lumen\\Application->callControllerAction()
#14 /home/samsonrollolocal/SeniorLink/seniorlink-api/vendor/laravel/lumen-framework/src/Concerns/RoutesRequests.php(269): Laravel\\Lumen\\Application->callActionOnArrayBasedRoute()
#15 /home/samsonrollolocal/SeniorLink/seniorlink-api/vendor/laravel/lumen-framework/src/Concerns/RoutesRequests.php(239): Laravel\\Lumen\\Application->handleFoundRoute()
#16 /home/samsonrollolocal/SeniorLink/seniorlink-api/vendor/laravel/lumen-framework/src/Concerns/RoutesRequests.php(174): Laravel\\Lumen\\Application->handleDispatcherResponse()
#17 /home/samsonrollolocal/SeniorLink/seniorlink-api/vendor/laravel/lumen-framework/src/Routing/Pipeline.php(48): Laravel\\Lumen\\Application->Laravel\\Lumen\\Concerns\\{closure}()
#18 /home/samsonrollolocal/SeniorLink/seniorlink-api/app/Http/Middleware/CorsMiddleware.php(20): Laravel\\Lumen\\Routing\\Pipeline->Laravel\\Lumen\\Routing\\{closure}()
#19 /home/samsonrollolocal/SeniorLink/seniorlink-api/vendor/illuminate/pipeline/Pipeline.php(183): App\\Http\\Middleware\\CorsMiddleware->handle()
#20 /home/samsonrollolocal/SeniorLink/seniorlink-api/vendor/laravel/lumen-framework/src/Routing/Pipeline.php(30): Illuminate\\Pipeline\\Pipeline->Illuminate\\Pipeline\\{closure}()
#21 /home/samsonrollolocal/SeniorLink/seniorlink-api/vendor/illuminate/pipeline/Pipeline.php(119): Laravel\\Lumen\\Routing\\Pipeline->Laravel\\Lumen\\Routing\\{closure}()
#22 /home/samsonrollolocal/SeniorLink/seniorlink-api/vendor/laravel/lumen-framework/src/Concerns/RoutesRequests.php(428): Illuminate\\Pipeline\\Pipeline->then()
#23 /home/samsonrollolocal/SeniorLink/seniorlink-api/vendor/laravel/lumen-framework/src/Concerns/RoutesRequests.php(167): Laravel\\Lumen\\Application->sendThroughPipeline()
#24 /home/samsonrollolocal/SeniorLink/seniorlink-api/vendor/laravel/lumen-framework/src/Concerns/RoutesRequests.php(112): Laravel\\Lumen\\Application->dispatch()
#25 /home/samsonrollolocal/SeniorLink/seniorlink-api/public/index.php(28): Laravel\\Lumen\\Application->run()
#26 {main}

[previous exception] [object] (PDOException(code: 23000): SQLSTATE[23000]: Integrity constraint violation: 1052 Column 'id' in field list is ambiguous at /home/samsonrollolocal/SeniorLink/seniorlink-api/vendor/illuminate/database/Connection.php:423)
[stacktrace]
#0 /home/samsonrollolocal/SeniorLink/seniorlink-api/vendor/illuminate/database/Connection.php(423): PDO->prepare()
#1 /home/samsonrollolocal/SeniorLink/seniorlink-api/vendor/illuminate/database/Connection.php(816): Illuminate\\Database\\Connection->Illuminate\\Database\\{closure}()
#2 /home/samsonrollolocal/SeniorLink/seniorlink-api/vendor/illuminate/database/Connection.php(783): Illuminate\\Database\\Connection->runQueryCallback()
#3 /home/samsonrollolocal/SeniorLink/seniorlink-api/vendor/illuminate/database/Connection.php(414): Illuminate\\Database\\Connection->run()
#4 /home/samsonrollolocal/SeniorLink/seniorlink-api/vendor/illuminate/database/DatabaseManager.php(509): Illuminate\\Database\\Connection->select()
#5 /home/samsonrollolocal/SeniorLink/seniorlink-api/vendor/illuminate/support/Facades/Facade.php(355): Illuminate\\Database\\DatabaseManager->__call()
#6 /home/samsonrollolocal/SeniorLink/seniorlink-api/app/Http/Controllers/BaseController.php(35): Illuminate\\Support\\Facades\\Facade::__callStatic()
#7 /home/samsonrollolocal/SeniorLink/seniorlink-api/app/Http/Controllers/TownController.php(91): App\\Http\\Controllers\\BaseController->generateReadResponse()
#8 /home/samsonrollolocal/SeniorLink/seniorlink-api/vendor/illuminate/container/BoundMethod.php(36): App\\Http\\Controllers\\TownController->read()
#9 /home/samsonrollolocal/SeniorLink/seniorlink-api/vendor/illuminate/container/Util.php(41): Illuminate\\Container\\BoundMethod::Illuminate\\Container\\{closure}()
#10 /home/samsonrollolocal/SeniorLink/seniorlink-api/vendor/illuminate/container/BoundMethod.php(93): Illuminate\\Container\\Util::unwrapIfClosure()
#11 /home/samsonrollolocal/SeniorLink/seniorlink-api/vendor/illuminate/container/BoundMethod.php(35): Illuminate\\Container\\BoundMethod::callBoundMethod()
#12 /home/samsonrollolocal/SeniorLink/seniorlink-api/vendor/illuminate/container/Container.php(662): Illuminate\\Container\\BoundMethod::call()
#13 /home/samsonrollolocal/SeniorLink/seniorlink-api/vendor/laravel/lumen-framework/src/Concerns/RoutesRequests.php(391): Illuminate\\Container\\Container->call()
#14 /home/samsonrollolocal/SeniorLink/seniorlink-api/vendor/laravel/lumen-framework/src/Concerns/RoutesRequests.php(333): Laravel\\Lumen\\Application->callControllerCallable()
#15 /home/samsonrollolocal/SeniorLink/seniorlink-api/vendor/laravel/lumen-framework/src/Concerns/RoutesRequests.php(284): Laravel\\Lumen\\Application->callControllerAction()
#16 /home/samsonrollolocal/SeniorLink/seniorlink-api/vendor/laravel/lumen-framework/src/Concerns/RoutesRequests.php(269): Laravel\\Lumen\\Application->callActionOnArrayBasedRoute()
#17 /home/samsonrollolocal/SeniorLink/seniorlink-api/vendor/laravel/lumen-framework/src/Concerns/RoutesRequests.php(239): Laravel\\Lumen\\Application->handleFoundRoute()
#18 /home/samsonrollolocal/SeniorLink/seniorlink-api/vendor/laravel/lumen-framework/src/Concerns/RoutesRequests.php(174): Laravel\\Lumen\\Application->handleDispatcherResponse()
#19 /home/samsonrollolocal/SeniorLink/seniorlink-api/vendor/laravel/lumen-framework/src/Routing/Pipeline.php(48): Laravel\\Lumen\\Application->Laravel\\Lumen\\Concerns\\{closure}()
#20 /home/samsonrollolocal/SeniorLink/seniorlink-api/app/Http/Middleware/CorsMiddleware.php(20): Laravel\\Lumen\\Routing\\Pipeline->Laravel\\Lumen\\Routing\\{closure}()
#21 /home/samsonrollolocal/SeniorLink/seniorlink-api/vendor/illuminate/pipeline/Pipeline.php(183): App\\Http\\Middleware\\CorsMiddleware->handle()
#22 /home/samsonrollolocal/SeniorLink/seniorlink-api/vendor/laravel/lumen-framework/src/Routing/Pipeline.php(30): Illuminate\\Pipeline\\Pipeline->Illuminate\\Pipeline\\{closure}()
#23 /home/samsonrollolocal/SeniorLink/seniorlink-api/vendor/illuminate/pipeline/Pipeline.php(119): Laravel\\Lumen\\Routing\\Pipeline->Laravel\\Lumen\\Routing\\{closure}()
#24 /home/samsonrollolocal/SeniorLink/seniorlink-api/vendor/laravel/lumen-framework/src/Concerns/RoutesRequests.php(428): Illuminate\\Pipeline\\Pipeline->then()
#25 /home/samsonrollolocal/SeniorLink/seniorlink-api/vendor/laravel/lumen-framework/src/Concerns/RoutesRequests.php(167): Laravel\\Lumen\\Application->sendThroughPipeline()
#26 /home/samsonrollolocal/SeniorLink/seniorlink-api/vendor/laravel/lumen-framework/src/Concerns/RoutesRequests.php(112): Laravel\\Lumen\\Application->dispatch()
#27 /home/samsonrollolocal/SeniorLink/seniorlink-api/public/index.php(28): Laravel\\Lumen\\Application->run()
#28 {main}
"} 
[2024-05-26 02:52:58] local.ERROR: Array to string conversion (Connection: mysql, SQL: SELECT barangay.id, barangay.name, barangay.username FROM barangay JOIN town
                                ON town.id = barangay.town_id
                                WHERE town.username= :town_identification) {"exception":"[object] (Illuminate\\Database\\QueryException(code: 0): Array to string conversion (Connection: mysql, SQL: SELECT barangay.id, barangay.name, barangay.username FROM barangay JOIN town
                                ON town.id = barangay.town_id
                                WHERE town.username= :town_identification) at /home/samsonrollolocal/SeniorLink/seniorlink-api/vendor/illuminate/database/Connection.php:829)
[stacktrace]
#0 /home/samsonrollolocal/SeniorLink/seniorlink-api/vendor/illuminate/database/Connection.php(783): Illuminate\\Database\\Connection->runQueryCallback()
#1 /home/samsonrollolocal/SeniorLink/seniorlink-api/vendor/illuminate/database/Connection.php(414): Illuminate\\Database\\Connection->run()
#2 /home/samsonrollolocal/SeniorLink/seniorlink-api/vendor/illuminate/database/DatabaseManager.php(509): Illuminate\\Database\\Connection->select()
#3 /home/samsonrollolocal/SeniorLink/seniorlink-api/vendor/illuminate/support/Facades/Facade.php(355): Illuminate\\Database\\DatabaseManager->__call()
#4 /home/samsonrollolocal/SeniorLink/seniorlink-api/app/Http/Controllers/BaseController.php(35): Illuminate\\Support\\Facades\\Facade::__callStatic()
#5 /home/samsonrollolocal/SeniorLink/seniorlink-api/app/Http/Controllers/TownController.php(91): App\\Http\\Controllers\\BaseController->generateReadResponse()
#6 /home/samsonrollolocal/SeniorLink/seniorlink-api/vendor/illuminate/container/BoundMethod.php(36): App\\Http\\Controllers\\TownController->read()
#7 /home/samsonrollolocal/SeniorLink/seniorlink-api/vendor/illuminate/container/Util.php(41): Illuminate\\Container\\BoundMethod::Illuminate\\Container\\{closure}()
#8 /home/samsonrollolocal/SeniorLink/seniorlink-api/vendor/illuminate/container/BoundMethod.php(93): Illuminate\\Container\\Util::unwrapIfClosure()
#9 /home/samsonrollolocal/SeniorLink/seniorlink-api/vendor/illuminate/container/BoundMethod.php(35): Illuminate\\Container\\BoundMethod::callBoundMethod()
#10 /home/samsonrollolocal/SeniorLink/seniorlink-api/vendor/illuminate/container/Container.php(662): Illuminate\\Container\\BoundMethod::call()
#11 /home/samsonrollolocal/SeniorLink/seniorlink-api/vendor/laravel/lumen-framework/src/Concerns/RoutesRequests.php(391): Illuminate\\Container\\Container->call()
#12 /home/samsonrollolocal/SeniorLink/seniorlink-api/vendor/laravel/lumen-framework/src/Concerns/RoutesRequests.php(333): Laravel\\Lumen\\Application->callControllerCallable()
#13 /home/samsonrollolocal/SeniorLink/seniorlink-api/vendor/laravel/lumen-framework/src/Concerns/RoutesRequests.php(284): Laravel\\Lumen\\Application->callControllerAction()
#14 /home/samsonrollolocal/SeniorLink/seniorlink-api/vendor/laravel/lumen-framework/src/Concerns/RoutesRequests.php(269): Laravel\\Lumen\\Application->callActionOnArrayBasedRoute()
#15 /home/samsonrollolocal/SeniorLink/seniorlink-api/vendor/laravel/lumen-framework/src/Concerns/RoutesRequests.php(239): Laravel\\Lumen\\Application->handleFoundRoute()
#16 /home/samsonrollolocal/SeniorLink/seniorlink-api/vendor/laravel/lumen-framework/src/Concerns/RoutesRequests.php(174): Laravel\\Lumen\\Application->handleDispatcherResponse()
#17 /home/samsonrollolocal/SeniorLink/seniorlink-api/vendor/laravel/lumen-framework/src/Routing/Pipeline.php(48): Laravel\\Lumen\\Application->Laravel\\Lumen\\Concerns\\{closure}()
#18 /home/samsonrollolocal/SeniorLink/seniorlink-api/app/Http/Middleware/CorsMiddleware.php(20): Laravel\\Lumen\\Routing\\Pipeline->Laravel\\Lumen\\Routing\\{closure}()
#19 /home/samsonrollolocal/SeniorLink/seniorlink-api/vendor/illuminate/pipeline/Pipeline.php(183): App\\Http\\Middleware\\CorsMiddleware->handle()
#20 /home/samsonrollolocal/SeniorLink/seniorlink-api/vendor/laravel/lumen-framework/src/Routing/Pipeline.php(30): Illuminate\\Pipeline\\Pipeline->Illuminate\\Pipeline\\{closure}()
#21 /home/samsonrollolocal/SeniorLink/seniorlink-api/vendor/illuminate/pipeline/Pipeline.php(119): Laravel\\Lumen\\Routing\\Pipeline->Laravel\\Lumen\\Routing\\{closure}()
#22 /home/samsonrollolocal/SeniorLink/seniorlink-api/vendor/laravel/lumen-framework/src/Concerns/RoutesRequests.php(428): Illuminate\\Pipeline\\Pipeline->then()
#23 /home/samsonrollolocal/SeniorLink/seniorlink-api/vendor/laravel/lumen-framework/src/Concerns/RoutesRequests.php(167): Laravel\\Lumen\\Application->sendThroughPipeline()
#24 /home/samsonrollolocal/SeniorLink/seniorlink-api/vendor/laravel/lumen-framework/src/Concerns/RoutesRequests.php(112): Laravel\\Lumen\\Application->dispatch()
#25 /home/samsonrollolocal/SeniorLink/seniorlink-api/public/index.php(28): Laravel\\Lumen\\Application->run()
#26 {main}

[previous exception] [object] (ErrorException(code: 0): Array to string conversion at /home/samsonrollolocal/SeniorLink/seniorlink-api/vendor/illuminate/database/Connection.php:723)
[stacktrace]
#0 /home/samsonrollolocal/SeniorLink/seniorlink-api/vendor/laravel/lumen-framework/src/Concerns/RegistersExceptionHandlers.php(47): Laravel\\Lumen\\Application->handleError()
#1 [internal function]: Laravel\\Lumen\\Application->Laravel\\Lumen\\Concerns\\{closure}()
#2 /home/samsonrollolocal/SeniorLink/seniorlink-api/vendor/illuminate/database/Connection.php(723): PDOStatement->bindValue()
#3 /home/samsonrollolocal/SeniorLink/seniorlink-api/vendor/illuminate/database/Connection.php(426): Illuminate\\Database\\Connection->bindValues()
#4 /home/samsonrollolocal/SeniorLink/seniorlink-api/vendor/illuminate/database/Connection.php(816): Illuminate\\Database\\Connection->Illuminate\\Database\\{closure}()
#5 /home/samsonrollolocal/SeniorLink/seniorlink-api/vendor/illuminate/database/Connection.php(783): Illuminate\\Database\\Connection->runQueryCallback()
#6 /home/samsonrollolocal/SeniorLink/seniorlink-api/vendor/illuminate/database/Connection.php(414): Illuminate\\Database\\Connection->run()
#7 /home/samsonrollolocal/SeniorLink/seniorlink-api/vendor/illuminate/database/DatabaseManager.php(509): Illuminate\\Database\\Connection->select()
#8 /home/samsonrollolocal/SeniorLink/seniorlink-api/vendor/illuminate/support/Facades/Facade.php(355): Illuminate\\Database\\DatabaseManager->__call()
#9 /home/samsonrollolocal/SeniorLink/seniorlink-api/app/Http/Controllers/BaseController.php(35): Illuminate\\Support\\Facades\\Facade::__callStatic()
#10 /home/samsonrollolocal/SeniorLink/seniorlink-api/app/Http/Controllers/TownController.php(91): App\\Http\\Controllers\\BaseController->generateReadResponse()
#11 /home/samsonrollolocal/SeniorLink/seniorlink-api/vendor/illuminate/container/BoundMethod.php(36): App\\Http\\Controllers\\TownController->read()
#12 /home/samsonrollolocal/SeniorLink/seniorlink-api/vendor/illuminate/container/Util.php(41): Illuminate\\Container\\BoundMethod::Illuminate\\Container\\{closure}()
#13 /home/samsonrollolocal/SeniorLink/seniorlink-api/vendor/illuminate/container/BoundMethod.php(93): Illuminate\\Container\\Util::unwrapIfClosure()
#14 /home/samsonrollolocal/SeniorLink/seniorlink-api/vendor/illuminate/container/BoundMethod.php(35): Illuminate\\Container\\BoundMethod::callBoundMethod()
#15 /home/samsonrollolocal/SeniorLink/seniorlink-api/vendor/illuminate/container/Container.php(662): Illuminate\\Container\\BoundMethod::call()
#16 /home/samsonrollolocal/SeniorLink/seniorlink-api/vendor/laravel/lumen-framework/src/Concerns/RoutesRequests.php(391): Illuminate\\Container\\Container->call()
#17 /home/samsonrollolocal/SeniorLink/seniorlink-api/vendor/laravel/lumen-framework/src/Concerns/RoutesRequests.php(333): Laravel\\Lumen\\Application->callControllerCallable()
#18 /home/samsonrollolocal/SeniorLink/seniorlink-api/vendor/laravel/lumen-framework/src/Concerns/RoutesRequests.php(284): Laravel\\Lumen\\Application->callControllerAction()
#19 /home/samsonrollolocal/SeniorLink/seniorlink-api/vendor/laravel/lumen-framework/src/Concerns/RoutesRequests.php(269): Laravel\\Lumen\\Application->callActionOnArrayBasedRoute()
#20 /home/samsonrollolocal/SeniorLink/seniorlink-api/vendor/laravel/lumen-framework/src/Concerns/RoutesRequests.php(239): Laravel\\Lumen\\Application->handleFoundRoute()
#21 /home/samsonrollolocal/SeniorLink/seniorlink-api/vendor/laravel/lumen-framework/src/Concerns/RoutesRequests.php(174): Laravel\\Lumen\\Application->handleDispatcherResponse()
#22 /home/samsonrollolocal/SeniorLink/seniorlink-api/vendor/laravel/lumen-framework/src/Routing/Pipeline.php(48): Laravel\\Lumen\\Application->Laravel\\Lumen\\Concerns\\{closure}()
#23 /home/samsonrollolocal/SeniorLink/seniorlink-api/app/Http/Middleware/CorsMiddleware.php(20): Laravel\\Lumen\\Routing\\Pipeline->Laravel\\Lumen\\Routing\\{closure}()
#24 /home/samsonrollolocal/SeniorLink/seniorlink-api/vendor/illuminate/pipeline/Pipeline.php(183): App\\Http\\Middleware\\CorsMiddleware->handle()
#25 /home/samsonrollolocal/SeniorLink/seniorlink-api/vendor/laravel/lumen-framework/src/Routing/Pipeline.php(30): Illuminate\\Pipeline\\Pipeline->Illuminate\\Pipeline\\{closure}()
#26 /home/samsonrollolocal/SeniorLink/seniorlink-api/vendor/illuminate/pipeline/Pipeline.php(119): Laravel\\Lumen\\Routing\\Pipeline->Laravel\\Lumen\\Routing\\{closure}()
#27 /home/samsonrollolocal/SeniorLink/seniorlink-api/vendor/laravel/lumen-framework/src/Concerns/RoutesRequests.php(428): Illuminate\\Pipeline\\Pipeline->then()
#28 /home/samsonrollolocal/SeniorLink/seniorlink-api/vendor/laravel/lumen-framework/src/Concerns/RoutesRequests.php(167): Laravel\\Lumen\\Application->sendThroughPipeline()
#29 /home/samsonrollolocal/SeniorLink/seniorlink-api/vendor/laravel/lumen-framework/src/Concerns/RoutesRequests.php(112): Laravel\\Lumen\\Application->dispatch()
#30 /home/samsonrollolocal/SeniorLink/seniorlink-api/public/index.php(28): Laravel\\Lumen\\Application->run()
#31 {main}
"} 
[2024-05-26 02:53:14] local.ERROR: Array to string conversion (Connection: mysql, SQL: SELECT barangay.id, barangay.name, barangay.username FROM barangay JOIN town
                                ON town.id = barangay.town_id
                                WHERE town.username= :town_identification) {"exception":"[object] (Illuminate\\Database\\QueryException(code: 0): Array to string conversion (Connection: mysql, SQL: SELECT barangay.id, barangay.name, barangay.username FROM barangay JOIN town
                                ON town.id = barangay.town_id
                                WHERE town.username= :town_identification) at /home/samsonrollolocal/SeniorLink/seniorlink-api/vendor/illuminate/database/Connection.php:829)
[stacktrace]
#0 /home/samsonrollolocal/SeniorLink/seniorlink-api/vendor/illuminate/database/Connection.php(783): Illuminate\\Database\\Connection->runQueryCallback()
#1 /home/samsonrollolocal/SeniorLink/seniorlink-api/vendor/illuminate/database/Connection.php(414): Illuminate\\Database\\Connection->run()
#2 /home/samsonrollolocal/SeniorLink/seniorlink-api/vendor/illuminate/database/DatabaseManager.php(509): Illuminate\\Database\\Connection->select()
#3 /home/samsonrollolocal/SeniorLink/seniorlink-api/vendor/illuminate/support/Facades/Facade.php(355): Illuminate\\Database\\DatabaseManager->__call()
#4 /home/samsonrollolocal/SeniorLink/seniorlink-api/app/Http/Controllers/BaseController.php(35): Illuminate\\Support\\Facades\\Facade::__callStatic()
#5 /home/samsonrollolocal/SeniorLink/seniorlink-api/app/Http/Controllers/TownController.php(85): App\\Http\\Controllers\\BaseController->generateReadResponse()
#6 /home/samsonrollolocal/SeniorLink/seniorlink-api/vendor/illuminate/container/BoundMethod.php(36): App\\Http\\Controllers\\TownController->read()
#7 /home/samsonrollolocal/SeniorLink/seniorlink-api/vendor/illuminate/container/Util.php(41): Illuminate\\Container\\BoundMethod::Illuminate\\Container\\{closure}()
#8 /home/samsonrollolocal/SeniorLink/seniorlink-api/vendor/illuminate/container/BoundMethod.php(93): Illuminate\\Container\\Util::unwrapIfClosure()
#9 /home/samsonrollolocal/SeniorLink/seniorlink-api/vendor/illuminate/container/BoundMethod.php(35): Illuminate\\Container\\BoundMethod::callBoundMethod()
#10 /home/samsonrollolocal/SeniorLink/seniorlink-api/vendor/illuminate/container/Container.php(662): Illuminate\\Container\\BoundMethod::call()
#11 /home/samsonrollolocal/SeniorLink/seniorlink-api/vendor/laravel/lumen-framework/src/Concerns/RoutesRequests.php(391): Illuminate\\Container\\Container->call()
#12 /home/samsonrollolocal/SeniorLink/seniorlink-api/vendor/laravel/lumen-framework/src/Concerns/RoutesRequests.php(333): Laravel\\Lumen\\Application->callControllerCallable()
#13 /home/samsonrollolocal/SeniorLink/seniorlink-api/vendor/laravel/lumen-framework/src/Concerns/RoutesRequests.php(284): Laravel\\Lumen\\Application->callControllerAction()
#14 /home/samsonrollolocal/SeniorLink/seniorlink-api/vendor/laravel/lumen-framework/src/Concerns/RoutesRequests.php(269): Laravel\\Lumen\\Application->callActionOnArrayBasedRoute()
#15 /home/samsonrollolocal/SeniorLink/seniorlink-api/vendor/laravel/lumen-framework/src/Concerns/RoutesRequests.php(239): Laravel\\Lumen\\Application->handleFoundRoute()
#16 /home/samsonrollolocal/SeniorLink/seniorlink-api/vendor/laravel/lumen-framework/src/Concerns/RoutesRequests.php(174): Laravel\\Lumen\\Application->handleDispatcherResponse()
#17 /home/samsonrollolocal/SeniorLink/seniorlink-api/vendor/laravel/lumen-framework/src/Routing/Pipeline.php(48): Laravel\\Lumen\\Application->Laravel\\Lumen\\Concerns\\{closure}()
#18 /home/samsonrollolocal/SeniorLink/seniorlink-api/app/Http/Middleware/CorsMiddleware.php(20): Laravel\\Lumen\\Routing\\Pipeline->Laravel\\Lumen\\Routing\\{closure}()
#19 /home/samsonrollolocal/SeniorLink/seniorlink-api/vendor/illuminate/pipeline/Pipeline.php(183): App\\Http\\Middleware\\CorsMiddleware->handle()
#20 /home/samsonrollolocal/SeniorLink/seniorlink-api/vendor/laravel/lumen-framework/src/Routing/Pipeline.php(30): Illuminate\\Pipeline\\Pipeline->Illuminate\\Pipeline\\{closure}()
#21 /home/samsonrollolocal/SeniorLink/seniorlink-api/vendor/illuminate/pipeline/Pipeline.php(119): Laravel\\Lumen\\Routing\\Pipeline->Laravel\\Lumen\\Routing\\{closure}()
#22 /home/samsonrollolocal/SeniorLink/seniorlink-api/vendor/laravel/lumen-framework/src/Concerns/RoutesRequests.php(428): Illuminate\\Pipeline\\Pipeline->then()
#23 /home/samsonrollolocal/SeniorLink/seniorlink-api/vendor/laravel/lumen-framework/src/Concerns/RoutesRequests.php(167): Laravel\\Lumen\\Application->sendThroughPipeline()
#24 /home/samsonrollolocal/SeniorLink/seniorlink-api/vendor/laravel/lumen-framework/src/Concerns/RoutesRequests.php(112): Laravel\\Lumen\\Application->dispatch()
#25 /home/samsonrollolocal/SeniorLink/seniorlink-api/public/index.php(28): Laravel\\Lumen\\Application->run()
#26 {main}

[previous exception] [object] (ErrorException(code: 0): Array to string conversion at /home/samsonrollolocal/SeniorLink/seniorlink-api/vendor/illuminate/database/Connection.php:723)
[stacktrace]
#0 /home/samsonrollolocal/SeniorLink/seniorlink-api/vendor/laravel/lumen-framework/src/Concerns/RegistersExceptionHandlers.php(47): Laravel\\Lumen\\Application->handleError()
#1 [internal function]: Laravel\\Lumen\\Application->Laravel\\Lumen\\Concerns\\{closure}()
#2 /home/samsonrollolocal/SeniorLink/seniorlink-api/vendor/illuminate/database/Connection.php(723): PDOStatement->bindValue()
#3 /home/samsonrollolocal/SeniorLink/seniorlink-api/vendor/illuminate/database/Connection.php(426): Illuminate\\Database\\Connection->bindValues()
#4 /home/samsonrollolocal/SeniorLink/seniorlink-api/vendor/illuminate/database/Connection.php(816): Illuminate\\Database\\Connection->Illuminate\\Database\\{closure}()
#5 /home/samsonrollolocal/SeniorLink/seniorlink-api/vendor/illuminate/database/Connection.php(783): Illuminate\\Database\\Connection->runQueryCallback()
#6 /home/samsonrollolocal/SeniorLink/seniorlink-api/vendor/illuminate/database/Connection.php(414): Illuminate\\Database\\Connection->run()
#7 /home/samsonrollolocal/SeniorLink/seniorlink-api/vendor/illuminate/database/DatabaseManager.php(509): Illuminate\\Database\\Connection->select()
#8 /home/samsonrollolocal/SeniorLink/seniorlink-api/vendor/illuminate/support/Facades/Facade.php(355): Illuminate\\Database\\DatabaseManager->__call()
#9 /home/samsonrollolocal/SeniorLink/seniorlink-api/app/Http/Controllers/BaseController.php(35): Illuminate\\Support\\Facades\\Facade::__callStatic()
#10 /home/samsonrollolocal/SeniorLink/seniorlink-api/app/Http/Controllers/TownController.php(85): App\\Http\\Controllers\\BaseController->generateReadResponse()
#11 /home/samsonrollolocal/SeniorLink/seniorlink-api/vendor/illuminate/container/BoundMethod.php(36): App\\Http\\Controllers\\TownController->read()
#12 /home/samsonrollolocal/SeniorLink/seniorlink-api/vendor/illuminate/container/Util.php(41): Illuminate\\Container\\BoundMethod::Illuminate\\Container\\{closure}()
#13 /home/samsonrollolocal/SeniorLink/seniorlink-api/vendor/illuminate/container/BoundMethod.php(93): Illuminate\\Container\\Util::unwrapIfClosure()
#14 /home/samsonrollolocal/SeniorLink/seniorlink-api/vendor/illuminate/container/BoundMethod.php(35): Illuminate\\Container\\BoundMethod::callBoundMethod()
#15 /home/samsonrollolocal/SeniorLink/seniorlink-api/vendor/illuminate/container/Container.php(662): Illuminate\\Container\\BoundMethod::call()
#16 /home/samsonrollolocal/SeniorLink/seniorlink-api/vendor/laravel/lumen-framework/src/Concerns/RoutesRequests.php(391): Illuminate\\Container\\Container->call()
#17 /home/samsonrollolocal/SeniorLink/seniorlink-api/vendor/laravel/lumen-framework/src/Concerns/RoutesRequests.php(333): Laravel\\Lumen\\Application->callControllerCallable()
#18 /home/samsonrollolocal/SeniorLink/seniorlink-api/vendor/laravel/lumen-framework/src/Concerns/RoutesRequests.php(284): Laravel\\Lumen\\Application->callControllerAction()
#19 /home/samsonrollolocal/SeniorLink/seniorlink-api/vendor/laravel/lumen-framework/src/Concerns/RoutesRequests.php(269): Laravel\\Lumen\\Application->callActionOnArrayBasedRoute()
#20 /home/samsonrollolocal/SeniorLink/seniorlink-api/vendor/laravel/lumen-framework/src/Concerns/RoutesRequests.php(239): Laravel\\Lumen\\Application->handleFoundRoute()
#21 /home/samsonrollolocal/SeniorLink/seniorlink-api/vendor/laravel/lumen-framework/src/Concerns/RoutesRequests.php(174): Laravel\\Lumen\\Application->handleDispatcherResponse()
#22 /home/samsonrollolocal/SeniorLink/seniorlink-api/vendor/laravel/lumen-framework/src/Routing/Pipeline.php(48): Laravel\\Lumen\\Application->Laravel\\Lumen\\Concerns\\{closure}()
#23 /home/samsonrollolocal/SeniorLink/seniorlink-api/app/Http/Middleware/CorsMiddleware.php(20): Laravel\\Lumen\\Routing\\Pipeline->Laravel\\Lumen\\Routing\\{closure}()
#24 /home/samsonrollolocal/SeniorLink/seniorlink-api/vendor/illuminate/pipeline/Pipeline.php(183): App\\Http\\Middleware\\CorsMiddleware->handle()
#25 /home/samsonrollolocal/SeniorLink/seniorlink-api/vendor/laravel/lumen-framework/src/Routing/Pipeline.php(30): Illuminate\\Pipeline\\Pipeline->Illuminate\\Pipeline\\{closure}()
#26 /home/samsonrollolocal/SeniorLink/seniorlink-api/vendor/illuminate/pipeline/Pipeline.php(119): Laravel\\Lumen\\Routing\\Pipeline->Laravel\\Lumen\\Routing\\{closure}()
#27 /home/samsonrollolocal/SeniorLink/seniorlink-api/vendor/laravel/lumen-framework/src/Concerns/RoutesRequests.php(428): Illuminate\\Pipeline\\Pipeline->then()
#28 /home/samsonrollolocal/SeniorLink/seniorlink-api/vendor/laravel/lumen-framework/src/Concerns/RoutesRequests.php(167): Laravel\\Lumen\\Application->sendThroughPipeline()
#29 /home/samsonrollolocal/SeniorLink/seniorlink-api/vendor/laravel/lumen-framework/src/Concerns/RoutesRequests.php(112): Laravel\\Lumen\\Application->dispatch()
#30 /home/samsonrollolocal/SeniorLink/seniorlink-api/public/index.php(28): Laravel\\Lumen\\Application->run()
#31 {main}
"} 
[2024-05-26 02:53:53] local.ERROR: Array to string conversion (Connection: mysql, SQL: SELECT barangay.id, barangay.name, barangay.username FROM barangay LEFT JOIN town
                                ON town.id = barangay.town_id
                                WHERE town.username= :town_identification) {"exception":"[object] (Illuminate\\Database\\QueryException(code: 0): Array to string conversion (Connection: mysql, SQL: SELECT barangay.id, barangay.name, barangay.username FROM barangay LEFT JOIN town
                                ON town.id = barangay.town_id
                                WHERE town.username= :town_identification) at /home/samsonrollolocal/SeniorLink/seniorlink-api/vendor/illuminate/database/Connection.php:829)
[stacktrace]
#0 /home/samsonrollolocal/SeniorLink/seniorlink-api/vendor/illuminate/database/Connection.php(783): Illuminate\\Database\\Connection->runQueryCallback()
#1 /home/samsonrollolocal/SeniorLink/seniorlink-api/vendor/illuminate/database/Connection.php(414): Illuminate\\Database\\Connection->run()
#2 /home/samsonrollolocal/SeniorLink/seniorlink-api/vendor/illuminate/database/DatabaseManager.php(509): Illuminate\\Database\\Connection->select()
#3 /home/samsonrollolocal/SeniorLink/seniorlink-api/vendor/illuminate/support/Facades/Facade.php(355): Illuminate\\Database\\DatabaseManager->__call()
#4 /home/samsonrollolocal/SeniorLink/seniorlink-api/app/Http/Controllers/BaseController.php(35): Illuminate\\Support\\Facades\\Facade::__callStatic()
#5 /home/samsonrollolocal/SeniorLink/seniorlink-api/app/Http/Controllers/TownController.php(85): App\\Http\\Controllers\\BaseController->generateReadResponse()
#6 /home/samsonrollolocal/SeniorLink/seniorlink-api/vendor/illuminate/container/BoundMethod.php(36): App\\Http\\Controllers\\TownController->read()
#7 /home/samsonrollolocal/SeniorLink/seniorlink-api/vendor/illuminate/container/Util.php(41): Illuminate\\Container\\BoundMethod::Illuminate\\Container\\{closure}()
#8 /home/samsonrollolocal/SeniorLink/seniorlink-api/vendor/illuminate/container/BoundMethod.php(93): Illuminate\\Container\\Util::unwrapIfClosure()
#9 /home/samsonrollolocal/SeniorLink/seniorlink-api/vendor/illuminate/container/BoundMethod.php(35): Illuminate\\Container\\BoundMethod::callBoundMethod()
#10 /home/samsonrollolocal/SeniorLink/seniorlink-api/vendor/illuminate/container/Container.php(662): Illuminate\\Container\\BoundMethod::call()
#11 /home/samsonrollolocal/SeniorLink/seniorlink-api/vendor/laravel/lumen-framework/src/Concerns/RoutesRequests.php(391): Illuminate\\Container\\Container->call()
#12 /home/samsonrollolocal/SeniorLink/seniorlink-api/vendor/laravel/lumen-framework/src/Concerns/RoutesRequests.php(333): Laravel\\Lumen\\Application->callControllerCallable()
#13 /home/samsonrollolocal/SeniorLink/seniorlink-api/vendor/laravel/lumen-framework/src/Concerns/RoutesRequests.php(284): Laravel\\Lumen\\Application->callControllerAction()
#14 /home/samsonrollolocal/SeniorLink/seniorlink-api/vendor/laravel/lumen-framework/src/Concerns/RoutesRequests.php(269): Laravel\\Lumen\\Application->callActionOnArrayBasedRoute()
#15 /home/samsonrollolocal/SeniorLink/seniorlink-api/vendor/laravel/lumen-framework/src/Concerns/RoutesRequests.php(239): Laravel\\Lumen\\Application->handleFoundRoute()
#16 /home/samsonrollolocal/SeniorLink/seniorlink-api/vendor/laravel/lumen-framework/src/Concerns/RoutesRequests.php(174): Laravel\\Lumen\\Application->handleDispatcherResponse()
#17 /home/samsonrollolocal/SeniorLink/seniorlink-api/vendor/laravel/lumen-framework/src/Routing/Pipeline.php(48): Laravel\\Lumen\\Application->Laravel\\Lumen\\Concerns\\{closure}()
#18 /home/samsonrollolocal/SeniorLink/seniorlink-api/app/Http/Middleware/CorsMiddleware.php(20): Laravel\\Lumen\\Routing\\Pipeline->Laravel\\Lumen\\Routing\\{closure}()
#19 /home/samsonrollolocal/SeniorLink/seniorlink-api/vendor/illuminate/pipeline/Pipeline.php(183): App\\Http\\Middleware\\CorsMiddleware->handle()
#20 /home/samsonrollolocal/SeniorLink/seniorlink-api/vendor/laravel/lumen-framework/src/Routing/Pipeline.php(30): Illuminate\\Pipeline\\Pipeline->Illuminate\\Pipeline\\{closure}()
#21 /home/samsonrollolocal/SeniorLink/seniorlink-api/vendor/illuminate/pipeline/Pipeline.php(119): Laravel\\Lumen\\Routing\\Pipeline->Laravel\\Lumen\\Routing\\{closure}()
#22 /home/samsonrollolocal/SeniorLink/seniorlink-api/vendor/laravel/lumen-framework/src/Concerns/RoutesRequests.php(428): Illuminate\\Pipeline\\Pipeline->then()
#23 /home/samsonrollolocal/SeniorLink/seniorlink-api/vendor/laravel/lumen-framework/src/Concerns/RoutesRequests.php(167): Laravel\\Lumen\\Application->sendThroughPipeline()
#24 /home/samsonrollolocal/SeniorLink/seniorlink-api/vendor/laravel/lumen-framework/src/Concerns/RoutesRequests.php(112): Laravel\\Lumen\\Application->dispatch()
#25 /home/samsonrollolocal/SeniorLink/seniorlink-api/public/index.php(28): Laravel\\Lumen\\Application->run()
#26 {main}

[previous exception] [object] (ErrorException(code: 0): Array to string conversion at /home/samsonrollolocal/SeniorLink/seniorlink-api/vendor/illuminate/database/Connection.php:723)
[stacktrace]
#0 /home/samsonrollolocal/SeniorLink/seniorlink-api/vendor/laravel/lumen-framework/src/Concerns/RegistersExceptionHandlers.php(47): Laravel\\Lumen\\Application->handleError()
#1 [internal function]: Laravel\\Lumen\\Application->Laravel\\Lumen\\Concerns\\{closure}()
#2 /home/samsonrollolocal/SeniorLink/seniorlink-api/vendor/illuminate/database/Connection.php(723): PDOStatement->bindValue()
#3 /home/samsonrollolocal/SeniorLink/seniorlink-api/vendor/illuminate/database/Connection.php(426): Illuminate\\Database\\Connection->bindValues()
#4 /home/samsonrollolocal/SeniorLink/seniorlink-api/vendor/illuminate/database/Connection.php(816): Illuminate\\Database\\Connection->Illuminate\\Database\\{closure}()
#5 /home/samsonrollolocal/SeniorLink/seniorlink-api/vendor/illuminate/database/Connection.php(783): Illuminate\\Database\\Connection->runQueryCallback()
#6 /home/samsonrollolocal/SeniorLink/seniorlink-api/vendor/illuminate/database/Connection.php(414): Illuminate\\Database\\Connection->run()
#7 /home/samsonrollolocal/SeniorLink/seniorlink-api/vendor/illuminate/database/DatabaseManager.php(509): Illuminate\\Database\\Connection->select()
#8 /home/samsonrollolocal/SeniorLink/seniorlink-api/vendor/illuminate/support/Facades/Facade.php(355): Illuminate\\Database\\DatabaseManager->__call()
#9 /home/samsonrollolocal/SeniorLink/seniorlink-api/app/Http/Controllers/BaseController.php(35): Illuminate\\Support\\Facades\\Facade::__callStatic()
#10 /home/samsonrollolocal/SeniorLink/seniorlink-api/app/Http/Controllers/TownController.php(85): App\\Http\\Controllers\\BaseController->generateReadResponse()
#11 /home/samsonrollolocal/SeniorLink/seniorlink-api/vendor/illuminate/container/BoundMethod.php(36): App\\Http\\Controllers\\TownController->read()
#12 /home/samsonrollolocal/SeniorLink/seniorlink-api/vendor/illuminate/container/Util.php(41): Illuminate\\Container\\BoundMethod::Illuminate\\Container\\{closure}()
#13 /home/samsonrollolocal/SeniorLink/seniorlink-api/vendor/illuminate/container/BoundMethod.php(93): Illuminate\\Container\\Util::unwrapIfClosure()
#14 /home/samsonrollolocal/SeniorLink/seniorlink-api/vendor/illuminate/container/BoundMethod.php(35): Illuminate\\Container\\BoundMethod::callBoundMethod()
#15 /home/samsonrollolocal/SeniorLink/seniorlink-api/vendor/illuminate/container/Container.php(662): Illuminate\\Container\\BoundMethod::call()
#16 /home/samsonrollolocal/SeniorLink/seniorlink-api/vendor/laravel/lumen-framework/src/Concerns/RoutesRequests.php(391): Illuminate\\Container\\Container->call()
#17 /home/samsonrollolocal/SeniorLink/seniorlink-api/vendor/laravel/lumen-framework/src/Concerns/RoutesRequests.php(333): Laravel\\Lumen\\Application->callControllerCallable()
#18 /home/samsonrollolocal/SeniorLink/seniorlink-api/vendor/laravel/lumen-framework/src/Concerns/RoutesRequests.php(284): Laravel\\Lumen\\Application->callControllerAction()
#19 /home/samsonrollolocal/SeniorLink/seniorlink-api/vendor/laravel/lumen-framework/src/Concerns/RoutesRequests.php(269): Laravel\\Lumen\\Application->callActionOnArrayBasedRoute()
#20 /home/samsonrollolocal/SeniorLink/seniorlink-api/vendor/laravel/lumen-framework/src/Concerns/RoutesRequests.php(239): Laravel\\Lumen\\Application->handleFoundRoute()
#21 /home/samsonrollolocal/SeniorLink/seniorlink-api/vendor/laravel/lumen-framework/src/Concerns/RoutesRequests.php(174): Laravel\\Lumen\\Application->handleDispatcherResponse()
#22 /home/samsonrollolocal/SeniorLink/seniorlink-api/vendor/laravel/lumen-framework/src/Routing/Pipeline.php(48): Laravel\\Lumen\\Application->Laravel\\Lumen\\Concerns\\{closure}()
#23 /home/samsonrollolocal/SeniorLink/seniorlink-api/app/Http/Middleware/CorsMiddleware.php(20): Laravel\\Lumen\\Routing\\Pipeline->Laravel\\Lumen\\Routing\\{closure}()
#24 /home/samsonrollolocal/SeniorLink/seniorlink-api/vendor/illuminate/pipeline/Pipeline.php(183): App\\Http\\Middleware\\CorsMiddleware->handle()
#25 /home/samsonrollolocal/SeniorLink/seniorlink-api/vendor/laravel/lumen-framework/src/Routing/Pipeline.php(30): Illuminate\\Pipeline\\Pipeline->Illuminate\\Pipeline\\{closure}()
#26 /home/samsonrollolocal/SeniorLink/seniorlink-api/vendor/illuminate/pipeline/Pipeline.php(119): Laravel\\Lumen\\Routing\\Pipeline->Laravel\\Lumen\\Routing\\{closure}()
#27 /home/samsonrollolocal/SeniorLink/seniorlink-api/vendor/laravel/lumen-framework/src/Concerns/RoutesRequests.php(428): Illuminate\\Pipeline\\Pipeline->then()
#28 /home/samsonrollolocal/SeniorLink/seniorlink-api/vendor/laravel/lumen-framework/src/Concerns/RoutesRequests.php(167): Laravel\\Lumen\\Application->sendThroughPipeline()
#29 /home/samsonrollolocal/SeniorLink/seniorlink-api/vendor/laravel/lumen-framework/src/Concerns/RoutesRequests.php(112): Laravel\\Lumen\\Application->dispatch()
#30 /home/samsonrollolocal/SeniorLink/seniorlink-api/public/index.php(28): Laravel\\Lumen\\Application->run()
#31 {main}
"} 
[2024-05-26 04:29:33] local.ERROR: SQLSTATE[HY093]: Invalid parameter number (Connection: mysql, SQL: SELECT barangay.id, barangay.name, barangay.username FROM barangay ) {"exception":"[object] (Illuminate\\Database\\QueryException(code: HY093): SQLSTATE[HY093]: Invalid parameter number (Connection: mysql, SQL: SELECT barangay.id, barangay.name, barangay.username FROM barangay ) at /home/samsonrollolocal/SeniorLink/seniorlink-api/vendor/illuminate/database/Connection.php:829)
[stacktrace]
#0 /home/samsonrollolocal/SeniorLink/seniorlink-api/vendor/illuminate/database/Connection.php(783): Illuminate\\Database\\Connection->runQueryCallback()
#1 /home/samsonrollolocal/SeniorLink/seniorlink-api/vendor/illuminate/database/Connection.php(414): Illuminate\\Database\\Connection->run()
#2 /home/samsonrollolocal/SeniorLink/seniorlink-api/vendor/illuminate/database/DatabaseManager.php(509): Illuminate\\Database\\Connection->select()
#3 /home/samsonrollolocal/SeniorLink/seniorlink-api/vendor/illuminate/support/Facades/Facade.php(355): Illuminate\\Database\\DatabaseManager->__call()
#4 /home/samsonrollolocal/SeniorLink/seniorlink-api/app/Http/Controllers/BaseController.php(35): Illuminate\\Support\\Facades\\Facade::__callStatic()
#5 /home/samsonrollolocal/SeniorLink/seniorlink-api/app/Http/Controllers/TownController.php(93): App\\Http\\Controllers\\BaseController->generateReadResponse()
#6 /home/samsonrollolocal/SeniorLink/seniorlink-api/vendor/illuminate/container/BoundMethod.php(36): App\\Http\\Controllers\\TownController->read()
#7 /home/samsonrollolocal/SeniorLink/seniorlink-api/vendor/illuminate/container/Util.php(41): Illuminate\\Container\\BoundMethod::Illuminate\\Container\\{closure}()
#8 /home/samsonrollolocal/SeniorLink/seniorlink-api/vendor/illuminate/container/BoundMethod.php(93): Illuminate\\Container\\Util::unwrapIfClosure()
#9 /home/samsonrollolocal/SeniorLink/seniorlink-api/vendor/illuminate/container/BoundMethod.php(35): Illuminate\\Container\\BoundMethod::callBoundMethod()
#10 /home/samsonrollolocal/SeniorLink/seniorlink-api/vendor/illuminate/container/Container.php(662): Illuminate\\Container\\BoundMethod::call()
#11 /home/samsonrollolocal/SeniorLink/seniorlink-api/vendor/laravel/lumen-framework/src/Concerns/RoutesRequests.php(391): Illuminate\\Container\\Container->call()
#12 /home/samsonrollolocal/SeniorLink/seniorlink-api/vendor/laravel/lumen-framework/src/Concerns/RoutesRequests.php(333): Laravel\\Lumen\\Application->callControllerCallable()
#13 /home/samsonrollolocal/SeniorLink/seniorlink-api/vendor/laravel/lumen-framework/src/Concerns/RoutesRequests.php(284): Laravel\\Lumen\\Application->callControllerAction()
#14 /home/samsonrollolocal/SeniorLink/seniorlink-api/vendor/laravel/lumen-framework/src/Concerns/RoutesRequests.php(269): Laravel\\Lumen\\Application->callActionOnArrayBasedRoute()
#15 /home/samsonrollolocal/SeniorLink/seniorlink-api/vendor/laravel/lumen-framework/src/Concerns/RoutesRequests.php(239): Laravel\\Lumen\\Application->handleFoundRoute()
#16 /home/samsonrollolocal/SeniorLink/seniorlink-api/vendor/laravel/lumen-framework/src/Concerns/RoutesRequests.php(174): Laravel\\Lumen\\Application->handleDispatcherResponse()
#17 /home/samsonrollolocal/SeniorLink/seniorlink-api/vendor/laravel/lumen-framework/src/Routing/Pipeline.php(48): Laravel\\Lumen\\Application->Laravel\\Lumen\\Concerns\\{closure}()
#18 /home/samsonrollolocal/SeniorLink/seniorlink-api/app/Http/Middleware/CorsMiddleware.php(20): Laravel\\Lumen\\Routing\\Pipeline->Laravel\\Lumen\\Routing\\{closure}()
#19 /home/samsonrollolocal/SeniorLink/seniorlink-api/vendor/illuminate/pipeline/Pipeline.php(183): App\\Http\\Middleware\\CorsMiddleware->handle()
#20 /home/samsonrollolocal/SeniorLink/seniorlink-api/vendor/laravel/lumen-framework/src/Routing/Pipeline.php(30): Illuminate\\Pipeline\\Pipeline->Illuminate\\Pipeline\\{closure}()
#21 /home/samsonrollolocal/SeniorLink/seniorlink-api/vendor/illuminate/pipeline/Pipeline.php(119): Laravel\\Lumen\\Routing\\Pipeline->Laravel\\Lumen\\Routing\\{closure}()
#22 /home/samsonrollolocal/SeniorLink/seniorlink-api/vendor/laravel/lumen-framework/src/Concerns/RoutesRequests.php(428): Illuminate\\Pipeline\\Pipeline->then()
#23 /home/samsonrollolocal/SeniorLink/seniorlink-api/vendor/laravel/lumen-framework/src/Concerns/RoutesRequests.php(167): Laravel\\Lumen\\Application->sendThroughPipeline()
#24 /home/samsonrollolocal/SeniorLink/seniorlink-api/vendor/laravel/lumen-framework/src/Concerns/RoutesRequests.php(112): Laravel\\Lumen\\Application->dispatch()
#25 /home/samsonrollolocal/SeniorLink/seniorlink-api/public/index.php(28): Laravel\\Lumen\\Application->run()
#26 {main}

[previous exception] [object] (PDOException(code: HY093): SQLSTATE[HY093]: Invalid parameter number at /home/samsonrollolocal/SeniorLink/seniorlink-api/vendor/illuminate/database/Connection.php:723)
[stacktrace]
#0 /home/samsonrollolocal/SeniorLink/seniorlink-api/vendor/illuminate/database/Connection.php(723): PDOStatement->bindValue()
#1 /home/samsonrollolocal/SeniorLink/seniorlink-api/vendor/illuminate/database/Connection.php(426): Illuminate\\Database\\Connection->bindValues()
#2 /home/samsonrollolocal/SeniorLink/seniorlink-api/vendor/illuminate/database/Connection.php(816): Illuminate\\Database\\Connection->Illuminate\\Database\\{closure}()
#3 /home/samsonrollolocal/SeniorLink/seniorlink-api/vendor/illuminate/database/Connection.php(783): Illuminate\\Database\\Connection->runQueryCallback()
#4 /home/samsonrollolocal/SeniorLink/seniorlink-api/vendor/illuminate/database/Connection.php(414): Illuminate\\Database\\Connection->run()
#5 /home/samsonrollolocal/SeniorLink/seniorlink-api/vendor/illuminate/database/DatabaseManager.php(509): Illuminate\\Database\\Connection->select()
#6 /home/samsonrollolocal/SeniorLink/seniorlink-api/vendor/illuminate/support/Facades/Facade.php(355): Illuminate\\Database\\DatabaseManager->__call()
#7 /home/samsonrollolocal/SeniorLink/seniorlink-api/app/Http/Controllers/BaseController.php(35): Illuminate\\Support\\Facades\\Facade::__callStatic()
#8 /home/samsonrollolocal/SeniorLink/seniorlink-api/app/Http/Controllers/TownController.php(93): App\\Http\\Controllers\\BaseController->generateReadResponse()
#9 /home/samsonrollolocal/SeniorLink/seniorlink-api/vendor/illuminate/container/BoundMethod.php(36): App\\Http\\Controllers\\TownController->read()
#10 /home/samsonrollolocal/SeniorLink/seniorlink-api/vendor/illuminate/container/Util.php(41): Illuminate\\Container\\BoundMethod::Illuminate\\Container\\{closure}()
#11 /home/samsonrollolocal/SeniorLink/seniorlink-api/vendor/illuminate/container/BoundMethod.php(93): Illuminate\\Container\\Util::unwrapIfClosure()
#12 /home/samsonrollolocal/SeniorLink/seniorlink-api/vendor/illuminate/container/BoundMethod.php(35): Illuminate\\Container\\BoundMethod::callBoundMethod()
#13 /home/samsonrollolocal/SeniorLink/seniorlink-api/vendor/illuminate/container/Container.php(662): Illuminate\\Container\\BoundMethod::call()
#14 /home/samsonrollolocal/SeniorLink/seniorlink-api/vendor/laravel/lumen-framework/src/Concerns/RoutesRequests.php(391): Illuminate\\Container\\Container->call()
#15 /home/samsonrollolocal/SeniorLink/seniorlink-api/vendor/laravel/lumen-framework/src/Concerns/RoutesRequests.php(333): Laravel\\Lumen\\Application->callControllerCallable()
#16 /home/samsonrollolocal/SeniorLink/seniorlink-api/vendor/laravel/lumen-framework/src/Concerns/RoutesRequests.php(284): Laravel\\Lumen\\Application->callControllerAction()
#17 /home/samsonrollolocal/SeniorLink/seniorlink-api/vendor/laravel/lumen-framework/src/Concerns/RoutesRequests.php(269): Laravel\\Lumen\\Application->callActionOnArrayBasedRoute()
#18 /home/samsonrollolocal/SeniorLink/seniorlink-api/vendor/laravel/lumen-framework/src/Concerns/RoutesRequests.php(239): Laravel\\Lumen\\Application->handleFoundRoute()
#19 /home/samsonrollolocal/SeniorLink/seniorlink-api/vendor/laravel/lumen-framework/src/Concerns/RoutesRequests.php(174): Laravel\\Lumen\\Application->handleDispatcherResponse()
#20 /home/samsonrollolocal/SeniorLink/seniorlink-api/vendor/laravel/lumen-framework/src/Routing/Pipeline.php(48): Laravel\\Lumen\\Application->Laravel\\Lumen\\Concerns\\{closure}()
#21 /home/samsonrollolocal/SeniorLink/seniorlink-api/app/Http/Middleware/CorsMiddleware.php(20): Laravel\\Lumen\\Routing\\Pipeline->Laravel\\Lumen\\Routing\\{closure}()
#22 /home/samsonrollolocal/SeniorLink/seniorlink-api/vendor/illuminate/pipeline/Pipeline.php(183): App\\Http\\Middleware\\CorsMiddleware->handle()
#23 /home/samsonrollolocal/SeniorLink/seniorlink-api/vendor/laravel/lumen-framework/src/Routing/Pipeline.php(30): Illuminate\\Pipeline\\Pipeline->Illuminate\\Pipeline\\{closure}()
#24 /home/samsonrollolocal/SeniorLink/seniorlink-api/vendor/illuminate/pipeline/Pipeline.php(119): Laravel\\Lumen\\Routing\\Pipeline->Laravel\\Lumen\\Routing\\{closure}()
#25 /home/samsonrollolocal/SeniorLink/seniorlink-api/vendor/laravel/lumen-framework/src/Concerns/RoutesRequests.php(428): Illuminate\\Pipeline\\Pipeline->then()
#26 /home/samsonrollolocal/SeniorLink/seniorlink-api/vendor/laravel/lumen-framework/src/Concerns/RoutesRequests.php(167): Laravel\\Lumen\\Application->sendThroughPipeline()
#27 /home/samsonrollolocal/SeniorLink/seniorlink-api/vendor/laravel/lumen-framework/src/Concerns/RoutesRequests.php(112): Laravel\\Lumen\\Application->dispatch()
#28 /home/samsonrollolocal/SeniorLink/seniorlink-api/public/index.php(28): Laravel\\Lumen\\Application->run()
#29 {main}
"} 
[2024-05-26 04:29:35] local.ERROR: SQLSTATE[HY093]: Invalid parameter number (Connection: mysql, SQL: SELECT barangay.id, barangay.name, barangay.username FROM barangay ) {"exception":"[object] (Illuminate\\Database\\QueryException(code: HY093): SQLSTATE[HY093]: Invalid parameter number (Connection: mysql, SQL: SELECT barangay.id, barangay.name, barangay.username FROM barangay ) at /home/samsonrollolocal/SeniorLink/seniorlink-api/vendor/illuminate/database/Connection.php:829)
[stacktrace]
#0 /home/samsonrollolocal/SeniorLink/seniorlink-api/vendor/illuminate/database/Connection.php(783): Illuminate\\Database\\Connection->runQueryCallback()
#1 /home/samsonrollolocal/SeniorLink/seniorlink-api/vendor/illuminate/database/Connection.php(414): Illuminate\\Database\\Connection->run()
#2 /home/samsonrollolocal/SeniorLink/seniorlink-api/vendor/illuminate/database/DatabaseManager.php(509): Illuminate\\Database\\Connection->select()
#3 /home/samsonrollolocal/SeniorLink/seniorlink-api/vendor/illuminate/support/Facades/Facade.php(355): Illuminate\\Database\\DatabaseManager->__call()
#4 /home/samsonrollolocal/SeniorLink/seniorlink-api/app/Http/Controllers/BaseController.php(35): Illuminate\\Support\\Facades\\Facade::__callStatic()
#5 /home/samsonrollolocal/SeniorLink/seniorlink-api/app/Http/Controllers/TownController.php(93): App\\Http\\Controllers\\BaseController->generateReadResponse()
#6 /home/samsonrollolocal/SeniorLink/seniorlink-api/vendor/illuminate/container/BoundMethod.php(36): App\\Http\\Controllers\\TownController->read()
#7 /home/samsonrollolocal/SeniorLink/seniorlink-api/vendor/illuminate/container/Util.php(41): Illuminate\\Container\\BoundMethod::Illuminate\\Container\\{closure}()
#8 /home/samsonrollolocal/SeniorLink/seniorlink-api/vendor/illuminate/container/BoundMethod.php(93): Illuminate\\Container\\Util::unwrapIfClosure()
#9 /home/samsonrollolocal/SeniorLink/seniorlink-api/vendor/illuminate/container/BoundMethod.php(35): Illuminate\\Container\\BoundMethod::callBoundMethod()
#10 /home/samsonrollolocal/SeniorLink/seniorlink-api/vendor/illuminate/container/Container.php(662): Illuminate\\Container\\BoundMethod::call()
#11 /home/samsonrollolocal/SeniorLink/seniorlink-api/vendor/laravel/lumen-framework/src/Concerns/RoutesRequests.php(391): Illuminate\\Container\\Container->call()
#12 /home/samsonrollolocal/SeniorLink/seniorlink-api/vendor/laravel/lumen-framework/src/Concerns/RoutesRequests.php(333): Laravel\\Lumen\\Application->callControllerCallable()
#13 /home/samsonrollolocal/SeniorLink/seniorlink-api/vendor/laravel/lumen-framework/src/Concerns/RoutesRequests.php(284): Laravel\\Lumen\\Application->callControllerAction()
#14 /home/samsonrollolocal/SeniorLink/seniorlink-api/vendor/laravel/lumen-framework/src/Concerns/RoutesRequests.php(269): Laravel\\Lumen\\Application->callActionOnArrayBasedRoute()
#15 /home/samsonrollolocal/SeniorLink/seniorlink-api/vendor/laravel/lumen-framework/src/Concerns/RoutesRequests.php(239): Laravel\\Lumen\\Application->handleFoundRoute()
#16 /home/samsonrollolocal/SeniorLink/seniorlink-api/vendor/laravel/lumen-framework/src/Concerns/RoutesRequests.php(174): Laravel\\Lumen\\Application->handleDispatcherResponse()
#17 /home/samsonrollolocal/SeniorLink/seniorlink-api/vendor/laravel/lumen-framework/src/Routing/Pipeline.php(48): Laravel\\Lumen\\Application->Laravel\\Lumen\\Concerns\\{closure}()
#18 /home/samsonrollolocal/SeniorLink/seniorlink-api/app/Http/Middleware/CorsMiddleware.php(20): Laravel\\Lumen\\Routing\\Pipeline->Laravel\\Lumen\\Routing\\{closure}()
#19 /home/samsonrollolocal/SeniorLink/seniorlink-api/vendor/illuminate/pipeline/Pipeline.php(183): App\\Http\\Middleware\\CorsMiddleware->handle()
#20 /home/samsonrollolocal/SeniorLink/seniorlink-api/vendor/laravel/lumen-framework/src/Routing/Pipeline.php(30): Illuminate\\Pipeline\\Pipeline->Illuminate\\Pipeline\\{closure}()
#21 /home/samsonrollolocal/SeniorLink/seniorlink-api/vendor/illuminate/pipeline/Pipeline.php(119): Laravel\\Lumen\\Routing\\Pipeline->Laravel\\Lumen\\Routing\\{closure}()
#22 /home/samsonrollolocal/SeniorLink/seniorlink-api/vendor/laravel/lumen-framework/src/Concerns/RoutesRequests.php(428): Illuminate\\Pipeline\\Pipeline->then()
#23 /home/samsonrollolocal/SeniorLink/seniorlink-api/vendor/laravel/lumen-framework/src/Concerns/RoutesRequests.php(167): Laravel\\Lumen\\Application->sendThroughPipeline()
#24 /home/samsonrollolocal/SeniorLink/seniorlink-api/vendor/laravel/lumen-framework/src/Concerns/RoutesRequests.php(112): Laravel\\Lumen\\Application->dispatch()
#25 /home/samsonrollolocal/SeniorLink/seniorlink-api/public/index.php(28): Laravel\\Lumen\\Application->run()
#26 {main}

[previous exception] [object] (PDOException(code: HY093): SQLSTATE[HY093]: Invalid parameter number at /home/samsonrollolocal/SeniorLink/seniorlink-api/vendor/illuminate/database/Connection.php:723)
[stacktrace]
#0 /home/samsonrollolocal/SeniorLink/seniorlink-api/vendor/illuminate/database/Connection.php(723): PDOStatement->bindValue()
#1 /home/samsonrollolocal/SeniorLink/seniorlink-api/vendor/illuminate/database/Connection.php(426): Illuminate\\Database\\Connection->bindValues()
#2 /home/samsonrollolocal/SeniorLink/seniorlink-api/vendor/illuminate/database/Connection.php(816): Illuminate\\Database\\Connection->Illuminate\\Database\\{closure}()
#3 /home/samsonrollolocal/SeniorLink/seniorlink-api/vendor/illuminate/database/Connection.php(783): Illuminate\\Database\\Connection->runQueryCallback()
#4 /home/samsonrollolocal/SeniorLink/seniorlink-api/vendor/illuminate/database/Connection.php(414): Illuminate\\Database\\Connection->run()
#5 /home/samsonrollolocal/SeniorLink/seniorlink-api/vendor/illuminate/database/DatabaseManager.php(509): Illuminate\\Database\\Connection->select()
#6 /home/samsonrollolocal/SeniorLink/seniorlink-api/vendor/illuminate/support/Facades/Facade.php(355): Illuminate\\Database\\DatabaseManager->__call()
#7 /home/samsonrollolocal/SeniorLink/seniorlink-api/app/Http/Controllers/BaseController.php(35): Illuminate\\Support\\Facades\\Facade::__callStatic()
#8 /home/samsonrollolocal/SeniorLink/seniorlink-api/app/Http/Controllers/TownController.php(93): App\\Http\\Controllers\\BaseController->generateReadResponse()
#9 /home/samsonrollolocal/SeniorLink/seniorlink-api/vendor/illuminate/container/BoundMethod.php(36): App\\Http\\Controllers\\TownController->read()
#10 /home/samsonrollolocal/SeniorLink/seniorlink-api/vendor/illuminate/container/Util.php(41): Illuminate\\Container\\BoundMethod::Illuminate\\Container\\{closure}()
#11 /home/samsonrollolocal/SeniorLink/seniorlink-api/vendor/illuminate/container/BoundMethod.php(93): Illuminate\\Container\\Util::unwrapIfClosure()
#12 /home/samsonrollolocal/SeniorLink/seniorlink-api/vendor/illuminate/container/BoundMethod.php(35): Illuminate\\Container\\BoundMethod::callBoundMethod()
#13 /home/samsonrollolocal/SeniorLink/seniorlink-api/vendor/illuminate/container/Container.php(662): Illuminate\\Container\\BoundMethod::call()
#14 /home/samsonrollolocal/SeniorLink/seniorlink-api/vendor/laravel/lumen-framework/src/Concerns/RoutesRequests.php(391): Illuminate\\Container\\Container->call()
#15 /home/samsonrollolocal/SeniorLink/seniorlink-api/vendor/laravel/lumen-framework/src/Concerns/RoutesRequests.php(333): Laravel\\Lumen\\Application->callControllerCallable()
#16 /home/samsonrollolocal/SeniorLink/seniorlink-api/vendor/laravel/lumen-framework/src/Concerns/RoutesRequests.php(284): Laravel\\Lumen\\Application->callControllerAction()
#17 /home/samsonrollolocal/SeniorLink/seniorlink-api/vendor/laravel/lumen-framework/src/Concerns/RoutesRequests.php(269): Laravel\\Lumen\\Application->callActionOnArrayBasedRoute()
#18 /home/samsonrollolocal/SeniorLink/seniorlink-api/vendor/laravel/lumen-framework/src/Concerns/RoutesRequests.php(239): Laravel\\Lumen\\Application->handleFoundRoute()
#19 /home/samsonrollolocal/SeniorLink/seniorlink-api/vendor/laravel/lumen-framework/src/Concerns/RoutesRequests.php(174): Laravel\\Lumen\\Application->handleDispatcherResponse()
#20 /home/samsonrollolocal/SeniorLink/seniorlink-api/vendor/laravel/lumen-framework/src/Routing/Pipeline.php(48): Laravel\\Lumen\\Application->Laravel\\Lumen\\Concerns\\{closure}()
#21 /home/samsonrollolocal/SeniorLink/seniorlink-api/app/Http/Middleware/CorsMiddleware.php(20): Laravel\\Lumen\\Routing\\Pipeline->Laravel\\Lumen\\Routing\\{closure}()
#22 /home/samsonrollolocal/SeniorLink/seniorlink-api/vendor/illuminate/pipeline/Pipeline.php(183): App\\Http\\Middleware\\CorsMiddleware->handle()
#23 /home/samsonrollolocal/SeniorLink/seniorlink-api/vendor/laravel/lumen-framework/src/Routing/Pipeline.php(30): Illuminate\\Pipeline\\Pipeline->Illuminate\\Pipeline\\{closure}()
#24 /home/samsonrollolocal/SeniorLink/seniorlink-api/vendor/illuminate/pipeline/Pipeline.php(119): Laravel\\Lumen\\Routing\\Pipeline->Laravel\\Lumen\\Routing\\{closure}()
#25 /home/samsonrollolocal/SeniorLink/seniorlink-api/vendor/laravel/lumen-framework/src/Concerns/RoutesRequests.php(428): Illuminate\\Pipeline\\Pipeline->then()
#26 /home/samsonrollolocal/SeniorLink/seniorlink-api/vendor/laravel/lumen-framework/src/Concerns/RoutesRequests.php(167): Laravel\\Lumen\\Application->sendThroughPipeline()
#27 /home/samsonrollolocal/SeniorLink/seniorlink-api/vendor/laravel/lumen-framework/src/Concerns/RoutesRequests.php(112): Laravel\\Lumen\\Application->dispatch()
#28 /home/samsonrollolocal/SeniorLink/seniorlink-api/public/index.php(28): Laravel\\Lumen\\Application->run()
#29 {main}
"} 
